#
# A fatal error has been detected by the Java Runtime Environment:
#
#  EXCEPTION_ACCESS_VIOLATION (0xc0000005) at pc=0x000001b964db1066, pid=24940, tid=0x0000000000002b34
#
# JRE version: OpenJDK Runtime Environment (Zulu 8.78.0.19-CA-win64) (8.0_412-b08) (build 1.8.0_412-b08)
# Java VM: OpenJDK 64-Bit Server VM (25.412-b08 mixed mode windows-amd64 compressed oops)
# Problematic frame:
# C  [OpenAL64.dll+0x11066]
#
# Failed to write core dump. Minidumps are not enabled by default on client versions of Windows
#
# If you would like to submit a bug report, please visit:
#   http://www.azul.com/support/
# The crash happened outside the Java Virtual Machine in native code.
# See problematic frame for where to report the bug.
#

---------------  T H R E A D  ---------------

Current thread (0x000001b961f6d000):  JavaThread "Thread-3" [_thread_in_native, id=11060, stack(0x0000000f8e300000,0x0000000f8e400000)]

siginfo: ExceptionCode=0xc0000005, reading address 0x000001b961604004

Registers:
RAX=0x0000000000000004, RBX=0x000001b964fc0090, RCX=0x000001b961604008, RDX=0x000001b961604004
RSP=0x0000000f8e3fee70, RBP=0x00000000000000ff, RSI=0x000001b961600e3c, RDI=0x0000000000000000
R8 =0x0000000000000c72, R9 =0x000001b961600e3c, R10=0x000001b945349d62, R11=0x000000007126acd0
R12=0x0000000000000001, R13=0x000001b966402670, R14=0x0000000f8e3ff010, R15=0x000001b961f6d000
RIP=0x000001b964db1066, EFLAGS=0x0000000000010202

Top of Stack: (sp=0x0000000f8e3fee70)
0x0000000f8e3fee70:   0000000000000000 000001b961f6d000
0x0000000f8e3fee80:   0000000f8e3ff010 000001b966402670
0x0000000f8e3fee90:   000001b966402670 0000000000000000
0x0000000f8e3feea0:   000001b961f6d000 0000000000000000
0x0000000f8e3feeb0:   0000000f8e3fefd8 00000000710fee9b
0x0000000f8e3feec0:   0000000f8e3feef0 000001b94538b88f
0x0000000f8e3feed0:   000001b961f6b610 000001b9599f6060
0x0000000f8e3feee0:   000001b961f6d000 0000000f8e3ff010
0x0000000f8e3feef0:   000001b966402670 0000000000000000
0x0000000f8e3fef00:   000001b961600e3c 00000000eab089d8
0x0000000f8e3fef10:   0000000f8e3fefd8 000001b964db248f
0x0000000f8e3fef20:   000001b964fc0090 000001b964fc0090
0x0000000f8e3fef30:   000000000000ac44 000001b900000004
0x0000000f8e3fef40:   0000000000000010 000001b945349d8e
0x0000000f8e3fef50:   000001b966402670 00000000eab089d8
0x0000000f8e3fef60:   0000000000000010 000001b945349a9b 

Instructions: (pc=0x000001b964db1066)
0x000001b964db1046:   41 2b ec 81 3a 03 00 02 00 75 09 8b 01 89 84 24
0x000001b964db1056:   c8 00 00 00 49 83 c0 02 48 83 c1 08 4a 8d 14 86
0x000001b964db1066:   39 3a 75 af 4c 8d 84 24 c0 00 00 00 48 8d 15 d7
0x000001b964db1076:   2b 03 00 33 c9 e8 58 5f 00 00 b8 40 1f 00 00 4c 


Register to memory mapping:

RAX=0x0000000000000004 is an unknown value
RBX=0x000001b964fc0090 is an unknown value
RCX=0x000001b961604008 is an unknown value
RDX=0x000001b961604004 is an unknown value
RSP=0x0000000f8e3fee70 is pointing into the stack for thread: 0x000001b961f6d000
RBP=0x00000000000000ff is an unknown value
RSI=0x000001b961600e3c is an unknown value
RDI=0x0000000000000000 is an unknown value
R8 =0x0000000000000c72 is an unknown value
R9 =0x000001b961600e3c is an unknown value
R10=0x000001b945349d62 is at code_begin+962 in an Interpreter codelet
method entry point (kind = native)  [0x000001b9453499a0, 0x000001b94534a440]  2720 bytes
R11=0x000000007126acd0 is an unknown value
R12=0x0000000000000001 is an unknown value
R13={method} {0x000001b966402678} 'nalcCreateContext' '(JJ)J' in 'org/lwjgl/openal/ALC10'
R14=0x0000000f8e3ff010 is pointing into the stack for thread: 0x000001b961f6d000
R15=0x000001b961f6d000 is a thread


Stack: [0x0000000f8e300000,0x0000000f8e400000],  sp=0x0000000f8e3fee70,  free space=1019k
Native frames: (J=compiled Java code, j=interpreted, Vv=VM code, C=native code)
C  [OpenAL64.dll+0x11066]
C  [OpenAL64.dll+0x1248f]
C  0x000001b945349d8e

Java frames: (J=compiled Java code, j=interpreted, Vv=VM code)
j  org.lwjgl.openal.ALC10.nalcCreateContext(JJ)J+0
j  org.lwjgl.openal.ALC10.alcCreateContext(Lorg/lwjgl/openal/ALCdevice;Ljava/nio/IntBuffer;)Lorg/lwjgl/openal/ALCcontext;+8
j  org.lwjgl.openal.AL.init(Ljava/lang/String;IIZZ)V+69
j  org.lwjgl.openal.AL.create(Ljava/lang/String;IIZZ)V+246
j  org.lwjgl.openal.AL.create(Ljava/lang/String;IIZ)V+5
j  org.lwjgl.openal.AL.create()V+6
j  paulscode.sound.libraries.LibraryLWJGLOpenAL.init()V+0
j  paulscode.sound.SoundSystem.CommandNewLibrary(Ljava/lang/Class;)V+273
j  paulscode.sound.SoundSystem.CommandQueue(Lpaulscode/sound/CommandObject;)Z+990
j  paulscode.sound.CommandThread.run()V+49
v  ~StubRoutines::call_stub

---------------  P R O C E S S  ---------------

Java Threads: ( => current thread )
  0x000001b961f90000 JavaThread "Thread-4" [_thread_blocked, id=21364, stack(0x0000000f8e400000,0x0000000f8e500000)]
=>0x000001b961f6d000 JavaThread "Thread-3" [_thread_in_native, id=11060, stack(0x0000000f8e300000,0x0000000f8e400000)]
  0x000001b943768800 JavaThread "DestroyJavaVM" [_thread_blocked, id=14276, stack(0x0000000f8b000000,0x0000000f8b100000)]
  0x000001b96184b000 JavaThread "Minecraft main thread" [_thread_blocked, id=23064, stack(0x0000000f8dd00000,0x0000000f8de00000)]
  0x000001b961828000 JavaThread "Timer hack thread" daemon [_thread_blocked, id=5404, stack(0x0000000f8dc00000,0x0000000f8dd00000)]
  0x000001b9617c2800 JavaThread "D3D Screen Updater" daemon [_thread_blocked, id=12788, stack(0x0000000f8db00000,0x0000000f8dc00000)]
  0x000001b961798800 JavaThread "AWT-EventQueue-0" [_thread_blocked, id=9708, stack(0x0000000f8da00000,0x0000000f8db00000)]
  0x000001b95b441000 JavaThread "AWT-Windows" daemon [_thread_in_native, id=25300, stack(0x0000000f8d500000,0x0000000f8d600000)]
  0x000001b95b436800 JavaThread "AWT-Shutdown" [_thread_blocked, id=24964, stack(0x0000000f8d400000,0x0000000f8d500000)]
  0x000001b95b433000 JavaThread "Java2D Disposer" daemon [_thread_blocked, id=24980, stack(0x0000000f8d300000,0x0000000f8d400000)]
  0x000001b959aed000 JavaThread "Service Thread" daemon [_thread_blocked, id=25304, stack(0x0000000f8d100000,0x0000000f8d200000)]
  0x000001b959a46000 JavaThread "C1 CompilerThread11" daemon [_thread_blocked, id=25332, stack(0x0000000f8d000000,0x0000000f8d100000)]
  0x000001b959a44800 JavaThread "C1 CompilerThread10" daemon [_thread_blocked, id=1280, stack(0x0000000f8cf00000,0x0000000f8d000000)]
  0x000001b959a33000 JavaThread "C1 CompilerThread9" daemon [_thread_blocked, id=25324, stack(0x0000000f8ce00000,0x0000000f8cf00000)]
  0x000001b959a12000 JavaThread "C1 CompilerThread8" daemon [_thread_blocked, id=25336, stack(0x0000000f8cd00000,0x0000000f8ce00000)]
  0x000001b959a08800 JavaThread "C2 CompilerThread7" daemon [_thread_blocked, id=25340, stack(0x0000000f8cc00000,0x0000000f8cd00000)]
  0x000001b959a05800 JavaThread "C2 CompilerThread6" daemon [_thread_blocked, id=13700, stack(0x0000000f8cb00000,0x0000000f8cc00000)]
  0x000001b9599fb000 JavaThread "C2 CompilerThread5" daemon [_thread_blocked, id=21500, stack(0x0000000f8ca00000,0x0000000f8cb00000)]
  0x000001b9599f5000 JavaThread "C2 CompilerThread4" daemon [_thread_blocked, id=8532, stack(0x0000000f8c900000,0x0000000f8ca00000)]
  0x000001b9599f1000 JavaThread "C2 CompilerThread3" daemon [_thread_blocked, id=18540, stack(0x0000000f8c800000,0x0000000f8c900000)]
  0x000001b9599ed000 JavaThread "C2 CompilerThread2" daemon [_thread_blocked, id=11328, stack(0x0000000f8c700000,0x0000000f8c800000)]
  0x000001b9599ec800 JavaThread "C2 CompilerThread1" daemon [_thread_blocked, id=25500, stack(0x0000000f8c600000,0x0000000f8c700000)]
  0x000001b9599f0800 JavaThread "C2 CompilerThread0" daemon [_thread_blocked, id=11320, stack(0x0000000f8c500000,0x0000000f8c600000)]
  0x000001b9599e0000 JavaThread "Attach Listener" daemon [_thread_blocked, id=21868, stack(0x0000000f8c400000,0x0000000f8c500000)]
  0x000001b95793e800 JavaThread "Signal Dispatcher" daemon [_thread_blocked, id=20092, stack(0x0000000f8c300000,0x0000000f8c400000)]
  0x000001b957925800 JavaThread "Finalizer" daemon [_thread_blocked, id=9996, stack(0x0000000f8c200000,0x0000000f8c300000)]
  0x000001b9599d4800 JavaThread "Reference Handler" daemon [_thread_blocked, id=1416, stack(0x0000000f8c100000,0x0000000f8c200000)]

Other Threads:
  0x000001b957917000 VMThread [stack: 0x0000000f8c000000,0x0000000f8c100000] [id=14944]
  0x000001b959ad2000 WatcherThread [stack: 0x0000000f8d200000,0x0000000f8d300000] [id=24976]

VM state:not at safepoint (normal execution)

VM Mutex/Monitor currently owned by a thread: None

heap address: 0x00000000c0000000, size: 1024 MB, Compressed Oops mode: 32-bit
Narrow klass base: 0x0000000000000000, Narrow klass shift: 3
Compressed class space size: 1073741824 Address: 0x0000000100000000

Heap:
 PSYoungGen      total 305664K, used 57672K [0x00000000eab00000, 0x0000000100000000, 0x0000000100000000)
  eden space 262144K, 22% used [0x00000000eab00000,0x00000000ee352188,0x00000000fab00000)
  from space 43520K, 0% used [0x00000000fd580000,0x00000000fd580000,0x0000000100000000)
  to   space 43520K, 0% used [0x00000000fab00000,0x00000000fab00000,0x00000000fd580000)
 ParOldGen       total 699392K, used 0K [0x00000000c0000000, 0x00000000eab00000, 0x00000000eab00000)
  object space 699392K, 0% used [0x00000000c0000000,0x00000000c0000000,0x00000000eab00000)
 Metaspace       used 10692K, capacity 10851K, committed 11008K, reserved 1058816K
  class space    used 1162K, capacity 1213K, committed 1280K, reserved 1048576K

Card table byte_map: [0x000001b9546f0000,0x000001b954900000] byte_map_base: 0x000001b9540f0000

Marking Bits: (ParMarkBitMap*) 0x00000000718563c0
 Begin Bits: [0x000001b954a60000, 0x000001b955a60000)
 End Bits:   [0x000001b955a60000, 0x000001b956a60000)

Polling page: 0x000001b9436c0000

CodeCache: size=245760Kb used=4335Kb max_used=4335Kb free=241424Kb
 bounds [0x000001b945330000, 0x000001b945770000, 0x000001b954330000]
 total_blobs=1210 nmethods=658 adapters=461
 compilation: enabled

Compilation events (10 events):
Event: 0.832 Thread 0x000001b959a33000  655       1       java.util.zip.ZStreamRef::address (5 bytes)
Event: 0.832 Thread 0x000001b959a33000 nmethod 655 0x000001b945767290 code [0x000001b9457673e0, 0x000001b9457674f8]
Event: 0.832 Thread 0x000001b959a46000  656       3       java.lang.ClassNotFoundException::<init> (7 bytes)
Event: 0.832 Thread 0x000001b959a46000 nmethod 656 0x000001b945767550 code [0x000001b9457676c0, 0x000001b945767910]
Event: 0.832 Thread 0x000001b959a46000  657       3       java.net.URL::toString (5 bytes)
Event: 0.832 Thread 0x000001b959a12000  658       3       java.net.URL::toExternalForm (9 bytes)
Event: 0.832 Thread 0x000001b959a44800  659       3       java.net.URLStreamHandler::toExternalForm (219 bytes)
Event: 0.832 Thread 0x000001b959a46000 nmethod 657 0x000001b945767a50 code [0x000001b945767bc0, 0x000001b945767eb0]
Event: 0.832 Thread 0x000001b959a12000 nmethod 658 0x000001b945767f90 code [0x000001b945768100, 0x000001b945768330]
Event: 0.833 Thread 0x000001b959a44800 nmethod 659 0x000001b945768410 code [0x000001b945768760, 0x000001b94576bd10]

GC Heap History (0 events):
No events

Deoptimization events (3 events):
Event: 0.080 Thread 0x000001b943768800 Uncommon trap: reason=loop_limit_check action=maybe_recompile pc=0x000001b945668ca4 method=java.lang.String.equals(Ljava/lang/Object;)Z @ 56
Event: 0.091 Thread 0x000001b943768800 Uncommon trap: reason=null_check action=make_not_entrant pc=0x000001b9456731f4 method=java.lang.String.equals(Ljava/lang/Object;)Z @ 8
Event: 0.292 Thread 0x000001b943768800 Uncommon trap: reason=loop_limit_check action=maybe_recompile pc=0x000001b9456b7c0c method=java.lang.String.indexOf([CII[CIII)I @ 79

Classes redefined (0 events):
No events

Internal exceptions (10 events):
Event: 0.089 Thread 0x000001b943768800 Exception <a 'java/lang/ClassNotFoundException': sun/dc/DuctusRenderingEngine> (0x00000000ead01010) thrown at [C:\jenkins\workspace\Zulu\zulu-platform-build\27969\zulu-src.git\hotspot\src\share\vm\classfile\systemDictionary.cpp, line 220]
Event: 0.091 Thread 0x000001b943768800 Implicit null exception at 0x000001b94567311b to 0x000001b9456731e5
Event: 0.097 Thread 0x000001b943768800 Exception <a 'java/io/FileNotFoundException'> (0x00000000ead16228) thrown at [C:\jenkins\workspace\Zulu\zulu-platform-build\27969\zulu-src.git\hotspot\src\share\vm\prims\jni.cpp, line 712]
Event: 0.820 Thread 0x000001b961f6d000 Exception <a 'java/lang/InterruptedException': sleep interrupted> (0x00000000ede33640) thrown at [C:\jenkins\workspace\Zulu\zulu-platform-build\27969\zulu-src.git\hotspot\src\share\vm\prims\jvm.cpp, line 3374]
Event: 0.824 Thread 0x000001b961f6d000 Exception <a 'java/security/PrivilegedActionException'> (0x00000000ede61cd0) thrown at [C:\jenkins\workspace\Zulu\zulu-platform-build\27969\zulu-src.git\hotspot\src\share\vm\prims\jvm.cpp, line 1514]
Event: 0.824 Thread 0x000001b961f6d000 Exception <a 'java/security/PrivilegedActionException'> (0x00000000ede638b8) thrown at [C:\jenkins\workspace\Zulu\zulu-platform-build\27969\zulu-src.git\hotspot\src\share\vm\prims\jvm.cpp, line 1514]
Event: 0.824 Thread 0x000001b961f6d000 Exception <a 'java/security/PrivilegedActionException'> (0x00000000ede649d8) thrown at [C:\jenkins\workspace\Zulu\zulu-platform-build\27969\zulu-src.git\hotspot\src\share\vm\prims\jvm.cpp, line 1514]
Event: 0.824 Thread 0x000001b961f6d000 Exception <a 'java/security/PrivilegedActionException'> (0x00000000ede69ba8) thrown at [C:\jenkins\workspace\Zulu\zulu-platform-build\27969\zulu-src.git\hotspot\src\share\vm\prims\jvm.cpp, line 1514]
Event: 0.824 Thread 0x000001b961f6d000 Exception <a 'java/security/PrivilegedActionException'> (0x00000000ede6a800) thrown at [C:\jenkins\workspace\Zulu\zulu-platform-build\27969\zulu-src.git\hotspot\src\share\vm\prims\jvm.cpp, line 1514]
Event: 0.824 Thread 0x000001b961f6d000 Exception <a 'java/security/PrivilegedActionException'> (0x00000000ede6b428) thrown at [C:\jenkins\workspace\Zulu\zulu-platform-build\27969\zulu-src.git\hotspot\src\share\vm\prims\jvm.cpp, line 1514]

Events (10 events):
Event: 0.827 loading class org/lwjgl/openal/ALC10
Event: 0.827 loading class org/lwjgl/openal/ALC10 done
Event: 0.832 loading class org/lwjgl/openal/ALCdevice
Event: 0.832 loading class org/lwjgl/openal/ALCdevice done
Event: 0.832 loading class org/lwjgl/openal/ALCcontext
Event: 0.832 loading class org/lwjgl/openal/ALCcontext done
Event: 0.832 loading class org/lwjgl/openal/Util
Event: 0.832 loading class org/lwjgl/openal/Util done
Event: 0.833 loading class org/lwjgl/openal/OpenALException
Event: 0.833 loading class org/lwjgl/openal/OpenALException done


Dynamic libraries:
0x00007ff70f430000 - 0x00007ff70f481000 	C:\Program Files\Zulu\zulu-8\bin\javaw.exe
0x00007ffb77b50000 - 0x00007ffb77d48000 	C:\Windows\SYSTEM32\ntdll.dll
0x00007ffb75f00000 - 0x00007ffb75fc1000 	C:\Windows\System32\KERNEL32.DLL
0x00007ffb75350000 - 0x00007ffb75646000 	C:\Windows\System32\KERNELBASE.dll
0x00007ffb76f60000 - 0x00007ffb77010000 	C:\Windows\System32\ADVAPI32.dll
0x00007ffb75fd0000 - 0x00007ffb7606e000 	C:\Windows\System32\msvcrt.dll
0x00007ffb762f0000 - 0x00007ffb76390000 	C:\Windows\System32\sechost.dll
0x00007ffb77010000 - 0x00007ffb77133000 	C:\Windows\System32\RPCRT4.dll
0x00007ffb75870000 - 0x00007ffb75897000 	C:\Windows\System32\bcrypt.dll
0x00007ffb75ba0000 - 0x00007ffb75d3f000 	C:\Windows\System32\USER32.dll
0x00007ffb75650000 - 0x00007ffb75672000 	C:\Windows\System32\win32u.dll
0x00007ffb76e40000 - 0x00007ffb76e6b000 	C:\Windows\System32\GDI32.dll
0x00007ffb75910000 - 0x00007ffb75a27000 	C:\Windows\System32\gdi32full.dll
0x00007ffb75a30000 - 0x00007ffb75acd000 	C:\Windows\System32\msvcp_win.dll
0x00007ffb75250000 - 0x00007ffb75350000 	C:\Windows\System32\ucrtbase.dll
0x00007ffb642d0000 - 0x00007ffb6456a000 	C:\Windows\WinSxS\amd64_microsoft.windows.common-controls_6595b64144ccf1df_6.0.19041.4355_none_60b8b9eb71f62e16\COMCTL32.dll
0x00007ffb766a0000 - 0x00007ffb766cf000 	C:\Windows\System32\IMM32.DLL
0x00007ffb4ca40000 - 0x00007ffb4ca55000 	C:\Program Files\Zulu\zulu-8\jre\bin\vcruntime140.dll
0x00007ffb42100000 - 0x00007ffb4219b000 	C:\Program Files\Zulu\zulu-8\jre\bin\msvcp140.dll
0x0000000071060000 - 0x00000000718d1000 	C:\Program Files\Zulu\zulu-8\jre\bin\server\jvm.dll
0x00007ffb76440000 - 0x00007ffb76448000 	C:\Windows\System32\PSAPI.DLL
0x00007ffb55770000 - 0x00007ffb55779000 	C:\Windows\SYSTEM32\WSOCK32.dll
0x00007ffb6a5c0000 - 0x00007ffb6a5e7000 	C:\Windows\SYSTEM32\WINMM.dll
0x00007ffb6bf20000 - 0x00007ffb6bf2a000 	C:\Windows\SYSTEM32\VERSION.dll
0x00007ffb77970000 - 0x00007ffb779db000 	C:\Windows\System32\WS2_32.dll
0x00007ffb739d0000 - 0x00007ffb739e2000 	C:\Windows\SYSTEM32\kernel.appcore.dll
0x00007ffb722f0000 - 0x00007ffb72300000 	C:\Program Files\Zulu\zulu-8\jre\bin\verify.dll
0x00007ffb64950000 - 0x00007ffb6497b000 	C:\Program Files\Zulu\zulu-8\jre\bin\java.dll
0x00007ffb692b0000 - 0x00007ffb692c8000 	C:\Program Files\Zulu\zulu-8\jre\bin\zip.dll
0x00007ffb766d0000 - 0x00007ffb76e3c000 	C:\Windows\System32\SHELL32.dll
0x00007ffb73220000 - 0x00007ffb739be000 	C:\Windows\SYSTEM32\windows.storage.dll
0x00007ffb77140000 - 0x00007ffb77493000 	C:\Windows\System32\combase.dll
0x00007ffb74ad0000 - 0x00007ffb74afe000 	C:\Windows\SYSTEM32\Wldp.dll
0x00007ffb76220000 - 0x00007ffb762ed000 	C:\Windows\System32\OLEAUT32.dll
0x00007ffb76390000 - 0x00007ffb7643d000 	C:\Windows\System32\SHCORE.dll
0x00007ffb761c0000 - 0x00007ffb76215000 	C:\Windows\System32\shlwapi.dll
0x00007ffb75130000 - 0x00007ffb75154000 	C:\Windows\SYSTEM32\profapi.dll
0x00007ffb3aa80000 - 0x00007ffb3ac14000 	C:\Program Files\Zulu\zulu-8\jre\bin\awt.dll
0x00007ffb723c0000 - 0x00007ffb72454000 	C:\Windows\SYSTEM32\apphelp.dll
0x00007ffb72b40000 - 0x00007ffb72b6f000 	C:\Windows\system32\DWMAPI.DLL
0x00007ffb72770000 - 0x00007ffb7280e000 	C:\Windows\system32\uxtheme.dll
0x00007ffb3c440000 - 0x00007ffb3c568000 	C:\Windows\system32\opengl32.dll
0x00007ffb4c790000 - 0x00007ffb4c7bc000 	C:\Windows\SYSTEM32\GLU32.dll
0x00007ffb76450000 - 0x00007ffb76564000 	C:\Windows\System32\MSCTF.dll
0x00007ffb76570000 - 0x00007ffb7669b000 	C:\Windows\System32\ole32.dll
0x00007ffb757e0000 - 0x00007ffb75862000 	C:\Windows\System32\bcryptPrimitives.dll
0x00007ffb32ba0000 - 0x00007ffb32d70000 	C:\Windows\system32\d3d9.dll
0x00007ffb6bcb0000 - 0x00007ffb6bd6e000 	C:\Windows\System32\DriverStore\FileRepository\nvltig.inf_amd64_d33e5d66e9434c3a\nvldumdx.dll
0x00007ffb74db0000 - 0x00007ffb74dc2000 	C:\Windows\SYSTEM32\msasn1.dll
0x00007ffb6b860000 - 0x00007ffb6b891000 	C:\Windows\SYSTEM32\cryptnet.dll
0x00007ffb75680000 - 0x00007ffb757de000 	C:\Windows\System32\CRYPT32.dll
0x00007ffb6bd70000 - 0x00007ffb6beb7000 	C:\Windows\SYSTEM32\drvstore.dll
0x00007ffb74f80000 - 0x00007ffb74fb3000 	C:\Windows\SYSTEM32\devobj.dll
0x00007ffb75200000 - 0x00007ffb7524e000 	C:\Windows\System32\cfgmgr32.dll
0x00007ffb74a40000 - 0x00007ffb74a4c000 	C:\Windows\SYSTEM32\cryptbase.dll
0x00007ffb758a0000 - 0x00007ffb75909000 	C:\Windows\System32\wintrust.dll
0x00007ffb75b80000 - 0x00007ffb75b9d000 	C:\Windows\System32\imagehlp.dll
0x00007ffb74b30000 - 0x00007ffb74b48000 	C:\Windows\SYSTEM32\CRYPTSP.dll
0x00007ffb74190000 - 0x00007ffb741c4000 	C:\Windows\system32\rsaenh.dll
0x00007ffb65f20000 - 0x00007ffb6813e000 	C:\Windows\System32\DriverStore\FileRepository\nvltig.inf_amd64_d33e5d66e9434c3a\nvgpucomp64.dll
0x00007ffb227f0000 - 0x00007ffb24b9f000 	C:\Windows\System32\DriverStore\FileRepository\nvltig.inf_amd64_d33e5d66e9434c3a\nvd3dumx.dll
0x00007ffad5a90000 - 0x00007ffad5b48000 	C:\Windows\SYSTEM32\d3d9on12.dll
0x00007ffb5b8d0000 - 0x00007ffb5b8f5000 	C:\Windows\SYSTEM32\d3d12.dll
0x00007ffb73a40000 - 0x00007ffb73b35000 	C:\Windows\SYSTEM32\dxgi.dll
0x00007ffb6f4d0000 - 0x00007ffb6f50b000 	C:\Windows\SYSTEM32\dxcore.dll
0x00007ffb3e8a0000 - 0x00007ffb3ea6d000 	C:\Windows\SYSTEM32\D3D12Core.dll
0x00007ffad5970000 - 0x00007ffad5a8c000 	C:\Windows\System32\DriverStore\FileRepository\iigd_dch.inf_amd64_f0d0eb9243852f17\igd12umd64.dll
0x00007ffac70b0000 - 0x00007ffacb46f000 	C:\Windows\System32\DriverStore\FileRepository\iigd_dch.inf_amd64_f0d0eb9243852f17\igd12um64xel.dll
0x00007ffb4c4a0000 - 0x00007ffb4c535000 	C:\Windows\System32\DriverStore\FileRepository\iigd_dch.inf_amd64_f0d0eb9243852f17\IntelControlLib.dll
0x00007ffaf6160000 - 0x00007ffaf65a0000 	C:\Windows\System32\DriverStore\FileRepository\iigd_dch.inf_amd64_f0d0eb9243852f17\igdgmm64.dll
0x00007ffae4e40000 - 0x00007ffae8eba000 	C:\Windows\System32\DriverStore\FileRepository\iigd_dch.inf_amd64_f0d0eb9243852f17\igc64.dll
0x00007ffb5b750000 - 0x00007ffb5b77b000 	C:\Windows\SYSTEM32\D3DSCache.dll
0x00007ffb750a0000 - 0x00007ffb750ce000 	C:\Windows\SYSTEM32\USERENV.dll
0x00007ffad5640000 - 0x00007ffad5962000 	C:\Windows\System32\DriverStore\FileRepository\iigd_dch.inf_amd64_f0d0eb9243852f17\igd12dxva64.dll
0x00007ffb77500000 - 0x00007ffb7796e000 	C:\Windows\System32\SETUPAPI.dll
0x00007ffac5d00000 - 0x00007ffac70aa000 	C:\Windows\System32\DriverStore\FileRepository\iigd_dch.inf_amd64_f0d0eb9243852f17\igddxvacommon64.dll
0x00007ffac3fd0000 - 0x00007ffac5cfd000 	C:\Windows\System32\DriverStore\FileRepository\iigd_dch.inf_amd64_f0d0eb9243852f17\media_bin_64.dll
0x00007ffad5610000 - 0x00007ffad5638000 	C:\Windows\System32\DriverStore\FileRepository\iigd_dch.inf_amd64_f0d0eb9243852f17\igdinfo64.dll
0x00007ffb739f0000 - 0x00007ffb73a13000 	C:\Windows\SYSTEM32\gpapi.dll
0x00007ffb31320000 - 0x00007ffb313c0000 	C:\Program Files\Zulu\zulu-8\jre\bin\freetype.dll
0x00007ffb47550000 - 0x00007ffb4759c000 	C:\Program Files\Zulu\zulu-8\jre\bin\fontmanager.dll
0x00007ffb635b0000 - 0x00007ffb636a9000 	C:\Windows\SYSTEM32\textinputframework.dll
0x00007ffb720b0000 - 0x00007ffb721a2000 	C:\Windows\System32\CoreMessaging.dll
0x00007ffb71d50000 - 0x00007ffb720ab000 	C:\Windows\System32\CoreUIComponents.dll
0x00007ffb74330000 - 0x00007ffb74363000 	C:\Windows\SYSTEM32\ntmarta.dll
0x00007ffb71680000 - 0x00007ffb717d7000 	C:\Windows\SYSTEM32\wintypes.dll
0x0000000180000000 - 0x0000000180053000 	C:\Users\penguin\Documents\test\retromcp\lib\client\natives\lwjgl64.dll
0x00007ffb6d4d0000 - 0x00007ffb6d57e000 	C:\Windows\SYSTEM32\mscms.dll
0x00007ffb6d730000 - 0x00007ffb6d741000 	C:\Windows\SYSTEM32\ColorAdapterClient.dll
0x00007ffb65da0000 - 0x00007ffb65da7000 	C:\Program Files\Zulu\zulu-8\jre\bin\jawt.dll
0x00007ffb779e0000 - 0x00007ffb77a89000 	C:\Windows\System32\clbcatq.dll
0x00007ffb6eee0000 - 0x00007ffb6efe3000 	C:\Windows\System32\AppXDeploymentClient.dll
0x00007ffb0d660000 - 0x00007ffb10304000 	C:\Windows\System32\DriverStore\FileRepository\nvltig.inf_amd64_d33e5d66e9434c3a\nvoglv64.dll
0x00007ffb70880000 - 0x00007ffb70894000 	C:\Windows\SYSTEM32\WTSAPI32.dll
0x00007ffb74b50000 - 0x00007ffb74b9b000 	C:\Windows\SYSTEM32\powrprof.dll
0x00007ffb74b10000 - 0x00007ffb74b22000 	C:\Windows\SYSTEM32\UMPDC.dll
0x00007ffb74220000 - 0x00007ffb7427b000 	C:\Windows\SYSTEM32\WINSTA.dll
0x000001b964da0000 - 0x000001b964e04000 	C:\Users\penguin\Documents\test\retromcp\lib\client\natives\OpenAL64.dll
0x00007ffb68870000 - 0x00007ffb688f5000 	C:\Windows\System32\MMDevApi.dll
0x00007ffb2eea0000 - 0x00007ffb2ef3c000 	C:\Windows\SYSTEM32\dsound.dll
0x00007ffb52d40000 - 0x00007ffb52d66000 	C:\Windows\SYSTEM32\winmmbase.dll
0x00007ffb50ff0000 - 0x00007ffb51171000 	C:\Windows\SYSTEM32\AUDIOSES.DLL
0x00007ffb72ef0000 - 0x00007ffb730d4000 	C:\Windows\SYSTEM32\dbghelp.dll

VM Arguments:
jvm_args: -Xmx1024M -Xms1024M -Djava.util.Arrays.useLegacyMergeSort=true -Dhttp.proxyHost=betacraft.uk -Dhttp.proxyPort=11702 -Djava.library.path=C:\Users\penguin\Documents\test\retromcp\lib\client\natives -Dfile.encoding=Cp1252 
java_command: Start
java_class_path (initial): C:\Users\penguin\Documents\test\retromcp\workspace\Client\bin;C:\Users\penguin\Documents\test\retromcp\lib\client\jinput.jar;C:\Users\penguin\Documents\test\retromcp\lib\client\lwjgl_util.jar;C:\Users\penguin\Documents\test\retromcp\lib\client\lwjgl.jar;C:\Users\penguin\Documents\test\retromcp\lib\client\minecraft.jar
Launcher Type: SUN_STANDARD

Environment Variables:
JAVA_HOME=C:\Program Files\Java\jdk-17
PATH=C:/Program Files/Zulu/zulu-8/bin/../jre/bin/server;C:/Program Files/Zulu/zulu-8/bin/../jre/bin;C:/Program Files/Zulu/zulu-8/bin/../jre/lib/amd64;C:\Program Files\ImageMagick-7.1.1-Q16-HDRI;C:\Windows\system32;C:\Windows\System32\Wbem;C:\Windows;C:\Windows\System32\WindowsPowerShell\v1.0\;C:\Windows\System32\OpenSSH\;C:\Program Files\Zulu\zulu-8\bin\;C:\tools\ruby33\bin;C:\ProgramData\Oracle\Java\javapath;%SystemRoot%\system32;%SystemRoot%\System32\Wbem;%SystemRoot%;%SystemRoot%\System32\WindowsPowerShell\v1.0\;%SystemRoot%\System32\OpenSSH\;C:\Program Files (x86)\VMware\VMware Workstation\bin\;C:\Program Files\Common Files\Oracle\Java\javapath;C:\Program Files (x86)\Common Files\Oracle\Java\java8path;C:\Program Files (x86)\Common Files\Oracle\Java\javapath;C:\ProgramData\chocolatey\bin;C:\Program Files\nodejs\;C:\Program Files\Git\cmd;C:\Program Files\Git LFS;C:\Program Files (x86)\Windows Kits\10\Windows Performance Toolkit\;C:\Program Files\dotnet\;C:\tools\winfetch;C:\Users\penguin\scoop\shims;C:\Users\penguin\AppData\Local\Programs\Python\Python312\Scripts\;C:\Users\penguin\AppData\Local\Programs\Python\Python312\;C:\Users\penguin\AppData\Local\Programs\Python\Launcher\;C:\Users\penguin\AppData\Local\Microsoft\WindowsApps;C:\Users\penguin\AppData\Local\Programs\Microsoft VS Code\bin;C:\Users\penguin\AppData\Roaming\npm;C:\Users\penguin\Downloads\libimobile-suite-latest_x86_64-mingw64.tar\libimobile-suite-latest_x86_64-mingw64;C:\Program Files\MongoDB\Server\7.3\bin;C:\Users\penguin\AppData\Local\GitHubDesktop\bin;C:\Users\penguin\Downloads\eclipse;
USERNAME=penguin
OS=Windows_NT
PROCESSOR_IDENTIFIER=Intel64 Family 6 Model 154 Stepping 3, GenuineIntel



---------------  S Y S T E M  ---------------

OS: Windows 10 , 64 bit Build 19041 (10.0.19041.4597)
HyperV virtualization detected

CPU:total 20 (initial active 20) (10 cores per cpu, 2 threads per core) family 6 model 154 stepping 3, cmov, cx8, fxsr, mmx, sse, sse2, sse3, ssse3, sse4.1, sse4.2, popcnt, avx, avx2, aes, clmul, erms, 3dnowpref, lzcnt, ht, tsc, tscinvbit, bmi1, bmi2, adx

Memory: 4k page, physical 16495096k(4503088k free), swap 42116120k(9456400k free)

vm_info: OpenJDK 64-Bit Server VM (25.412-b08) for windows-amd64 JRE (Zulu 8.78.0.19-CA-win64) (1.8.0_412-b08), built on Mar 28 2024 10:49:41 by "abrygin" with MS VC++ 15.9 (VS2017)

time: Sat Jul 27 12:05:43 2024
timezone: Eastern Daylight Time
elapsed time: 0.848244 seconds (0d 0h 0m 0s)

