#
# A fatal error has been detected by the Java Runtime Environment:
#
#  SIGSEGV (0xb) at pc=0x00007ff80a48d8af, pid=12252, tid=26119
#
# JRE version: OpenJDK Runtime Environment Temurin-17.0.8+7 (17.0.8+7) (build 17.0.8+7)
# Java VM: OpenJDK 64-Bit Server VM Temurin-17.0.8+7 (17.0.8+7, mixed mode, tiered, compressed oops, compressed class ptrs, g1 gc, bsd-amd64)
# Problematic frame:
# C  [libobjc.A.dylib+0x88af]  objc_release+0x1f
#
# No core dump will be written. Core dumps have been disabled. To enable core dumping, try "ulimit -c unlimited" before starting Java again
#
# If you would like to submit a bug report, please visit:
#   https://github.com/adoptium/adoptium-support/issues
# The crash happened outside the Java Virtual Machine in native code.
# See problematic frame for where to report the bug.
#

---------------  S U M M A R Y ------------

Command Line: -Djava.library.path=/Users/Erik/Desktop/testingIndev/GAME_FILES/libraries/natives -Dfile.encoding=UTF-8 -XX:+ShowCodeDetailsInExceptionMessages org.mcphackers.launchwrapper.Launch --username HatsuneMiku --sessionid - --gameDir minecraft_any/game --assetsDir minecraft_any/game/assets --resourcesProxyPort 11702 --skinProxy pre-b1.9-pre4

Host: "MacBookPro16,1" x86_64 2600 MHz, 12 cores, 16G, Darwin 23.5.0, macOS 10.16 (23F79)
Time: Wed Jul 24 15:04:15 2024 EDT elapsed time: 0.793900 seconds (0d 0h 0m 0s)

---------------  T H R E A D  ---------------

Current thread (0x00007fc36880aa00):  JavaThread "Minecraft main thread" [_thread_in_native, id=26119, stack(0x000070000a949000,0x000070000aa49000)]

Stack: [0x000070000a949000,0x000070000aa49000],  sp=0x000070000aa485a8,  free space=1021k
Native frames: (J=compiled Java code, j=interpreted, Vv=VM code, C=native code)
C  [libobjc.A.dylib+0x88af]  objc_release+0x1f
C  [libobjc.A.dylib+0x9520]  objc_autoreleasePoolPop+0xeb
C  [CoreFoundation+0x3c765]  _CFAutoreleasePoolPop+0x16
C  [Foundation+0x1d471]  -[NSAutoreleasePool release]+0x85
C  [liblwjgl.dylib+0x16cce]  Java_org_lwjgl_opengl_MacOSXContextImplementation_setView+0x10e
j  org.lwjgl.opengl.MacOSXContextImplementation.setView(Ljava/nio/ByteBuffer;Ljava/nio/ByteBuffer;)V+0
j  org.lwjgl.opengl.MacOSXContextImplementation.makeCurrent(Lorg/lwjgl/opengl/PeerInfo;Ljava/nio/ByteBuffer;)V+7
j  org.lwjgl.opengl.ContextGL.makeCurrent()V+46
j  org.lwjgl.opengl.DrawableGL.makeCurrent()V+14
j  org.lwjgl.opengl.Display.makeCurrent()V+3
j  org.lwjgl.opengl.Display.makeCurrentAndSetSwapInterval()V+0
j  org.lwjgl.opengl.Display.create(Lorg/lwjgl/opengl/PixelFormat;Lorg/lwjgl/opengl/Drawable;Lorg/lwjgl/opengl/ContextAttribs;)V+108
j  org.lwjgl.opengl.Display.create(Lorg/lwjgl/opengl/PixelFormat;)V+12
j  net.minecraft.client.Minecraft.run()V+119
j  java.lang.Thread.run()V+11 java.base@17.0.8
v  ~StubRoutines::call_stub
V  [libjvm.dylib+0x520e36]  JavaCalls::call_helper(JavaValue*, methodHandle const&, JavaCallArguments*, JavaThread*)+0x2b6
V  [libjvm.dylib+0x51fe97]  JavaCalls::call_virtual(JavaValue*, Klass*, Symbol*, Symbol*, JavaCallArguments*, JavaThread*)+0x147
V  [libjvm.dylib+0x51ff63]  JavaCalls::call_virtual(JavaValue*, Handle, Klass*, Symbol*, Symbol*, JavaThread*)+0x63
V  [libjvm.dylib+0x5ca7a4]  thread_entry(JavaThread*, JavaThread*)+0xb4
V  [libjvm.dylib+0xaacaff]  JavaThread::thread_main_inner()+0x14f
V  [libjvm.dylib+0xaaae6f]  Thread::call_run()+0xcf
V  [libjvm.dylib+0x8b3e9b]  thread_native_entry(Thread*)+0x14b
C  [libsystem_pthread.dylib+0x618b]  _pthread_start+0x63
C  [libsystem_pthread.dylib+0x1ae3]  thread_start+0xf

Java frames: (J=compiled Java code, j=interpreted, Vv=VM code)
j  org.lwjgl.opengl.MacOSXContextImplementation.setView(Ljava/nio/ByteBuffer;Ljava/nio/ByteBuffer;)V+0
j  org.lwjgl.opengl.MacOSXContextImplementation.makeCurrent(Lorg/lwjgl/opengl/PeerInfo;Ljava/nio/ByteBuffer;)V+7
j  org.lwjgl.opengl.ContextGL.makeCurrent()V+46
j  org.lwjgl.opengl.DrawableGL.makeCurrent()V+14
j  org.lwjgl.opengl.Display.makeCurrent()V+3
j  org.lwjgl.opengl.Display.makeCurrentAndSetSwapInterval()V+0
j  org.lwjgl.opengl.Display.create(Lorg/lwjgl/opengl/PixelFormat;Lorg/lwjgl/opengl/Drawable;Lorg/lwjgl/opengl/ContextAttribs;)V+108
j  org.lwjgl.opengl.Display.create(Lorg/lwjgl/opengl/PixelFormat;)V+12
j  net.minecraft.client.Minecraft.run()V+119
j  java.lang.Thread.run()V+11 java.base@17.0.8
v  ~StubRoutines::call_stub

siginfo: si_signo: 11 (SIGSEGV), si_code: 1 (SEGV_MAPERR), si_addr: 0x000069de5195b260

Register to memory mapping:

RAX=0x000069de5195b240 is an unknown value
RBX=0x00007fc36781a000 points into unknown readable memory: 0x4f545541a1a1a1a1 | a1 a1 a1 a1 41 55 54 4f
RCX=0x00007ffffffffff8 is an unknown value
RDX=0x000069de5195b240 is an unknown value
RSP=0x000070000aa485a8 is pointing into the stack for thread: 0x00007fc36880aa00
RBP=0x000070000aa485e0 is pointing into the stack for thread: 0x00007fc36880aa00
RSI=0x0100000000000000 is an unknown value
RDI=0x0000600001a5b240 points into unknown readable memory: 0x000069de5195b240 | 40 b2 95 51 de 69 00 00
R8 =0x0e3de000030604e7 is an unknown value
R9 =0x00000000ffffff00 is an unknown value
R10=0x00007ff84ddadc50: OBJC_CLASS_$___NSCFType+0 in /System/Library/Frameworks/CoreFoundation.framework/Versions/A/CoreFoundation at 0x00007ff80a8ba000
R11=0x00007ff80a907601: -[__NSCFType release]+0 in /System/Library/Frameworks/CoreFoundation.framework/Versions/A/CoreFoundation at 0x00007ff80a8ba000
R12=0xa3a3a3a3a3a3a3a3 is an unknown value
R13=0x0000000000000001 is an unknown value
R14=0x00007fc36781a078 points into unknown readable memory: 0x0000000000000000 | 00 00 00 00 00 00 00 00
R15=0x0000600001a5b240 points into unknown readable memory: 0x000069de5195b240 | 40 b2 95 51 de 69 00 00


Registers:
RAX=0x000069de5195b240, RBX=0x00007fc36781a000, RCX=0x00007ffffffffff8, RDX=0x000069de5195b240
RSP=0x000070000aa485a8, RBP=0x000070000aa485e0, RSI=0x0100000000000000, RDI=0x0000600001a5b240
R8 =0x0e3de000030604e7, R9 =0x00000000ffffff00, R10=0x00007ff84ddadc50, R11=0x00007ff80a907601
R12=0xa3a3a3a3a3a3a3a3, R13=0x0000000000000001, R14=0x00007fc36781a078, R15=0x0000600001a5b240
RIP=0x00007ff80a48d8af, EFLAGS=0x0000000000010202, ERR=0x0000000000000004
  TRAPNO=0x000000000000000e

Top of Stack: (sp=0x000070000aa485a8)
0x000070000aa485a8:   00007ff80a491147 f219381d7fcb0025
0x000070000aa485b8:   00007fc36781a078 0000600001a01a70
0x000070000aa485c8:   000000012fb43dc8 00007fc36781a000
0x000070000aa485d8:   00007fc36880acb0 000070000aa48600
0x000070000aa485e8:   00007ff80a48e520 00007fc36781a078
0x000070000aa485f8:   00007ff82a810499 000070000aa48620
0x000070000aa48608:   00007ff80a8f6765 f219381d7fcb0025
0x000070000aa48618:   0000600001a01a70 000070000aa48660
0x000070000aa48628:   00007ff80b8a6471 00007ff84d2575e0
0x000070000aa48638:   0000000000000000 f219381d7fcb0025
0x000070000aa48648:   000060000304d260 0000600001a389f0
0x000070000aa48658:   00007fc36880acb0 000070000aa48690
0x000070000aa48668:   00000001385e0cce 000000012fb43dd0
0x000070000aa48678:   0000000000000000 000070000aa48720
0x000070000aa48688:   00007fc36880aa00 000070000aa486f8
0x000070000aa48698:   000000011c27753a 000000012fb42e48
0x000070000aa486a8:   000000011c277276 000070000aa486b0
0x000070000aa486b8:   000000012fb43dc8 000070000aa48720
0x000070000aa486c8:   000000012fb44340 0000000000000000
0x000070000aa486d8:   000000070e5b8550 000000012fb43dd0
0x000070000aa486e8:   0000000000000000 000070000aa48718
0x000070000aa486f8:   000070000aa48770 000000011c27342b
0x000070000aa48708:   000000070e5b8550 000000011c274f78
0x000070000aa48718:   000000070e205cb0 000000070ea82758
0x000070000aa48728:   000070000aa48728 000000012fb43ccf
0x000070000aa48738:   000070000aa487a0 000000012fb44340
0x000070000aa48748:   0000000000000000 000000070e5b8550
0x000070000aa48758:   000000012fb43d40 000070000aa48718
0x000070000aa48768:   000070000aa48790 000070000aa48800
0x000070000aa48778:   000000011c27388f 0000000000000000
0x000070000aa48788:   000000070ea82758 000000070e205cb0
0x000070000aa48798:   000000070ea82698 000000070e5bc8d8 

Instructions: (pc=0x00007ff80a48d8af)
0x00007ff80a48d7af:   41 00 00 00 00 48 85 db 74 21 48 8b 3b 4c 8b 73
0x00007ff80a48d7bf:   08 48 85 ff 74 05 e8 48 fd ff ff 48 89 df e8 84
0x00007ff80a48d7cf:   5e 02 00 4c 89 f3 4d 85 f6 75 df 5b 41 5c 41 5e
0x00007ff80a48d7df:   41 5f 5d c3 4c 89 f7 e8 77 4d 02 00 48 89 c3 65
0x00007ff80a48d7ef:   8b 04 25 18 00 00 00 f0 44 0f b1 25 01 7e ba 41
0x00007ff80a48d7ff:   74 0c 48 8d 3d f8 7d ba 41 e8 f1 5e 02 00 48 89
0x00007ff80a48d80f:   df e8 09 5d 02 00 90 90 90 90 90 90 90 90 90 90
0x00007ff80a48d81f:   90 90 90 90 e9 04 00 00 00 90 90 90 90 40 f6 c7
0x00007ff80a48d82f:   01 75 4e 48 8b 07 a8 01 74 34 48 b9 00 00 00 00
0x00007ff80a48d83f:   00 00 00 01 48 89 c2 48 c1 ea 37 74 34 48 89 c2
0x00007ff80a48d84f:   48 01 ca 72 12 f0 48 0f b1 17 74 25 a8 01 75 e4
0x00007ff80a48d85f:   31 f6 e9 3a 3c 02 00 31 f6 e9 cb 72 00 00 48 b9
0x00007ff80a48d86f:   f8 ff ff ff ff 7f 00 00 48 21 c8 f6 40 1e 01 74
0x00007ff80a48d87f:   df 48 89 f8 c3 90 90 90 90 90 90 90 90 90 90 90
0x00007ff80a48d88f:   90 48 85 ff 74 6f 89 f8 83 e0 01 75 68 48 b9 f8
0x00007ff80a48d89f:   ff ff ff ff 7f 00 00 48 8b 07 48 89 c2 48 21 ca
0x00007ff80a48d8af:   48 8b 72 20 40 f6 c6 04 74 4c a8 01 74 67 48 ba
0x00007ff80a48d8bf:   00 00 00 00 00 00 80 00 48 be 00 00 00 00 00 00
0x00007ff80a48d8cf:   00 01 48 39 d0 72 2e 49 89 c0 49 29 f0 72 17 f0
0x00007ff80a48d8df:   4c 0f b1 07 74 1a a8 01 75 e8 31 f6 ba 01 00 00
0x00007ff80a48d8ef:   00 e9 87 37 02 00 be 01 00 00 00 e9 79 98 00 00
0x00007ff80a48d8ff:   49 39 d0 72 28 c3 66 83 7a 1e 00 79 0b 83 e6 02
0x00007ff80a48d90f:   74 06 f6 42 28 02 75 3b 48 8b 35 ca 12 f9 3f ff
0x00007ff80a48d91f:   25 ec f9 f8 3f f6 42 1e 01 74 bf eb d8 48 23 0f
0x00007ff80a48d92f:   0f b7 41 1e 0f ba e0 0c 48 8d 05 aa 11 f9 3f 48
0x00007ff80a48d93f:   8d 0d 43 11 f9 3f 48 0f 43 c8 48 8b 31 ff 25 be
0x00007ff80a48d94f:   f9 f8 3f 48 8b 05 77 47 ba 41 ff e0 90 90 90 90
0x00007ff80a48d95f:   90 90 90 90 90 90 90 90 90 90 90 e9 04 00 00 00
0x00007ff80a48d96f:   90 90 90 90 55 48 89 e5 53 50 48 89 fb f6 c3 01
0x00007ff80a48d97f:   75 21 48 b8 07 00 00 00 00 00 a0 00 48 23 03 48
0x00007ff80a48d98f:   83 f8 01 75 15 48 89 df 48 83 c4 08 5b 5d e9 b4
0x00007ff80a48d99f:   5c 02 00 48 83 c4 08 5b 5d c3 48 89 df e8 0c 00 


Stack slot to memory mapping:
stack at sp + 0 slots: 0x00007ff80a491147: _ZN19AutoreleasePoolPage12releaseUntilEPP11objc_object+0xb9 in /usr/lib/libobjc.A.dylib at 0x00007ff80a485000
stack at sp + 1 slots: 0xf219381d7fcb0025 is an unknown value
stack at sp + 2 slots: 0x00007fc36781a078 points into unknown readable memory: 0x0000000000000000 | 00 00 00 00 00 00 00 00
stack at sp + 3 slots: 0x0000600001a01a70 points into unknown readable memory: 0x011dfff84ddb3d11 | 11 3d db 4d f8 ff 1d 01
stack at sp + 4 slots: 0x000000012fb43dc8 is pointing into metadata
stack at sp + 5 slots: 0x00007fc36781a000 points into unknown readable memory: 0x4f545541a1a1a1a1 | a1 a1 a1 a1 41 55 54 4f
stack at sp + 6 slots: 0x00007fc36880acb0 points into unknown readable memory: 0x00000001112bb888 | 88 b8 2b 11 01 00 00 00
stack at sp + 7 slots: 0x000070000aa48600 is pointing into the stack for thread: 0x00007fc36880aa00


---------------  P R O C E S S  ---------------

Threads class SMR info:
_java_thread_list=0x000060000140aba0, length=17, elements={
0x00007fc36a8c0a00, 0x00007fc36a8c2c00, 0x00007fc36a8c5000, 0x00007fc367013800,
0x00007fc36703e400, 0x00007fc36703ea00, 0x00007fc368809c00, 0x00007fc36c809800,
0x00007fc36780f400, 0x00007fc369018000, 0x00007fc36780a000, 0x00007fc36886e600,
0x00007fc36880aa00, 0x00007fc36880b000, 0x00007fc369033e00, 0x00007fc368888200,
0x00007fc369017a00
}

Java Threads: ( => current thread )
  0x00007fc36a8c0a00 JavaThread "Reference Handler" daemon [_thread_blocked, id=18435, stack(0x000070000960d000,0x000070000970d000)]
  0x00007fc36a8c2c00 JavaThread "Finalizer" daemon [_thread_blocked, id=18691, stack(0x0000700009710000,0x0000700009810000)]
  0x00007fc36a8c5000 JavaThread "Signal Dispatcher" daemon [_thread_blocked, id=31235, stack(0x0000700009919000,0x0000700009a19000)]
  0x00007fc367013800 JavaThread "Service Thread" daemon [_thread_blocked, id=30723, stack(0x0000700009a1c000,0x0000700009b1c000)]
  0x00007fc36703e400 JavaThread "Monitor Deflation Thread" daemon [_thread_blocked, id=30467, stack(0x0000700009b1f000,0x0000700009c1f000)]
  0x00007fc36703ea00 JavaThread "C2 CompilerThread0" daemon [_thread_in_native, id=29955, stack(0x0000700009c22000,0x0000700009d22000)]
  0x00007fc368809c00 JavaThread "C1 CompilerThread0" daemon [_thread_blocked, id=23811, stack(0x0000700009d25000,0x0000700009e25000)]
  0x00007fc36c809800 JavaThread "Sweeper thread" daemon [_thread_blocked, id=29699, stack(0x0000700009e28000,0x0000700009f28000)]
  0x00007fc36780f400 JavaThread "Notification Thread" daemon [_thread_blocked, id=29187, stack(0x0000700009f2b000,0x000070000a02b000)]
  0x00007fc369018000 JavaThread "Common-Cleaner" daemon [_thread_blocked, id=24579, stack(0x000070000a131000,0x000070000a231000)]
  0x00007fc36780a000 JavaThread "C2 CompilerThread1" daemon [_thread_in_native, id=28419, stack(0x000070000a234000,0x000070000a334000)]
  0x00007fc36886e600 JavaThread "Timer hack thread" daemon [_thread_blocked, id=43271, stack(0x000070000a846000,0x000070000a946000)]
=>0x00007fc36880aa00 JavaThread "Minecraft main thread" [_thread_in_native, id=26119, stack(0x000070000a949000,0x000070000aa49000)]
  0x00007fc36880b000 JavaThread "DestroyJavaVM" [_thread_blocked, id=10499, stack(0x0000700008ef8000,0x0000700008ff8000)]
  0x00007fc369033e00 JavaThread "Java2D Disposer" daemon [_thread_blocked, id=32775, stack(0x000070000aa4c000,0x000070000ab4c000)]
  0x00007fc368888200 JavaThread "AppKit Thread" daemon [_thread_in_native, id=259, stack(0x00007ff7b08d1000,0x00007ff7b10d1000)]
  0x00007fc369017a00 JavaThread "AWT-Shutdown" [_thread_blocked, id=63495, stack(0x000070000ab4f000,0x000070000ac4f000)]

Other Threads:
  0x00007fc36ba04da0 VMThread "VM Thread" [stack: 0x000070000950a000,0x000070000960a000] [id=19459]
  0x00007fc366f1ea90 WatcherThread [stack: 0x000070000a02e000,0x000070000a12e000] [id=28931]
  0x00007fc368406420 GCTaskThread "GC Thread#0" [stack: 0x0000700008ffb000,0x00007000090fb000] [id=14339]
  0x00007fc366f23790 GCTaskThread "GC Thread#1" [stack: 0x000070000a337000,0x000070000a437000] [id=25091]
  0x00007fc366f23c10 GCTaskThread "GC Thread#2" [stack: 0x000070000a43a000,0x000070000a53a000] [id=27907]
  0x00007fc366f24090 GCTaskThread "GC Thread#3" [stack: 0x000070000a53d000,0x000070000a63d000] [id=25603]
  0x00007fc366f24510 GCTaskThread "GC Thread#4" [stack: 0x000070000a640000,0x000070000a740000] [id=27139]
  0x00007fc366f24990 GCTaskThread "GC Thread#5" [stack: 0x000070000a743000,0x000070000a843000] [id=26627]
  0x00007fc36a7042b0 ConcurrentGCThread "G1 Main Marker" [stack: 0x00007000090fe000,0x00007000091fe000] [id=14083]
  0x00007fc36a704b30 ConcurrentGCThread "G1 Conc#0" [stack: 0x0000700009201000,0x0000700009301000] [id=13315]
  0x00007fc36a707ba0 ConcurrentGCThread "G1 Refine#0" [stack: 0x0000700009304000,0x0000700009404000] [id=21251]
  0x00007fc368305550 ConcurrentGCThread "G1 Service" [stack: 0x0000700009407000,0x0000700009507000] [id=20739]

Threads with active compile tasks:
C2 CompilerThread0      806  863 %     4       org.objectweb.asm.ClassReader::readCode @ 2186 (5109 bytes)
C2 CompilerThread1      806  908       4       org.objectweb.asm.ClassReader::readConst (276 bytes)

VM state: not at safepoint (normal execution)

VM Mutex/Monitor currently owned by a thread: None

Heap address: 0x0000000700000000, size: 4096 MB, Compressed Oops mode: Zero based, Oop shift amount: 3

CDS archive(s) not mapped
Compressed class space mapped at: 0x0000000800000000-0x0000000840000000, reserved size: 1073741824
Narrow klass base: 0x0000000800000000, Narrow klass shift: 0, Narrow klass range: 0x40000000

GC Precious Log:
 CPUs: 12 total, 12 available
 Memory: 16384M
 Large Page Support: Disabled
 NUMA Support: Disabled
 Compressed Oops: Enabled (Zero based)
 Heap Region Size: 2M
 Heap Min Capacity: 8M
 Heap Initial Capacity: 256M
 Heap Max Capacity: 4G
 Pre-touch: Disabled
 Parallel Workers: 10
 Concurrent Workers: 3
 Concurrent Refinement Workers: 10
 Periodic GC: Disabled

Heap:
 garbage-first heap   total 262144K, used 29605K [0x0000000700000000, 0x0000000800000000)
  region size 2048K, 15 young (30720K), 2 survivors (4096K)
 Metaspace       used 12571K, committed 12800K, reserved 1114112K
  class space    used 1167K, committed 1280K, reserved 1048576K

Heap Regions: E=young(eden), S=young(survivor), O=old, HS=humongous(starts), HC=humongous(continues), CS=collection set, F=free, OA=open archive, CA=closed archive, TAMS=top-at-mark-start (previous, next)
|   0|0x0000000700000000, 0x00000007000e9400, 0x0000000700200000| 45%| O|  |TAMS 0x0000000700000000, 0x0000000700000000| Untracked 
|   1|0x0000000700200000, 0x0000000700200000, 0x0000000700400000|  0%| F|  |TAMS 0x0000000700200000, 0x0000000700200000| Untracked 
|   2|0x0000000700400000, 0x0000000700400000, 0x0000000700600000|  0%| F|  |TAMS 0x0000000700400000, 0x0000000700400000| Untracked 
|   3|0x0000000700600000, 0x0000000700600000, 0x0000000700800000|  0%| F|  |TAMS 0x0000000700600000, 0x0000000700600000| Untracked 
|   4|0x0000000700800000, 0x0000000700800000, 0x0000000700a00000|  0%| F|  |TAMS 0x0000000700800000, 0x0000000700800000| Untracked 
|   5|0x0000000700a00000, 0x0000000700a00000, 0x0000000700c00000|  0%| F|  |TAMS 0x0000000700a00000, 0x0000000700a00000| Untracked 
|   6|0x0000000700c00000, 0x0000000700c00000, 0x0000000700e00000|  0%| F|  |TAMS 0x0000000700c00000, 0x0000000700c00000| Untracked 
|   7|0x0000000700e00000, 0x0000000700e00000, 0x0000000701000000|  0%| F|  |TAMS 0x0000000700e00000, 0x0000000700e00000| Untracked 
|   8|0x0000000701000000, 0x0000000701000000, 0x0000000701200000|  0%| F|  |TAMS 0x0000000701000000, 0x0000000701000000| Untracked 
|   9|0x0000000701200000, 0x0000000701200000, 0x0000000701400000|  0%| F|  |TAMS 0x0000000701200000, 0x0000000701200000| Untracked 
|  10|0x0000000701400000, 0x0000000701400000, 0x0000000701600000|  0%| F|  |TAMS 0x0000000701400000, 0x0000000701400000| Untracked 
|  11|0x0000000701600000, 0x0000000701600000, 0x0000000701800000|  0%| F|  |TAMS 0x0000000701600000, 0x0000000701600000| Untracked 
|  12|0x0000000701800000, 0x0000000701800000, 0x0000000701a00000|  0%| F|  |TAMS 0x0000000701800000, 0x0000000701800000| Untracked 
|  13|0x0000000701a00000, 0x0000000701a00000, 0x0000000701c00000|  0%| F|  |TAMS 0x0000000701a00000, 0x0000000701a00000| Untracked 
|  14|0x0000000701c00000, 0x0000000701c00000, 0x0000000701e00000|  0%| F|  |TAMS 0x0000000701c00000, 0x0000000701c00000| Untracked 
|  15|0x0000000701e00000, 0x0000000701e00000, 0x0000000702000000|  0%| F|  |TAMS 0x0000000701e00000, 0x0000000701e00000| Untracked 
|  16|0x0000000702000000, 0x0000000702000000, 0x0000000702200000|  0%| F|  |TAMS 0x0000000702000000, 0x0000000702000000| Untracked 
|  17|0x0000000702200000, 0x0000000702200000, 0x0000000702400000|  0%| F|  |TAMS 0x0000000702200000, 0x0000000702200000| Untracked 
|  18|0x0000000702400000, 0x0000000702400000, 0x0000000702600000|  0%| F|  |TAMS 0x0000000702400000, 0x0000000702400000| Untracked 
|  19|0x0000000702600000, 0x0000000702600000, 0x0000000702800000|  0%| F|  |TAMS 0x0000000702600000, 0x0000000702600000| Untracked 
|  20|0x0000000702800000, 0x0000000702800000, 0x0000000702a00000|  0%| F|  |TAMS 0x0000000702800000, 0x0000000702800000| Untracked 
|  21|0x0000000702a00000, 0x0000000702a00000, 0x0000000702c00000|  0%| F|  |TAMS 0x0000000702a00000, 0x0000000702a00000| Untracked 
|  22|0x0000000702c00000, 0x0000000702c00000, 0x0000000702e00000|  0%| F|  |TAMS 0x0000000702c00000, 0x0000000702c00000| Untracked 
|  23|0x0000000702e00000, 0x0000000702e00000, 0x0000000703000000|  0%| F|  |TAMS 0x0000000702e00000, 0x0000000702e00000| Untracked 
|  24|0x0000000703000000, 0x0000000703000000, 0x0000000703200000|  0%| F|  |TAMS 0x0000000703000000, 0x0000000703000000| Untracked 
|  25|0x0000000703200000, 0x0000000703200000, 0x0000000703400000|  0%| F|  |TAMS 0x0000000703200000, 0x0000000703200000| Untracked 
|  26|0x0000000703400000, 0x0000000703400000, 0x0000000703600000|  0%| F|  |TAMS 0x0000000703400000, 0x0000000703400000| Untracked 
|  27|0x0000000703600000, 0x0000000703600000, 0x0000000703800000|  0%| F|  |TAMS 0x0000000703600000, 0x0000000703600000| Untracked 
|  28|0x0000000703800000, 0x0000000703800000, 0x0000000703a00000|  0%| F|  |TAMS 0x0000000703800000, 0x0000000703800000| Untracked 
|  29|0x0000000703a00000, 0x0000000703a00000, 0x0000000703c00000|  0%| F|  |TAMS 0x0000000703a00000, 0x0000000703a00000| Untracked 
|  30|0x0000000703c00000, 0x0000000703c00000, 0x0000000703e00000|  0%| F|  |TAMS 0x0000000703c00000, 0x0000000703c00000| Untracked 
|  31|0x0000000703e00000, 0x0000000703e00000, 0x0000000704000000|  0%| F|  |TAMS 0x0000000703e00000, 0x0000000703e00000| Untracked 
|  32|0x0000000704000000, 0x0000000704000000, 0x0000000704200000|  0%| F|  |TAMS 0x0000000704000000, 0x0000000704000000| Untracked 
|  33|0x0000000704200000, 0x0000000704200000, 0x0000000704400000|  0%| F|  |TAMS 0x0000000704200000, 0x0000000704200000| Untracked 
|  34|0x0000000704400000, 0x0000000704400000, 0x0000000704600000|  0%| F|  |TAMS 0x0000000704400000, 0x0000000704400000| Untracked 
|  35|0x0000000704600000, 0x0000000704600000, 0x0000000704800000|  0%| F|  |TAMS 0x0000000704600000, 0x0000000704600000| Untracked 
|  36|0x0000000704800000, 0x0000000704800000, 0x0000000704a00000|  0%| F|  |TAMS 0x0000000704800000, 0x0000000704800000| Untracked 
|  37|0x0000000704a00000, 0x0000000704a00000, 0x0000000704c00000|  0%| F|  |TAMS 0x0000000704a00000, 0x0000000704a00000| Untracked 
|  38|0x0000000704c00000, 0x0000000704c00000, 0x0000000704e00000|  0%| F|  |TAMS 0x0000000704c00000, 0x0000000704c00000| Untracked 
|  39|0x0000000704e00000, 0x0000000704e00000, 0x0000000705000000|  0%| F|  |TAMS 0x0000000704e00000, 0x0000000704e00000| Untracked 
|  40|0x0000000705000000, 0x0000000705000000, 0x0000000705200000|  0%| F|  |TAMS 0x0000000705000000, 0x0000000705000000| Untracked 
|  41|0x0000000705200000, 0x0000000705200000, 0x0000000705400000|  0%| F|  |TAMS 0x0000000705200000, 0x0000000705200000| Untracked 
|  42|0x0000000705400000, 0x0000000705400000, 0x0000000705600000|  0%| F|  |TAMS 0x0000000705400000, 0x0000000705400000| Untracked 
|  43|0x0000000705600000, 0x0000000705600000, 0x0000000705800000|  0%| F|  |TAMS 0x0000000705600000, 0x0000000705600000| Untracked 
|  44|0x0000000705800000, 0x0000000705800000, 0x0000000705a00000|  0%| F|  |TAMS 0x0000000705800000, 0x0000000705800000| Untracked 
|  45|0x0000000705a00000, 0x0000000705a00000, 0x0000000705c00000|  0%| F|  |TAMS 0x0000000705a00000, 0x0000000705a00000| Untracked 
|  46|0x0000000705c00000, 0x0000000705c00000, 0x0000000705e00000|  0%| F|  |TAMS 0x0000000705c00000, 0x0000000705c00000| Untracked 
|  47|0x0000000705e00000, 0x0000000705e00000, 0x0000000706000000|  0%| F|  |TAMS 0x0000000705e00000, 0x0000000705e00000| Untracked 
|  48|0x0000000706000000, 0x0000000706000000, 0x0000000706200000|  0%| F|  |TAMS 0x0000000706000000, 0x0000000706000000| Untracked 
|  49|0x0000000706200000, 0x0000000706200000, 0x0000000706400000|  0%| F|  |TAMS 0x0000000706200000, 0x0000000706200000| Untracked 
|  50|0x0000000706400000, 0x0000000706400000, 0x0000000706600000|  0%| F|  |TAMS 0x0000000706400000, 0x0000000706400000| Untracked 
|  51|0x0000000706600000, 0x0000000706600000, 0x0000000706800000|  0%| F|  |TAMS 0x0000000706600000, 0x0000000706600000| Untracked 
|  52|0x0000000706800000, 0x0000000706800000, 0x0000000706a00000|  0%| F|  |TAMS 0x0000000706800000, 0x0000000706800000| Untracked 
|  53|0x0000000706a00000, 0x0000000706a00000, 0x0000000706c00000|  0%| F|  |TAMS 0x0000000706a00000, 0x0000000706a00000| Untracked 
|  54|0x0000000706c00000, 0x0000000706c00000, 0x0000000706e00000|  0%| F|  |TAMS 0x0000000706c00000, 0x0000000706c00000| Untracked 
|  55|0x0000000706e00000, 0x0000000706e00000, 0x0000000707000000|  0%| F|  |TAMS 0x0000000706e00000, 0x0000000706e00000| Untracked 
|  56|0x0000000707000000, 0x0000000707000000, 0x0000000707200000|  0%| F|  |TAMS 0x0000000707000000, 0x0000000707000000| Untracked 
|  57|0x0000000707200000, 0x0000000707200000, 0x0000000707400000|  0%| F|  |TAMS 0x0000000707200000, 0x0000000707200000| Untracked 
|  58|0x0000000707400000, 0x0000000707400000, 0x0000000707600000|  0%| F|  |TAMS 0x0000000707400000, 0x0000000707400000| Untracked 
|  59|0x0000000707600000, 0x0000000707600000, 0x0000000707800000|  0%| F|  |TAMS 0x0000000707600000, 0x0000000707600000| Untracked 
|  60|0x0000000707800000, 0x0000000707800000, 0x0000000707a00000|  0%| F|  |TAMS 0x0000000707800000, 0x0000000707800000| Untracked 
|  61|0x0000000707a00000, 0x0000000707a00000, 0x0000000707c00000|  0%| F|  |TAMS 0x0000000707a00000, 0x0000000707a00000| Untracked 
|  62|0x0000000707c00000, 0x0000000707c00000, 0x0000000707e00000|  0%| F|  |TAMS 0x0000000707c00000, 0x0000000707c00000| Untracked 
|  63|0x0000000707e00000, 0x0000000707e00000, 0x0000000708000000|  0%| F|  |TAMS 0x0000000707e00000, 0x0000000707e00000| Untracked 
|  64|0x0000000708000000, 0x0000000708000000, 0x0000000708200000|  0%| F|  |TAMS 0x0000000708000000, 0x0000000708000000| Untracked 
|  65|0x0000000708200000, 0x0000000708200000, 0x0000000708400000|  0%| F|  |TAMS 0x0000000708200000, 0x0000000708200000| Untracked 
|  66|0x0000000708400000, 0x0000000708400000, 0x0000000708600000|  0%| F|  |TAMS 0x0000000708400000, 0x0000000708400000| Untracked 
|  67|0x0000000708600000, 0x0000000708600000, 0x0000000708800000|  0%| F|  |TAMS 0x0000000708600000, 0x0000000708600000| Untracked 
|  68|0x0000000708800000, 0x0000000708800000, 0x0000000708a00000|  0%| F|  |TAMS 0x0000000708800000, 0x0000000708800000| Untracked 
|  69|0x0000000708a00000, 0x0000000708a00000, 0x0000000708c00000|  0%| F|  |TAMS 0x0000000708a00000, 0x0000000708a00000| Untracked 
|  70|0x0000000708c00000, 0x0000000708c00000, 0x0000000708e00000|  0%| F|  |TAMS 0x0000000708c00000, 0x0000000708c00000| Untracked 
|  71|0x0000000708e00000, 0x0000000708e00000, 0x0000000709000000|  0%| F|  |TAMS 0x0000000708e00000, 0x0000000708e00000| Untracked 
|  72|0x0000000709000000, 0x0000000709000000, 0x0000000709200000|  0%| F|  |TAMS 0x0000000709000000, 0x0000000709000000| Untracked 
|  73|0x0000000709200000, 0x0000000709200000, 0x0000000709400000|  0%| F|  |TAMS 0x0000000709200000, 0x0000000709200000| Untracked 
|  74|0x0000000709400000, 0x0000000709400000, 0x0000000709600000|  0%| F|  |TAMS 0x0000000709400000, 0x0000000709400000| Untracked 
|  75|0x0000000709600000, 0x0000000709600000, 0x0000000709800000|  0%| F|  |TAMS 0x0000000709600000, 0x0000000709600000| Untracked 
|  76|0x0000000709800000, 0x0000000709800000, 0x0000000709a00000|  0%| F|  |TAMS 0x0000000709800000, 0x0000000709800000| Untracked 
|  77|0x0000000709a00000, 0x0000000709a00000, 0x0000000709c00000|  0%| F|  |TAMS 0x0000000709a00000, 0x0000000709a00000| Untracked 
|  78|0x0000000709c00000, 0x0000000709c00000, 0x0000000709e00000|  0%| F|  |TAMS 0x0000000709c00000, 0x0000000709c00000| Untracked 
|  79|0x0000000709e00000, 0x0000000709e00000, 0x000000070a000000|  0%| F|  |TAMS 0x0000000709e00000, 0x0000000709e00000| Untracked 
|  80|0x000000070a000000, 0x000000070a000000, 0x000000070a200000|  0%| F|  |TAMS 0x000000070a000000, 0x000000070a000000| Untracked 
|  81|0x000000070a200000, 0x000000070a200000, 0x000000070a400000|  0%| F|  |TAMS 0x000000070a200000, 0x000000070a200000| Untracked 
|  82|0x000000070a400000, 0x000000070a400000, 0x000000070a600000|  0%| F|  |TAMS 0x000000070a400000, 0x000000070a400000| Untracked 
|  83|0x000000070a600000, 0x000000070a600000, 0x000000070a800000|  0%| F|  |TAMS 0x000000070a600000, 0x000000070a600000| Untracked 
|  84|0x000000070a800000, 0x000000070a800000, 0x000000070aa00000|  0%| F|  |TAMS 0x000000070a800000, 0x000000070a800000| Untracked 
|  85|0x000000070aa00000, 0x000000070aa00000, 0x000000070ac00000|  0%| F|  |TAMS 0x000000070aa00000, 0x000000070aa00000| Untracked 
|  86|0x000000070ac00000, 0x000000070ac00000, 0x000000070ae00000|  0%| F|  |TAMS 0x000000070ac00000, 0x000000070ac00000| Untracked 
|  87|0x000000070ae00000, 0x000000070ae00000, 0x000000070b000000|  0%| F|  |TAMS 0x000000070ae00000, 0x000000070ae00000| Untracked 
|  88|0x000000070b000000, 0x000000070b000000, 0x000000070b200000|  0%| F|  |TAMS 0x000000070b000000, 0x000000070b000000| Untracked 
|  89|0x000000070b200000, 0x000000070b200000, 0x000000070b400000|  0%| F|  |TAMS 0x000000070b200000, 0x000000070b200000| Untracked 
|  90|0x000000070b400000, 0x000000070b400000, 0x000000070b600000|  0%| F|  |TAMS 0x000000070b400000, 0x000000070b400000| Untracked 
|  91|0x000000070b600000, 0x000000070b600000, 0x000000070b800000|  0%| F|  |TAMS 0x000000070b600000, 0x000000070b600000| Untracked 
|  92|0x000000070b800000, 0x000000070b800000, 0x000000070ba00000|  0%| F|  |TAMS 0x000000070b800000, 0x000000070b800000| Untracked 
|  93|0x000000070ba00000, 0x000000070ba00000, 0x000000070bc00000|  0%| F|  |TAMS 0x000000070ba00000, 0x000000070ba00000| Untracked 
|  94|0x000000070bc00000, 0x000000070bc00000, 0x000000070be00000|  0%| F|  |TAMS 0x000000070bc00000, 0x000000070bc00000| Untracked 
|  95|0x000000070be00000, 0x000000070be00000, 0x000000070c000000|  0%| F|  |TAMS 0x000000070be00000, 0x000000070be00000| Untracked 
|  96|0x000000070c000000, 0x000000070c000000, 0x000000070c200000|  0%| F|  |TAMS 0x000000070c000000, 0x000000070c000000| Untracked 
|  97|0x000000070c200000, 0x000000070c200000, 0x000000070c400000|  0%| F|  |TAMS 0x000000070c200000, 0x000000070c200000| Untracked 
|  98|0x000000070c400000, 0x000000070c400000, 0x000000070c600000|  0%| F|  |TAMS 0x000000070c400000, 0x000000070c400000| Untracked 
|  99|0x000000070c600000, 0x000000070c600000, 0x000000070c800000|  0%| F|  |TAMS 0x000000070c600000, 0x000000070c600000| Untracked 
| 100|0x000000070c800000, 0x000000070c800000, 0x000000070ca00000|  0%| F|  |TAMS 0x000000070c800000, 0x000000070c800000| Untracked 
| 101|0x000000070ca00000, 0x000000070ca00000, 0x000000070cc00000|  0%| F|  |TAMS 0x000000070ca00000, 0x000000070ca00000| Untracked 
| 102|0x000000070cc00000, 0x000000070cc00000, 0x000000070ce00000|  0%| F|  |TAMS 0x000000070cc00000, 0x000000070cc00000| Untracked 
| 103|0x000000070ce00000, 0x000000070ce00000, 0x000000070d000000|  0%| F|  |TAMS 0x000000070ce00000, 0x000000070ce00000| Untracked 
| 104|0x000000070d000000, 0x000000070d000000, 0x000000070d200000|  0%| F|  |TAMS 0x000000070d000000, 0x000000070d000000| Untracked 
| 105|0x000000070d200000, 0x000000070d200000, 0x000000070d400000|  0%| F|  |TAMS 0x000000070d200000, 0x000000070d200000| Untracked 
| 106|0x000000070d400000, 0x000000070d400000, 0x000000070d600000|  0%| F|  |TAMS 0x000000070d400000, 0x000000070d400000| Untracked 
| 107|0x000000070d600000, 0x000000070d600000, 0x000000070d800000|  0%| F|  |TAMS 0x000000070d600000, 0x000000070d600000| Untracked 
| 108|0x000000070d800000, 0x000000070d800000, 0x000000070da00000|  0%| F|  |TAMS 0x000000070d800000, 0x000000070d800000| Untracked 
| 109|0x000000070da00000, 0x000000070da00000, 0x000000070dc00000|  0%| F|  |TAMS 0x000000070da00000, 0x000000070da00000| Untracked 
| 110|0x000000070dc00000, 0x000000070dc00000, 0x000000070de00000|  0%| F|  |TAMS 0x000000070dc00000, 0x000000070dc00000| Untracked 
| 111|0x000000070de00000, 0x000000070de00000, 0x000000070e000000|  0%| F|  |TAMS 0x000000070de00000, 0x000000070de00000| Untracked 
| 112|0x000000070e000000, 0x000000070e000000, 0x000000070e200000|  0%| F|  |TAMS 0x000000070e000000, 0x000000070e000000| Untracked 
| 113|0x000000070e200000, 0x000000070e24bb20, 0x000000070e400000| 14%| E|  |TAMS 0x000000070e200000, 0x000000070e200000| Complete 
| 114|0x000000070e400000, 0x000000070e600000, 0x000000070e600000|100%| E|CS|TAMS 0x000000070e400000, 0x000000070e400000| Complete 
| 115|0x000000070e600000, 0x000000070e800000, 0x000000070e800000|100%| S|CS|TAMS 0x000000070e600000, 0x000000070e600000| Complete 
| 116|0x000000070e800000, 0x000000070ea00000, 0x000000070ea00000|100%| S|CS|TAMS 0x000000070e800000, 0x000000070e800000| Complete 
| 117|0x000000070ea00000, 0x000000070ec00000, 0x000000070ec00000|100%| E|CS|TAMS 0x000000070ea00000, 0x000000070ea00000| Complete 
| 118|0x000000070ec00000, 0x000000070ee00000, 0x000000070ee00000|100%| E|CS|TAMS 0x000000070ec00000, 0x000000070ec00000| Complete 
| 119|0x000000070ee00000, 0x000000070f000000, 0x000000070f000000|100%| E|CS|TAMS 0x000000070ee00000, 0x000000070ee00000| Complete 
| 120|0x000000070f000000, 0x000000070f200000, 0x000000070f200000|100%| E|CS|TAMS 0x000000070f000000, 0x000000070f000000| Complete 
| 121|0x000000070f200000, 0x000000070f400000, 0x000000070f400000|100%| E|CS|TAMS 0x000000070f200000, 0x000000070f200000| Complete 
| 122|0x000000070f400000, 0x000000070f600000, 0x000000070f600000|100%| E|CS|TAMS 0x000000070f400000, 0x000000070f400000| Complete 
| 123|0x000000070f600000, 0x000000070f800000, 0x000000070f800000|100%| E|CS|TAMS 0x000000070f600000, 0x000000070f600000| Complete 
| 124|0x000000070f800000, 0x000000070fa00000, 0x000000070fa00000|100%| E|CS|TAMS 0x000000070f800000, 0x000000070f800000| Complete 
| 125|0x000000070fa00000, 0x000000070fc00000, 0x000000070fc00000|100%| E|CS|TAMS 0x000000070fa00000, 0x000000070fa00000| Complete 
| 126|0x000000070fc00000, 0x000000070fe00000, 0x000000070fe00000|100%| E|CS|TAMS 0x000000070fc00000, 0x000000070fc00000| Complete 
| 127|0x000000070fe00000, 0x0000000710000000, 0x0000000710000000|100%| E|CS|TAMS 0x000000070fe00000, 0x000000070fe00000| Complete 

Card table byte_map: [0x000000010fc41000,0x0000000110441000] _byte_map_base: 0x000000010c441000

Marking Bits (Prev, Next): (CMBitMap*) 0x00007fc36a808210, (CMBitMap*) 0x00007fc36a808250
 Prev Bits: [0x0000000124533000, 0x0000000128533000)
 Next Bits: [0x0000000128533000, 0x000000012c533000)

Polling page: 0x000000010eec5000

Metaspace:

Usage:
  Non-class:     11.14 MB used.
      Class:      1.14 MB used.
       Both:     12.28 MB used.

Virtual space:
  Non-class space:       64.00 MB reserved,      11.25 MB ( 18%) committed,  1 nodes.
      Class space:        1.00 GB reserved,       1.25 MB ( <1%) committed,  1 nodes.
             Both:        1.06 GB reserved,      12.50 MB (  1%) committed. 

Chunk freelists:
   Non-Class:  4.72 MB
       Class:  14.72 MB
        Both:  19.44 MB

MaxMetaspaceSize: unlimited
CompressedClassSpaceSize: 1.00 GB
Initial GC threshold: 21.00 MB
Current GC threshold: 21.00 MB
CDS: off
MetaspaceReclaimPolicy: balanced
 - commit_granule_bytes: 65536.
 - commit_granule_words: 8192.
 - virtual_space_node_default_size: 8388608.
 - enlarge_chunks_in_place: 1.
 - new_chunks_are_fully_committed: 0.
 - uncommit_free_chunks: 1.
 - use_allocation_guard: 0.
 - handle_deallocations: 1.


Internal statistics:

num_allocs_failed_limit: 0.
num_arena_births: 62.
num_arena_deaths: 0.
num_vsnodes_births: 2.
num_vsnodes_deaths: 0.
num_space_committed: 200.
num_space_uncommitted: 0.
num_chunks_returned_to_freelist: 0.
num_chunks_taken_from_freelist: 167.
num_chunk_merges: 0.
num_chunk_splits: 104.
num_chunks_enlarged: 71.
num_inconsistent_stats: 0.

CodeHeap 'non-profiled nmethods': size=120028Kb used=449Kb max_used=449Kb free=119578Kb
 bounds [0x000000011c7fc000, 0x000000011ca6c000, 0x0000000123d33000]
CodeHeap 'profiled nmethods': size=120028Kb used=2031Kb max_used=2031Kb free=117996Kb
 bounds [0x0000000114d33000, 0x0000000114fa3000, 0x000000011c26a000]
CodeHeap 'non-nmethods': size=5704Kb used=1172Kb max_used=1250Kb free=4531Kb
 bounds [0x000000011c26a000, 0x000000011c4da000, 0x000000011c7fc000]
 total_blobs=1400 nmethods=925 adapters=389
 compilation: enabled
              stopped_count=0, restarted_count=0
 full_count=0

Compilation events (20 events):
Event: 0.768 Thread 0x00007fc368809c00  919       3       java.util.zip.ZipUtils::LOCSIG (6 bytes)
Event: 0.768 Thread 0x00007fc368809c00 nmethod 919 0x0000000114f27690 code [0x0000000114f27840, 0x0000000114f27b10]
Event: 0.769 Thread 0x00007fc368809c00  920       3       jdk.internal.ref.PhantomCleanable::clean (16 bytes)
Event: 0.769 Thread 0x00007fc368809c00 nmethod 920 0x0000000114f27c90 code [0x0000000114f27e60, 0x0000000114f28120]
Event: 0.769 Thread 0x00007fc368809c00  921       3       jdk.internal.ref.CleanerImpl$PhantomCleanableRef::performCleanup (10 bytes)
Event: 0.769 Thread 0x00007fc368809c00 nmethod 921 0x0000000114f28210 code [0x0000000114f283c0, 0x0000000114f285a0]
Event: 0.770 Thread 0x00007fc368809c00  923       3       java.util.Collections$SetFromMap::add (22 bytes)
Event: 0.770 Thread 0x00007fc368809c00 nmethod 923 0x0000000114f28690 code [0x0000000114f28840, 0x0000000114f28a80]
Event: 0.770 Thread 0x00007fc368809c00  924       1       java.net.JarURLConnection::getEntryName (5 bytes)
Event: 0.770 Thread 0x00007fc368809c00 nmethod 924 0x000000011c86c310 code [0x000000011c86c4a0, 0x000000011c86c570]
Event: 0.770 Thread 0x00007fc368809c00  925       3       sun.net.www.protocol.jar.JarFileFactory::urlKey (39 bytes)
Event: 0.771 Thread 0x00007fc368809c00 nmethod 925 0x0000000114f28b90 code [0x0000000114f28de0, 0x0000000114f29440]
Event: 0.771 Thread 0x00007fc368809c00  926       3       java.net.URLConnection::setUseCaches (10 bytes)
Event: 0.771 Thread 0x00007fc368809c00 nmethod 926 0x0000000114f29690 code [0x0000000114f29840, 0x0000000114f29ac0]
Event: 0.771 Thread 0x00007fc368809c00  927   !   3       sun.net.www.ParseUtil::decode (317 bytes)
Event: 0.773 Thread 0x00007fc368809c00 nmethod 927 0x0000000114f29c10 code [0x0000000114f2a160, 0x0000000114f2c900]
Event: 0.773 Thread 0x00007fc368809c00  928       3       sun.net.www.protocol.jar.JarURLConnection::getUseCaches (8 bytes)
Event: 0.773 Thread 0x00007fc368809c00 nmethod 928 0x0000000114f2da10 code [0x0000000114f2dbc0, 0x0000000114f2dda0]
Event: 0.773 Thread 0x00007fc368809c00  929  s    3       java.util.Hashtable::get (69 bytes)
Event: 0.774 Thread 0x00007fc368809c00 nmethod 929 0x0000000114f2de90 code [0x0000000114f2e080, 0x0000000114f2e5d0]

GC Heap History (2 events):
Event: 0.271 GC heap before
{Heap before GC invocations=0 (full 0):
 garbage-first heap   total 262144K, used 20480K [0x0000000700000000, 0x0000000800000000)
  region size 2048K, 11 young (22528K), 0 survivors (0K)
 Metaspace       used 7585K, committed 7808K, reserved 1114112K
  class space    used 637K, committed 768K, reserved 1048576K
}
Event: 0.274 GC heap after
{Heap after GC invocations=1 (full 0):
 garbage-first heap   total 262144K, used 5029K [0x0000000700000000, 0x0000000800000000)
  region size 2048K, 2 young (4096K), 2 survivors (4096K)
 Metaspace       used 7585K, committed 7808K, reserved 1114112K
  class space    used 637K, committed 768K, reserved 1048576K
}

Dll operation events (12 events):
Event: 0.005 Loaded shared library /Applications/Eclipse.app/Contents/Eclipse/plugins/org.eclipse.justj.openjdk.hotspot.jre.full.macosx.x86_64_17.0.8.v20230801-1951/jre/lib/libjava.dylib
Event: 0.079 Loaded shared library /Applications/Eclipse.app/Contents/Eclipse/plugins/org.eclipse.justj.openjdk.hotspot.jre.full.macosx.x86_64_17.0.8.v20230801-1951/jre/lib/libnio.dylib
Event: 0.086 Loaded shared library /Applications/Eclipse.app/Contents/Eclipse/plugins/org.eclipse.justj.openjdk.hotspot.jre.full.macosx.x86_64_17.0.8.v20230801-1951/jre/lib/libzip.dylib
Event: 0.092 Loaded shared library /Applications/Eclipse.app/Contents/Eclipse/plugins/org.eclipse.justj.openjdk.hotspot.jre.full.macosx.x86_64_17.0.8.v20230801-1951/jre/lib/libverify.dylib
Event: 0.099 Loaded shared library /Applications/Eclipse.app/Contents/Eclipse/plugins/org.eclipse.justj.openjdk.hotspot.jre.full.macosx.x86_64_17.0.8.v20230801-1951/jre/lib/libjimage.dylib
Event: 0.291 Loaded shared library /Applications/Eclipse.app/Contents/Eclipse/plugins/org.eclipse.justj.openjdk.hotspot.jre.full.macosx.x86_64_17.0.8.v20230801-1951/jre/lib/libawt.dylib
Event: 0.294 Loaded shared library /Applications/Eclipse.app/Contents/Eclipse/plugins/org.eclipse.justj.openjdk.hotspot.jre.full.macosx.x86_64_17.0.8.v20230801-1951/jre/lib/libawt_lwawt.dylib
Event: 0.413 Loaded shared library /Applications/Eclipse.app/Contents/Eclipse/plugins/org.eclipse.justj.openjdk.hotspot.jre.full.macosx.x86_64_17.0.8.v20230801-1951/jre/lib/libnet.dylib
Event: 0.450 Loaded shared library /Applications/Eclipse.app/Contents/Eclipse/plugins/org.eclipse.justj.openjdk.hotspot.jre.full.macosx.x86_64_17.0.8.v20230801-1951/jre/lib/libfontmanager.dylib
Event: 0.701 Loading shared library /Applications/Eclipse.app/Contents/Eclipse/plugins/org.eclipse.justj.openjdk.hotspot.jre.full.macosx.x86_64_17.0.8.v20230801-1951/jre/lib/liblwjgl.dylib failed, dlopen(/Applications/Eclipse.app/Contents/Eclipse/plugins/org.eclipse.j
Event: 0.701 Loading shared library /Applications/Eclipse.app/Contents/Eclipse/plugins/org.eclipse.justj.openjdk.hotspot.jre.full.macosx.x86_64_17.0.8.v20230801-1951/jre/lib/liblwjgl.jnilib failed, dlopen(/Applications/Eclipse.app/Contents/Eclipse/plugins/org.eclipse.
Event: 0.702 Loaded shared library /Users/Erik/Desktop/testingIndev/GAME_FILES/libraries/natives/liblwjgl.dylib

Deoptimization events (20 events):
Event: 0.428 Thread 0x00007fc36880aa00 Uncommon trap: trap_request=0xffffffbe fr.pc=0x000000011c843664 relative=0x0000000000001924
Event: 0.428 Thread 0x00007fc36880aa00 Uncommon trap: reason=profile_predicate action=maybe_recompile pc=0x000000011c843664 method=jdk.internal.jimage.ImageStringsReader.stringFromByteBufferMatches(Ljava/nio/ByteBuffer;ILjava/lang/String;I)I @ 19 c2
Event: 0.428 Thread 0x00007fc36880aa00 DEOPT PACKING pc=0x000000011c843664 sp=0x000070000aa481a0
Event: 0.428 Thread 0x00007fc36880aa00 DEOPT UNPACKING pc=0x000000011c2c0699 sp=0x000070000aa47f18 mode 2
Event: 0.428 Thread 0x00007fc36880aa00 Uncommon trap: trap_request=0xffffffbe fr.pc=0x000000011c843664 relative=0x0000000000001924
Event: 0.428 Thread 0x00007fc36880aa00 Uncommon trap: reason=profile_predicate action=maybe_recompile pc=0x000000011c843664 method=jdk.internal.jimage.ImageStringsReader.stringFromByteBufferMatches(Ljava/nio/ByteBuffer;ILjava/lang/String;I)I @ 19 c2
Event: 0.428 Thread 0x00007fc36880aa00 DEOPT PACKING pc=0x000000011c843664 sp=0x000070000aa481a0
Event: 0.428 Thread 0x00007fc36880aa00 DEOPT UNPACKING pc=0x000000011c2c0699 sp=0x000070000aa47f18 mode 2
Event: 0.428 Thread 0x00007fc36880aa00 Uncommon trap: trap_request=0xffffffbe fr.pc=0x000000011c843664 relative=0x0000000000001924
Event: 0.428 Thread 0x00007fc36880aa00 Uncommon trap: reason=profile_predicate action=maybe_recompile pc=0x000000011c843664 method=jdk.internal.jimage.ImageStringsReader.stringFromByteBufferMatches(Ljava/nio/ByteBuffer;ILjava/lang/String;I)I @ 19 c2
Event: 0.428 Thread 0x00007fc36880aa00 DEOPT PACKING pc=0x000000011c843664 sp=0x000070000aa481a0
Event: 0.428 Thread 0x00007fc36880aa00 DEOPT UNPACKING pc=0x000000011c2c0699 sp=0x000070000aa47f18 mode 2
Event: 0.442 Thread 0x00007fc36880aa00 Uncommon trap: trap_request=0xffffff45 fr.pc=0x000000011c8156e0 relative=0x0000000000000720
Event: 0.442 Thread 0x00007fc36880aa00 Uncommon trap: reason=unstable_if action=reinterpret pc=0x000000011c8156e0 method=org.objectweb.asm.ClassReader.readUtf(II[C)Ljava/lang/String; @ 41 c2
Event: 0.442 Thread 0x00007fc36880aa00 DEOPT PACKING pc=0x000000011c8156e0 sp=0x000070000aa46cb0
Event: 0.442 Thread 0x00007fc36880aa00 DEOPT UNPACKING pc=0x000000011c2c0699 sp=0x000070000aa46bc8 mode 2
Event: 0.442 Thread 0x00007fc36880aa00 Uncommon trap: trap_request=0xffffff45 fr.pc=0x000000011c8141f0 relative=0x00000000000005b0
Event: 0.442 Thread 0x00007fc36880aa00 Uncommon trap: reason=unstable_if action=reinterpret pc=0x000000011c8141f0 method=org.objectweb.asm.ClassReader.readUtf(II[C)Ljava/lang/String; @ 41 c2
Event: 0.442 Thread 0x00007fc36880aa00 DEOPT PACKING pc=0x000000011c8141f0 sp=0x000070000aa46bf0
Event: 0.442 Thread 0x00007fc36880aa00 DEOPT UNPACKING pc=0x000000011c2c0699 sp=0x000070000aa46bb8 mode 2

Classes unloaded (0 events):
No events

Classes redefined (0 events):
No events

Internal exceptions (5 events):
Event: 0.285 Thread 0x00007fc36701ec00 Exception <a 'java/lang/ClassNotFoundException'{0x000000070fc4aa08}: sun/awt/resources/spi/awtProvider> (0x000000070fc4aa08) 
thrown [src/hotspot/share/classfile/systemDictionary.cpp, line 256]
Event: 0.302 Thread 0x00007fc36701ec00 Exception <a 'java/io/FileNotFoundException'{0x000000070fc9eaf8}> (0x000000070fc9eaf8) 
thrown [src/hotspot/share/prims/jni.cpp, line 516]
Event: 0.307 Thread 0x00007fc36701ec00 Exception <a 'java/io/FileNotFoundException'{0x000000070fccb9b0}> (0x000000070fccb9b0) 
thrown [src/hotspot/share/prims/jni.cpp, line 516]
Event: 0.308 Thread 0x00007fc36701ec00 Exception <a 'java/lang/NoSuchMethodError'{0x000000070fccf440}: 'java.lang.Object java.lang.invoke.DirectMethodHandle$Holder.invokeStaticInit(java.lang.Object)'> (0x000000070fccf440) 
thrown [src/hotspot/share/interpreter/linkResolver.cpp, line 759]
Event: 0.448 Thread 0x00007fc36880aa00 Exception <a 'java/lang/ClassNotFoundException'{0x000000070ecce6d8}: sun/awt/resources/spi/awtosxProvider> (0x000000070ecce6d8) 
thrown [src/hotspot/share/classfile/systemDictionary.cpp, line 256]

VM Operations (12 events):
Event: 0.088 Executing VM operation: HandshakeAllThreads
Event: 0.088 Executing VM operation: HandshakeAllThreads done
Event: 0.221 Executing VM operation: HandshakeAllThreads
Event: 0.221 Executing VM operation: HandshakeAllThreads done
Event: 0.229 Executing VM operation: HandshakeAllThreads
Event: 0.229 Executing VM operation: HandshakeAllThreads done
Event: 0.271 Executing VM operation: G1CollectForAllocation
Event: 0.274 Executing VM operation: G1CollectForAllocation done
Event: 0.388 Executing VM operation: HandshakeAllThreads
Event: 0.388 Executing VM operation: HandshakeAllThreads done
Event: 0.748 Executing VM operation: HandshakeAllThreads
Event: 0.748 Executing VM operation: HandshakeAllThreads done

Events (20 events):
Event: 0.746 loading class sun/nio/cs/StandardCharsets$Cache
Event: 0.746 loading class sun/nio/cs/StandardCharsets$Cache done
Event: 0.747 loading class java/lang/Class$1
Event: 0.747 loading class java/lang/Class$1 done
Event: 0.747 loading class jdk/internal/access/foreign/MemorySegmentProxy
Event: 0.747 loading class jdk/internal/access/foreign/MemorySegmentProxy done
Event: 0.748 loading class java/nio/StringCharBuffer
Event: 0.748 loading class java/nio/StringCharBuffer done
Event: 0.748 loading class java/nio/charset/CoderResult
Event: 0.748 loading class java/nio/charset/CoderResult done
Event: 0.761 loading class java/awt/IllegalComponentStateException
Event: 0.761 loading class java/awt/IllegalComponentStateException done
Event: 0.761 loading class java/awt/GraphicsConfiguration
Event: 0.761 loading class java/awt/GraphicsConfiguration done
Event: 0.764 loading class jdk/internal/reflect/UnsafeQualifiedStaticIntegerFieldAccessorImpl
Event: 0.764 loading class jdk/internal/reflect/UnsafeQualifiedStaticIntegerFieldAccessorImpl done
Event: 0.768 loading class java/lang/Short$ShortCache
Event: 0.768 loading class java/lang/Short$ShortCache done
Event: 0.771 loading class java/lang/NumberFormatException
Event: 0.771 loading class java/lang/NumberFormatException done


Dynamic libraries:
0x000000010ee4c000 	/Applications/Eclipse.app/Contents/Eclipse/plugins/org.eclipse.justj.openjdk.hotspot.jre.full.macosx.x86_64_17.0.8.v20230801-1951/jre/lib/libjli.dylib
0x00007ff817a16000 	/usr/lib/libz.1.dylib
0x00007ff817af8000 	/usr/lib/libSystem.B.dylib
0x00007ff817af2000 	/usr/lib/system/libcache.dylib
0x00007ff817aae000 	/usr/lib/system/libcommonCrypto.dylib
0x00007ff817ad6000 	/usr/lib/system/libcompiler_rt.dylib
0x00007ff817acb000 	/usr/lib/system/libcopyfile.dylib
0x00007ff80a5be000 	/usr/lib/system/libcorecrypto.dylib
0x00007ff80a6b5000 	/usr/lib/system/libdispatch.dylib
0x00007ff80a85f000 	/usr/lib/system/libdyld.dylib
0x00007ff817ae8000 	/usr/lib/system/libkeymgr.dylib
0x00007ff817a8f000 	/usr/lib/system/libmacho.dylib
0x00007ff816dc4000 	/usr/lib/system/libquarantine.dylib
0x00007ff817ae6000 	/usr/lib/system/libremovefile.dylib
0x00007ff80fefa000 	/usr/lib/system/libsystem_asl.dylib
0x00007ff80a558000 	/usr/lib/system/libsystem_blocks.dylib
0x00007ff80a6ff000 	/usr/lib/system/libsystem_c.dylib
0x00007ff817ade000 	/usr/lib/system/libsystem_collections.dylib
0x00007ff815dc5000 	/usr/lib/system/libsystem_configuration.dylib
0x00007ff814df1000 	/usr/lib/system/libsystem_containermanager.dylib
0x00007ff8176e6000 	/usr/lib/system/libsystem_coreservices.dylib
0x00007ff80dab5000 	/usr/lib/system/libsystem_darwin.dylib
0x00007ffc24211000 	/usr/lib/system/libsystem_darwindirectory.dylib
0x00007ff817ae9000 	/usr/lib/system/libsystem_dnssd.dylib
0x00007ffc24215000 	/usr/lib/system/libsystem_eligibility.dylib
0x00007ff80a6fc000 	/usr/lib/system/libsystem_featureflags.dylib
0x00007ff80a88f000 	/usr/lib/system/libsystem_info.dylib
0x00007ff817a2a000 	/usr/lib/system/libsystem_m.dylib
0x00007ff80a675000 	/usr/lib/system/libsystem_malloc.dylib
0x00007ff80fe6e000 	/usr/lib/system/libsystem_networkextension.dylib
0x00007ff80df01000 	/usr/lib/system/libsystem_notify.dylib
0x00007ff815dc9000 	/usr/lib/system/libsystem_sandbox.dylib
0x00007ffc24218000 	/usr/lib/system/libsystem_sanitizers.dylib
0x00007ff817ae3000 	/usr/lib/system/libsystem_secinit.dylib
0x00007ff80a818000 	/usr/lib/system/libsystem_kernel.dylib
0x00007ff80a884000 	/usr/lib/system/libsystem_platform.dylib
0x00007ff80a853000 	/usr/lib/system/libsystem_pthread.dylib
0x00007ff811a9d000 	/usr/lib/system/libsystem_symptoms.dylib
0x00007ff80a5a4000 	/usr/lib/system/libsystem_trace.dylib
0x00007ff817aba000 	/usr/lib/system/libunwind.dylib
0x00007ff80a55c000 	/usr/lib/system/libxpc.dylib
0x00007ff80a802000 	/usr/lib/libc++abi.dylib
0x00007ff80a485000 	/usr/lib/libobjc.A.dylib
0x00007ff817ac3000 	/usr/lib/liboah.dylib
0x00007ff80a787000 	/usr/lib/libc++.1.dylib
0x00007ff825918000 	/System/Library/Frameworks/Cocoa.framework/Versions/A/Cocoa
0x00007ff80df66000 	/System/Library/Frameworks/AppKit.framework/Versions/C/AppKit
0x00007ff8111f3000 	/System/Library/Frameworks/CoreData.framework/Versions/A/CoreData
0x00007ff80b889000 	/System/Library/Frameworks/Foundation.framework/Versions/C/Foundation
0x00007ff80f395000 	/System/Library/PrivateFrameworks/UIFoundation.framework/Versions/A/UIFoundation
0x00007ffb18d55000 	/System/Library/PrivateFrameworks/CollectionViewCore.framework/Versions/A/CollectionViewCore
0x00007ff81f0e8000 	/System/Library/PrivateFrameworks/RemoteViewServices.framework/Versions/A/RemoteViewServices
0x00007ff8155cd000 	/System/Library/PrivateFrameworks/XCTTargetBootstrap.framework/Versions/A/XCTTargetBootstrap
0x00007ff81a4e6000 	/System/Library/PrivateFrameworks/InternationalSupport.framework/Versions/A/InternationalSupport
0x00007ff81a53a000 	/System/Library/PrivateFrameworks/UserActivity.framework/Versions/A/UserActivity
0x00007ffc1b81a000 	/System/Library/PrivateFrameworks/WindowManagement.framework/Versions/A/WindowManagement
0x00007ff80b538000 	/System/Library/Frameworks/SystemConfiguration.framework/Versions/A/SystemConfiguration
0x00007ff819854000 	/usr/lib/libspindump.dylib
0x00007ff80f572000 	/System/Library/Frameworks/UniformTypeIdentifiers.framework/Versions/A/UniformTypeIdentifiers
0x00007ff8135ba000 	/usr/lib/libapp_launch_measurement.dylib
0x00007ff812746000 	/System/Library/PrivateFrameworks/CoreAnalytics.framework/Versions/A/CoreAnalytics
0x00007ff8135bd000 	/System/Library/PrivateFrameworks/CoreAutoLayout.framework/Versions/A/CoreAutoLayout
0x00007ff814e39000 	/System/Library/Frameworks/Metal.framework/Versions/A/Metal
0x00007ff815dd5000 	/usr/lib/liblangid.dylib
0x00007ff8155d2000 	/System/Library/PrivateFrameworks/CoreSVG.framework/Versions/A/CoreSVG
0x00007ff80ff2f000 	/System/Library/PrivateFrameworks/SkyLight.framework/Versions/A/SkyLight
0x00007ff810391000 	/System/Library/Frameworks/CoreGraphics.framework/Versions/A/CoreGraphics
0x00007ff81f7bc000 	/System/Library/Frameworks/Accelerate.framework/Versions/A/Accelerate
0x00007ff8196b4000 	/System/Library/PrivateFrameworks/IconServices.framework/Versions/A/IconServices
0x00007ff814e1a000 	/System/Library/Frameworks/IOSurface.framework/Versions/A/IOSurface
0x00007ff812772000 	/usr/lib/libDiagnosticMessagesClient.dylib
0x00007ff8231e9000 	/System/Library/Frameworks/ApplicationServices.framework/Versions/A/ApplicationServices
0x00007ff8155ba000 	/System/Library/PrivateFrameworks/DFRFoundation.framework/Versions/A/DFRFoundation
0x00007ff80d814000 	/usr/lib/libicucore.A.dylib
0x00007ff81b488000 	/System/Library/Frameworks/AudioToolbox.framework/Versions/A/AudioToolbox
0x00007ff81a4f5000 	/System/Library/PrivateFrameworks/DataDetectorsCore.framework/Versions/A/DataDetectorsCore
0x00007ff9145b2000 	/System/Library/PrivateFrameworks/TextInput.framework/Versions/A/TextInput
0x00007ff80fe88000 	/usr/lib/libMobileGestalt.dylib
0x00007ff81531f000 	/System/Library/Frameworks/Carbon.framework/Versions/A/Frameworks/HIToolbox.framework/Versions/A/HIToolbox
0x00007ff812f16000 	/System/Library/Frameworks/QuartzCore.framework/Versions/A/QuartzCore
0x00007ff80d466000 	/System/Library/Frameworks/Security.framework/Versions/A/Security
0x00007ff81f120000 	/System/Library/Frameworks/Carbon.framework/Versions/A/Frameworks/SpeechRecognition.framework/Versions/A/SpeechRecognition
0x00007ff8132ed000 	/System/Library/PrivateFrameworks/CoreUI.framework/Versions/A/CoreUI
0x00007ff80cd3a000 	/System/Library/Frameworks/CoreAudio.framework/Versions/A/CoreAudio
0x00007ff812852000 	/System/Library/Frameworks/DiskArbitration.framework/Versions/A/DiskArbitration
0x00007ff819c8b000 	/System/Library/PrivateFrameworks/MultitouchSupport.framework/Versions/A/MultitouchSupport
0x00007ff80fe87000 	/usr/lib/libenergytrace.dylib
0x00007ff829d1d000 	/System/Library/PrivateFrameworks/RenderBox.framework/Versions/A/RenderBox
0x00007ff80de3d000 	/System/Library/Frameworks/IOKit.framework/Versions/A/IOKit
0x00007ff81f4f4000 	/System/Library/Frameworks/CoreServices.framework/Versions/A/CoreServices
0x00007ff813552000 	/System/Library/PrivateFrameworks/PerformanceAnalysis.framework/Versions/A/PerformanceAnalysis
0x00007ffa26fe7000 	/System/Library/Frameworks/OpenGL.framework/Versions/A/OpenGL
0x00007ff813606000 	/usr/lib/libxml2.2.dylib
0x00007ff816ce9000 	/System/Library/PrivateFrameworks/MobileKeyBag.framework/Versions/A/MobileKeyBag
0x00007ff81f470000 	/System/Library/Frameworks/Accessibility.framework/Versions/A/Accessibility
0x00007ff810b4d000 	/System/Library/Frameworks/ColorSync.framework/Versions/A/ColorSync
0x00007ff80a8ba000 	/System/Library/Frameworks/CoreFoundation.framework/Versions/A/CoreFoundation
0x00007ff815942000 	/System/Library/Frameworks/CoreImage.framework/Versions/A/CoreImage
0x00007ff80cb33000 	/System/Library/Frameworks/CoreText.framework/Versions/A/CoreText
0x00007ffb0f04f000 	/System/Library/Frameworks/CoreTransferable.framework/Versions/A/CoreTransferable
0x00007ffb0f454000 	/System/Library/Frameworks/DeveloperToolsSupport.framework/Versions/A/DeveloperToolsSupport
0x00007ff81560b000 	/System/Library/Frameworks/ImageIO.framework/Versions/A/ImageIO
0x00007ffb136ee000 	/System/Library/Frameworks/Symbols.framework/Versions/A/Symbols
0x00007ff817afd000 	/System/Library/PrivateFrameworks/SoftLinking.framework/Versions/A/SoftLinking
0x00007ff81aef8000 	/usr/lib/swift/libswiftCore.dylib
0x00007ff911177000 	/usr/lib/swift/libswiftCoreFoundation.dylib
0x00007ff90edd3000 	/usr/lib/swift/libswiftCoreGraphics.dylib
0x00007ff9111b5000 	/usr/lib/swift/libswiftCoreImage.dylib
0x00007ff90edda000 	/usr/lib/swift/libswiftDarwin.dylib
0x00007ff820e60000 	/usr/lib/swift/libswiftDispatch.dylib
0x00007ff9111b6000 	/usr/lib/swift/libswiftIOKit.dylib
0x00007ff91d202000 	/usr/lib/swift/libswiftMetal.dylib
0x00007ffa0a850000 	/usr/lib/swift/libswiftOSLog.dylib
0x00007ff823655000 	/usr/lib/swift/libswiftObjectiveC.dylib
0x00007ff9217a8000 	/usr/lib/swift/libswiftQuartzCore.dylib
0x00007ff9258b1000 	/usr/lib/swift/libswiftUniformTypeIdentifiers.dylib
0x00007ff911187000 	/usr/lib/swift/libswiftXPC.dylib
0x00007ffc23ee3000 	/usr/lib/swift/libswift_Concurrency.dylib
0x00007ff823659000 	/usr/lib/swift/libswiftos.dylib
0x00007ff914514000 	/usr/lib/swift/libswiftsimd.dylib
0x00007ff817c97000 	/usr/lib/libcompression.dylib
0x00007ff81a426000 	/System/Library/PrivateFrameworks/TextureIO.framework/Versions/A/TextureIO
0x00007ff819357000 	/usr/lib/libate.dylib
0x00007ff8190ff000 	/usr/lib/liblzma.5.dylib
0x00007ff817afa000 	/usr/lib/libfakelink.dylib
0x00007ff80fabf000 	/System/Library/Frameworks/CFNetwork.framework/Versions/A/CFNetwork
0x00007ff817b4c000 	/usr/lib/libarchive.2.dylib
0x00007ff81d369000 	/System/Library/Frameworks/Combine.framework/Versions/A/Combine
0x00007ffb18d6a000 	/System/Library/PrivateFrameworks/CollectionsInternal.framework/Versions/A/CollectionsInternal
0x00007ffc0ea01000 	/System/Library/PrivateFrameworks/ReflectionInternal.framework/Versions/A/ReflectionInternal
0x00007ffc0ef80000 	/System/Library/PrivateFrameworks/RuntimeInternal.framework/Versions/A/RuntimeInternal
0x00007ffc2401e000 	/usr/lib/swift/libswift_StringProcessing.dylib
0x00007ff80ddbb000 	/System/Library/PrivateFrameworks/CoreServicesInternal.framework/Versions/A/CoreServicesInternal
0x00007ff816de9000 	/usr/lib/libbsm.0.dylib
0x00007ff817a95000 	/usr/lib/system/libkxld.dylib
0x00007ff813585000 	/System/Library/Frameworks/CoreServices.framework/Versions/A/Frameworks/FSEvents.framework/Versions/A/FSEvents
0x00007ff80dac0000 	/System/Library/Frameworks/CoreServices.framework/Versions/A/Frameworks/CarbonCore.framework/Versions/A/CarbonCore
0x00007ff8127ba000 	/System/Library/Frameworks/CoreServices.framework/Versions/A/Frameworks/Metadata.framework/Versions/A/Metadata
0x00007ff8176ec000 	/System/Library/Frameworks/CoreServices.framework/Versions/A/Frameworks/OSServices.framework/Versions/A/OSServices
0x00007ff817bd5000 	/System/Library/Frameworks/CoreServices.framework/Versions/A/Frameworks/SearchKit.framework/Versions/A/SearchKit
0x00007ff811a23000 	/System/Library/Frameworks/CoreServices.framework/Versions/A/Frameworks/AE.framework/Versions/A/AE
0x00007ff80ad55000 	/System/Library/Frameworks/CoreServices.framework/Versions/A/Frameworks/LaunchServices.framework/Versions/A/LaunchServices
0x00007ff8190b0000 	/System/Library/Frameworks/CoreServices.framework/Versions/A/Frameworks/DictionaryServices.framework/Versions/A/DictionaryServices
0x00007ff813592000 	/System/Library/Frameworks/CoreServices.framework/Versions/A/Frameworks/SharedFileList.framework/Versions/A/SharedFileList
0x00007ff817c60000 	/usr/lib/libapple_nghttp2.dylib
0x00007ff81168f000 	/usr/lib/libsqlite3.dylib
0x00007ff811aa5000 	/System/Library/Frameworks/Network.framework/Versions/A/Network
0x00007ffc22893000 	/usr/lib/libCoreEntitlements.dylib
0x00007ffb2a1de000 	/System/Library/PrivateFrameworks/MessageSecurity.framework/Versions/A/MessageSecurity
0x00007ff811676000 	/System/Library/PrivateFrameworks/ProtocolBuffer.framework/Versions/A/ProtocolBuffer
0x00007ff817609000 	/System/Library/PrivateFrameworks/AppleFSCompression.framework/Versions/A/AppleFSCompression
0x00007ff816dd1000 	/usr/lib/libcoretls.dylib
0x00007ff81911e000 	/usr/lib/libcoretls_cfhelpers.dylib
0x00007ff817c91000 	/usr/lib/libpam.2.dylib
0x00007ff819197000 	/usr/lib/libxar.1.dylib
0x00007ff81968d000 	/usr/lib/libheimdal-asn1.dylib
0x00007ff80fabe000 	/usr/lib/libnetwork.dylib
0x00007ff817afe000 	/usr/lib/libpcap.A.dylib
0x00007ff811a93000 	/usr/lib/libdns_services.dylib
0x00007ff815dd0000 	/System/Library/PrivateFrameworks/AppleSystemInfo.framework/Versions/A/AppleSystemInfo
0x00007ff816aea000 	/System/Library/PrivateFrameworks/IOMobileFramebuffer.framework/Versions/A/IOMobileFramebuffer
0x00007ffc23f70000 	/usr/lib/swift/libswift_RegexParser.dylib
0x00007ff8176d7000 	/usr/lib/libbz2.1.0.dylib
0x00007ff816dc7000 	/usr/lib/libCheckFix.dylib
0x00007ff80ff11000 	/System/Library/PrivateFrameworks/TCC.framework/Versions/A/TCC
0x00007ff815dd7000 	/System/Library/PrivateFrameworks/CoreNLP.framework/Versions/A/CoreNLP
0x00007ff812774000 	/System/Library/PrivateFrameworks/MetadataUtilities.framework/Versions/A/MetadataUtilities
0x00007ff816df9000 	/usr/lib/libmecab.dylib
0x00007ff80b5bf000 	/usr/lib/libCRFSuite.dylib
0x00007ff816e52000 	/usr/lib/libgermantok.dylib
0x00007ff817c3b000 	/usr/lib/libThaiTokenizer.dylib
0x00007ff81285a000 	/System/Library/Frameworks/Accelerate.framework/Versions/A/Frameworks/vImage.framework/Versions/A/vImage
0x00007ff81f4ca000 	/System/Library/Frameworks/Accelerate.framework/Versions/A/Frameworks/vecLib.framework/Versions/A/vecLib
0x00007ff8191d9000 	/System/Library/Frameworks/Accelerate.framework/Versions/A/Frameworks/vecLib.framework/Versions/A/libvMisc.dylib
0x00007ff8168d9000 	/System/Library/Frameworks/Accelerate.framework/Versions/A/Frameworks/vecLib.framework/Versions/A/libvDSP.dylib
0x00007ff80b162000 	/System/Library/Frameworks/Accelerate.framework/Versions/A/Frameworks/vecLib.framework/Versions/A/libBLAS.dylib
0x00007ff817d79000 	/System/Library/Frameworks/Accelerate.framework/Versions/A/Frameworks/vecLib.framework/Versions/A/libLAPACK.dylib
0x00007ff816e55000 	/System/Library/Frameworks/Accelerate.framework/Versions/A/Frameworks/vecLib.framework/Versions/A/libLinearAlgebra.dylib
0x00007ff817c7b000 	/System/Library/Frameworks/Accelerate.framework/Versions/A/Frameworks/vecLib.framework/Versions/A/libSparseBLAS.dylib
0x00007ff817d73000 	/System/Library/Frameworks/Accelerate.framework/Versions/A/Frameworks/vecLib.framework/Versions/A/libQuadrature.dylib
0x00007ff815eed000 	/System/Library/Frameworks/Accelerate.framework/Versions/A/Frameworks/vecLib.framework/Versions/A/libBNNS.dylib
0x00007ff80b4c0000 	/System/Library/Frameworks/Accelerate.framework/Versions/A/Frameworks/vecLib.framework/Versions/A/libSparse.dylib
0x00007ffb28a83000 	/System/Library/PrivateFrameworks/MIL.framework/Versions/A/MIL
0x00007ff817b34000 	/usr/lib/libiconv.2.dylib
0x00007ff817a8e000 	/usr/lib/libcharset.1.dylib
0x00007ff813569000 	/System/Library/Frameworks/OpenDirectory.framework/Versions/A/Frameworks/CFOpenDirectory.framework/Versions/A/CFOpenDirectory
0x00007ff81355d000 	/System/Library/Frameworks/OpenDirectory.framework/Versions/A/OpenDirectory
0x00007ff819120000 	/System/Library/PrivateFrameworks/APFS.framework/Versions/A/APFS
0x00007ff816d0c000 	/System/Library/Frameworks/SecurityFoundation.framework/Versions/A/SecurityFoundation
0x00007ff8191a5000 	/usr/lib/libutil.dylib
0x00007ffb26e8f000 	/System/Library/PrivateFrameworks/InstalledContentLibrary.framework/Versions/A/InstalledContentLibrary
0x00007ff80ddfd000 	/System/Library/PrivateFrameworks/CoreServicesStore.framework/Versions/A/CoreServicesStore
0x00007ffb16971000 	/System/Library/PrivateFrameworks/AppleMobileFileIntegrity.framework/Versions/A/AppleMobileFileIntegrity
0x00007ff911149000 	/usr/lib/libmis.dylib
0x00007ff921c84000 	/System/Library/PrivateFrameworks/MobileSystemServices.framework/Versions/A/MobileSystemServices
0x00007ffa1f2f7000 	/System/Library/PrivateFrameworks/ConfigProfileHelper.framework/Versions/A/ConfigProfileHelper
0x00007ff817c3d000 	/System/Library/PrivateFrameworks/AppleSauce.framework/Versions/A/AppleSauce
0x00007ff80c4c0000 	/System/Library/PrivateFrameworks/LanguageModeling.framework/Versions/A/LanguageModeling
0x00007ff8191a9000 	/usr/lib/libxslt.1.dylib
0x00007ff817b3b000 	/usr/lib/libcmph.dylib
0x00007ff816ab8000 	/System/Library/PrivateFrameworks/CoreEmoji.framework/Versions/A/CoreEmoji
0x00007ff815ee7000 	/System/Library/PrivateFrameworks/LinguisticData.framework/Versions/A/LinguisticData
0x00007ff80b3d7000 	/System/Library/PrivateFrameworks/Lexicon.framework/Versions/A/Lexicon
0x00007ff816d95000 	/System/Library/PrivateFrameworks/BackgroundTaskManagement.framework/Versions/A/BackgroundTaskManagement
0x00007ffc22a02000 	/usr/lib/libTLE.dylib
0x00007ff819b4f000 	/System/Library/PrivateFrameworks/AppleJPEG.framework/Versions/A/AppleJPEG
0x00007ff819672000 	/usr/lib/libexpat.1.dylib
0x00007ff81a27e000 	/System/Library/Frameworks/ImageIO.framework/Versions/A/Resources/libPng.dylib
0x00007ff81a2ab000 	/System/Library/Frameworks/ImageIO.framework/Versions/A/Resources/libTIFF.dylib
0x00007ff81a3a0000 	/System/Library/Frameworks/ImageIO.framework/Versions/A/Resources/libGIF.dylib
0x00007ff819b9b000 	/System/Library/Frameworks/ImageIO.framework/Versions/A/Resources/libJP2.dylib
0x00007ff81a33f000 	/System/Library/Frameworks/ImageIO.framework/Versions/A/Resources/libJPEG.dylib
0x00007ff81a336000 	/System/Library/Frameworks/ImageIO.framework/Versions/A/Resources/libRadiance.dylib
0x00007ff8151bf000 	/System/Library/PrivateFrameworks/FontServices.framework/libFontParser.dylib
0x00007ff8119c0000 	/System/Library/PrivateFrameworks/RunningBoardServices.framework/Versions/A/RunningBoardServices
0x00007ff8260eb000 	/System/Library/PrivateFrameworks/IOSurfaceAccelerator.framework/Versions/A/IOSurfaceAccelerator
0x00007ff819c89000 	/System/Library/PrivateFrameworks/WatchdogClient.framework/Versions/A/WatchdogClient
0x00007ff80c68d000 	/System/Library/Frameworks/CoreDisplay.framework/Versions/A/CoreDisplay
0x00007ff81508e000 	/System/Library/Frameworks/CoreMedia.framework/Versions/A/CoreMedia
0x00007ff814e30000 	/System/Library/PrivateFrameworks/IOAccelerator.framework/Versions/A/IOAccelerator
0x00007ff8136e6000 	/System/Library/Frameworks/CoreVideo.framework/Versions/A/CoreVideo
0x00007ff817c8f000 	/System/Library/Frameworks/MetalPerformanceShaders.framework/Versions/A/MetalPerformanceShaders
0x00007ff819cc8000 	/System/Library/Frameworks/VideoToolbox.framework/Versions/A/VideoToolbox
0x00007ff813773000 	/System/Library/PrivateFrameworks/UserManagement.framework/Versions/A/UserManagement
0x00007ff8118e9000 	/System/Library/PrivateFrameworks/BaseBoard.framework/Versions/A/BaseBoard
0x00007ff815dcf000 	/System/Library/PrivateFrameworks/AggregateDictionary.framework/Versions/A/AggregateDictionary
0x00007ffb1676f000 	/System/Library/PrivateFrameworks/AppleKeyStore.framework/Versions/A/AppleKeyStore
0x00007ff81a32f000 	/System/Library/PrivateFrameworks/GPUWrangler.framework/Versions/A/GPUWrangler
0x00007ff81a313000 	/System/Library/PrivateFrameworks/IOPresentment.framework/Versions/A/IOPresentment
0x00007ff81a339000 	/System/Library/PrivateFrameworks/DSExternalDisplay.framework/Versions/A/DSExternalDisplay
0x00007ffb22e5f000 	/System/Library/PrivateFrameworks/GPUCompiler.framework/Versions/32023/Libraries/libllvm-flatbuffers.dylib
0x00007ffa26fdb000 	/System/Library/Frameworks/OpenGL.framework/Versions/A/Libraries/libCoreFSCache.dylib
0x00007ffb1f955000 	/System/Library/PrivateFrameworks/GPUCompiler.framework/Versions/32023/Libraries/libGPUCompilerUtils.dylib
0x00007ff81a3a6000 	/System/Library/PrivateFrameworks/CMCaptureCore.framework/Versions/A/CMCaptureCore
0x00007ffb0f550000 	/System/Library/Frameworks/ExtensionFoundation.framework/Versions/A/ExtensionFoundation
0x00007ff8216b1000 	/System/Library/PrivateFrameworks/CoreTime.framework/Versions/A/CoreTime
0x00007ff81983d000 	/System/Library/PrivateFrameworks/AppServerSupport.framework/Versions/A/AppServerSupport
0x00007ff81bde1000 	/System/Library/PrivateFrameworks/perfdata.framework/Versions/A/perfdata
0x00007ff80c7bb000 	/System/Library/PrivateFrameworks/AudioToolboxCore.framework/Versions/A/AudioToolboxCore
0x00007ff815068000 	/System/Library/PrivateFrameworks/caulk.framework/Versions/A/caulk
0x00007ff81b679000 	/usr/lib/libAudioStatistics.dylib
0x00007ff9104ea000 	/System/Library/PrivateFrameworks/SystemPolicy.framework/Versions/A/SystemPolicy
0x00007ff81b93b000 	/usr/lib/libSMC.dylib
0x00007ff825774000 	/System/Library/Frameworks/CoreMIDI.framework/Versions/A/CoreMIDI
0x00007ff81a245000 	/usr/lib/libAudioToolboxUtility.dylib
0x00007ff90baee000 	/System/Library/PrivateFrameworks/OSAServicesClient.framework/Versions/A/OSAServicesClient
0x00007ff81bdef000 	/usr/lib/libperfcheck.dylib
0x00007ff82115c000 	/System/Library/PrivateFrameworks/BoardServices.framework/Versions/A/BoardServices
0x00007ff819552000 	/System/Library/PrivateFrameworks/PlugInKit.framework/Versions/A/PlugInKit
0x00007ff816cff000 	/System/Library/PrivateFrameworks/AssertionServices.framework/Versions/A/AssertionServices
0x00007ffa0db82000 	/System/Library/PrivateFrameworks/Symbolication.framework/Versions/A/Symbolication
0x00007ffc0d9a2000 	/System/Library/PrivateFrameworks/PhotosensitivityProcessing.framework/Versions/A/PhotosensitivityProcessing
0x00007ffa285fd000 	/System/Library/Frameworks/OpenCL.framework/Versions/A/OpenCL
0x00007ff8197e8000 	/System/Library/PrivateFrameworks/GraphVisualizer.framework/Versions/A/GraphVisualizer
0x00007ffa27038000 	/System/Library/Frameworks/OpenGL.framework/Versions/A/Libraries/libGLU.dylib
0x00007ffa26ffa000 	/System/Library/Frameworks/OpenGL.framework/Versions/A/Libraries/libGFXShared.dylib
0x00007ffa271f6000 	/System/Library/Frameworks/OpenGL.framework/Versions/A/Libraries/libGL.dylib
0x00007ffa27002000 	/System/Library/Frameworks/OpenGL.framework/Versions/A/Libraries/libGLImage.dylib
0x00007ffa26ff7000 	/System/Library/Frameworks/OpenGL.framework/Versions/A/Libraries/libCVMSPluginSupport.dylib
0x00007ffc229be000 	/usr/lib/libRosetta.dylib
0x00007ffa26fe2000 	/System/Library/Frameworks/OpenGL.framework/Versions/A/Libraries/libCoreVMClient.dylib
0x00007ffb1da8d000 	/System/Library/PrivateFrameworks/FontServices.framework/Versions/A/FontServices
0x00007ff8197f7000 	/System/Library/PrivateFrameworks/OTSVG.framework/Versions/A/OTSVG
0x00007ff8132a1000 	/System/Library/Frameworks/ApplicationServices.framework/Versions/A/Frameworks/ATS.framework/Versions/A/Resources/libFontRegistry.dylib
0x00007ff819848000 	/System/Library/PrivateFrameworks/FontServices.framework/libhvf.dylib
0x00007ffb1da8e000 	/System/Library/PrivateFrameworks/FontServices.framework/libXTFontStaticRegistryData.dylib
0x00007ff815d0e000 	/System/Library/Frameworks/MetalPerformanceShaders.framework/Versions/A/Frameworks/MPSCore.framework/Versions/A/MPSCore
0x00007ff817563000 	/System/Library/Frameworks/MetalPerformanceShaders.framework/Versions/A/Frameworks/MPSImage.framework/Versions/A/MPSImage
0x00007ff816e6b000 	/System/Library/Frameworks/MetalPerformanceShaders.framework/Versions/A/Frameworks/MPSNeuralNetwork.framework/Versions/A/MPSNeuralNetwork
0x00007ff8173da000 	/System/Library/Frameworks/MetalPerformanceShaders.framework/Versions/A/Frameworks/MPSMatrix.framework/Versions/A/MPSMatrix
0x00007ff81718c000 	/System/Library/Frameworks/MetalPerformanceShaders.framework/Versions/A/Frameworks/MPSRayIntersector.framework/Versions/A/MPSRayIntersector
0x00007ff817419000 	/System/Library/Frameworks/MetalPerformanceShaders.framework/Versions/A/Frameworks/MPSNDArray.framework/Versions/A/MPSNDArray
0x00007ffb10c6b000 	/System/Library/Frameworks/MetalPerformanceShaders.framework/Versions/A/Frameworks/MPSFunctions.framework/Versions/A/MPSFunctions
0x00007ffb10c4e000 	/System/Library/Frameworks/MetalPerformanceShaders.framework/Versions/A/Frameworks/MPSBenchmarkLoop.framework/Versions/A/MPSBenchmarkLoop
0x00007ff80b012000 	/System/Library/PrivateFrameworks/MetalTools.framework/Versions/A/MetalTools
0x00007ff915869000 	/System/Library/PrivateFrameworks/IOAccelMemoryInfo.framework/Versions/A/IOAccelMemoryInfo
0x00007ff921b84000 	/System/Library/PrivateFrameworks/kperf.framework/Versions/A/kperf
0x00007ff91116b000 	/System/Library/PrivateFrameworks/GPURawCounter.framework/Versions/A/GPURawCounter
0x00007ff821586000 	/System/Library/PrivateFrameworks/CoreSymbolication.framework/Versions/A/CoreSymbolication
0x00007ff91111b000 	/System/Library/PrivateFrameworks/MallocStackLogging.framework/Versions/A/MallocStackLogging
0x00007ff8193f7000 	/System/Library/PrivateFrameworks/CrashReporterSupport.framework/Versions/A/CrashReporterSupport
0x00007ff821547000 	/System/Library/PrivateFrameworks/DebugSymbols.framework/Versions/A/DebugSymbols
0x00007ff920599000 	/System/Library/PrivateFrameworks/OSAnalytics.framework/Versions/A/OSAnalytics
0x00007ffc19ce4000 	/System/Library/PrivateFrameworks/VideoToolboxParavirtualizationSupport.framework/Versions/A/VideoToolboxParavirtualizationSupport
0x00007ff819624000 	/System/Library/PrivateFrameworks/AppleVA.framework/Versions/A/AppleVA
0x00007ff81b6b9000 	/System/Library/Frameworks/ApplicationServices.framework/Versions/A/Frameworks/ATS.framework/Versions/A/ATS
0x00007ff810cf9000 	/System/Library/Frameworks/ApplicationServices.framework/Versions/A/Frameworks/HIServices.framework/Versions/A/HIServices
0x00007ff81a3b4000 	/System/Library/Frameworks/ApplicationServices.framework/Versions/A/Frameworks/PrintCore.framework/Versions/A/PrintCore
0x00007ff81ba8f000 	/System/Library/Frameworks/ApplicationServices.framework/Versions/A/Frameworks/QD.framework/Versions/A/QD
0x00007ff81ba88000 	/System/Library/Frameworks/ApplicationServices.framework/Versions/A/Frameworks/ColorSyncLegacy.framework/Versions/A/ColorSyncLegacy
0x00007ff81b68f000 	/System/Library/Frameworks/ApplicationServices.framework/Versions/A/Frameworks/SpeechSynthesis.framework/Versions/A/SpeechSynthesis
0x00007ff81a370000 	/System/Library/Frameworks/ApplicationServices.framework/Versions/A/Frameworks/ATSUI.framework/Versions/A/ATSUI
0x00007ff81ba1a000 	/usr/lib/libcups.2.dylib
0x00007ff81bdfe000 	/System/Library/Frameworks/Kerberos.framework/Versions/A/Kerberos
0x00007ff81be0d000 	/System/Library/Frameworks/GSS.framework/Versions/A/GSS
0x00007ff81b732000 	/usr/lib/libresolv.9.dylib
0x00007ff81985a000 	/System/Library/PrivateFrameworks/Heimdal.framework/Versions/A/Heimdal
0x00007ff8235c7000 	/System/Library/Frameworks/Kerberos.framework/Versions/A/Libraries/libHeimdalProxy.dylib
0x00007ff81be5a000 	/System/Library/PrivateFrameworks/CommonAuth.framework/Versions/A/CommonAuth
0x00007ffb0e484000 	/System/Library/Frameworks/AVFAudio.framework/Versions/A/AVFAudio
0x00007ff90bb35000 	/System/Library/PrivateFrameworks/AXCoreUtilities.framework/Versions/A/AXCoreUtilities
0x00007ffb2822c000 	/System/Library/PrivateFrameworks/IsolatedCoreAudioClient.framework/Versions/A/IsolatedCoreAudioClient
0x00007ff81b600000 	/System/Library/PrivateFrameworks/AudioSession.framework/Versions/A/AudioSession
0x00007ff81d12e000 	/System/Library/Frameworks/IOBluetooth.framework/Versions/A/IOBluetooth
0x00007ff819732000 	/System/Library/PrivateFrameworks/MediaExperience.framework/Versions/A/MediaExperience
0x00007ff81b453000 	/System/Library/PrivateFrameworks/AudioSession.framework/libSessionUtility.dylib
0x00007ff81ba9a000 	/System/Library/PrivateFrameworks/AudioResourceArbitration.framework/Versions/A/AudioResourceArbitration
0x00007ff8201f2000 	/System/Library/PrivateFrameworks/PowerLog.framework/Versions/A/PowerLog
0x00007ff82010f000 	/System/Library/Frameworks/CoreBluetooth.framework/Versions/A/CoreBluetooth
0x00007ff8235c8000 	/System/Library/Frameworks/AudioUnit.framework/Versions/A/AudioUnit
0x00007ff816b72000 	/System/Library/PrivateFrameworks/CoreUtils.framework/Versions/A/CoreUtils
0x00007ffb1bfb6000 	/System/Library/PrivateFrameworks/CoreUtilsExtras.framework/Versions/A/CoreUtilsExtras
0x00007ffb26d23000 	/System/Library/PrivateFrameworks/IO80211.framework/Versions/A/IO80211
0x00007ff82109e000 	/System/Library/PrivateFrameworks/FrontBoardServices.framework/Versions/A/FrontBoardServices
0x00007ff822bb0000 	/System/Library/PrivateFrameworks/BackBoardServices.framework/Versions/A/BackBoardServices
0x00007ff819696000 	/System/Library/PrivateFrameworks/IconFoundation.framework/Versions/A/IconFoundation
0x00007ff81f110000 	/System/Library/PrivateFrameworks/SpeechRecognitionCore.framework/Versions/A/SpeechRecognitionCore
0x00007ff90bb4e000 	/usr/lib/libAccessibility.dylib
0x00007ff81f805000 	/System/Library/Frameworks/MediaAccessibility.framework/Versions/A/MediaAccessibility
0x00007ffa11502000 	/System/Library/Frameworks/OSLog.framework/Versions/A/OSLog
0x00007ff9110a6000 	/System/Library/PrivateFrameworks/LoggingSupport.framework/Versions/A/LoggingSupport
0x000000011057f000 	/Applications/Eclipse.app/Contents/Eclipse/plugins/org.eclipse.justj.openjdk.hotspot.jre.full.macosx.x86_64_17.0.8.v20230801-1951/jre/lib/server/libjvm.dylib
0x000000010eed1000 	/Applications/Eclipse.app/Contents/Eclipse/plugins/org.eclipse.justj.openjdk.hotspot.jre.full.macosx.x86_64_17.0.8.v20230801-1951/jre/lib/libjimage.dylib
0x000000010ef08000 	/Applications/Eclipse.app/Contents/Eclipse/plugins/org.eclipse.justj.openjdk.hotspot.jre.full.macosx.x86_64_17.0.8.v20230801-1951/jre/lib/libjava.dylib
0x000000010eef7000 	/Applications/Eclipse.app/Contents/Eclipse/plugins/org.eclipse.justj.openjdk.hotspot.jre.full.macosx.x86_64_17.0.8.v20230801-1951/jre/lib/libzip.dylib
0x000000010f1a3000 	/Applications/Eclipse.app/Contents/Eclipse/plugins/org.eclipse.justj.openjdk.hotspot.jre.full.macosx.x86_64_17.0.8.v20230801-1951/jre/lib/libnio.dylib
0x000000010f1d2000 	/Applications/Eclipse.app/Contents/Eclipse/plugins/org.eclipse.justj.openjdk.hotspot.jre.full.macosx.x86_64_17.0.8.v20230801-1951/jre/lib/libnet.dylib
0x000000010f1b8000 	/Applications/Eclipse.app/Contents/Eclipse/plugins/org.eclipse.justj.openjdk.hotspot.jre.full.macosx.x86_64_17.0.8.v20230801-1951/jre/lib/libverify.dylib
0x000000010f28a000 	/Applications/Eclipse.app/Contents/Eclipse/plugins/org.eclipse.justj.openjdk.hotspot.jre.full.macosx.x86_64_17.0.8.v20230801-1951/jre/lib/libawt.dylib
0x000000010f349000 	/Applications/Eclipse.app/Contents/Eclipse/plugins/org.eclipse.justj.openjdk.hotspot.jre.full.macosx.x86_64_17.0.8.v20230801-1951/jre/lib/libmlib_image.dylib
0x00007ffb1008d000 	/System/Library/Frameworks/JavaRuntimeSupport.framework/Versions/A/JavaRuntimeSupport
0x00007ff90fe8e000 	/System/Library/Frameworks/Carbon.framework/Versions/A/Carbon
0x00007ff827875000 	/System/Library/Frameworks/Carbon.framework/Versions/A/Frameworks/CommonPanels.framework/Versions/A/CommonPanels
0x00007ff822edc000 	/System/Library/Frameworks/Carbon.framework/Versions/A/Frameworks/Help.framework/Versions/A/Help
0x00007ff827879000 	/System/Library/Frameworks/Carbon.framework/Versions/A/Frameworks/ImageCapture.framework/Versions/A/ImageCapture
0x00007ff827856000 	/System/Library/Frameworks/Carbon.framework/Versions/A/Frameworks/OpenScripting.framework/Versions/A/OpenScripting
0x00007ff827874000 	/System/Library/Frameworks/Carbon.framework/Versions/A/Frameworks/Ink.framework/Versions/A/Ink
0x00007ff827871000 	/System/Library/Frameworks/Carbon.framework/Versions/A/Frameworks/SecurityHI.framework/Versions/A/SecurityHI
0x000000012e533000 	/Applications/Eclipse.app/Contents/Eclipse/plugins/org.eclipse.justj.openjdk.hotspot.jre.full.macosx.x86_64_17.0.8.v20230801-1951/jre/lib/libawt_lwawt.dylib
0x000000010f212000 	/Applications/Eclipse.app/Contents/Eclipse/plugins/org.eclipse.justj.openjdk.hotspot.jre.full.macosx.x86_64_17.0.8.v20230801-1951/jre/lib/libosxapp.dylib
0x00007ff90ee41000 	/System/Library/Frameworks/ExceptionHandling.framework/Versions/A/ExceptionHandling
0x000000012e86b000 	/Applications/Eclipse.app/Contents/Eclipse/plugins/org.eclipse.justj.openjdk.hotspot.jre.full.macosx.x86_64_17.0.8.v20230801-1951/jre/lib/libfontmanager.dylib
0x000000012e65e000 	/Applications/Eclipse.app/Contents/Eclipse/plugins/org.eclipse.justj.openjdk.hotspot.jre.full.macosx.x86_64_17.0.8.v20230801-1951/jre/lib/libfreetype.dylib
0x00007ff8207d4000 	/System/Library/Frameworks/FileProvider.framework/Versions/A/FileProvider
0x00007ff811851000 	/System/Library/Frameworks/Accounts.framework/Versions/A/Accounts
0x00007ff820989000 	/System/Library/PrivateFrameworks/GenerationalStorage.framework/Versions/A/GenerationalStorage
0x00007ff8201e7000 	/System/Library/PrivateFrameworks/SymptomDiagnosticReporter.framework/Versions/A/SymptomDiagnosticReporter
0x00007ff80f588000 	/System/Library/PrivateFrameworks/DesktopServicesPriv.framework/Versions/A/DesktopServicesPriv
0x00007ff80df11000 	/usr/lib/libsandbox.1.dylib
0x00007ff81ba7d000 	/System/Library/PrivateFrameworks/NetAuth.framework/Versions/A/NetAuth
0x00007ff81cdd9000 	/System/Library/PrivateFrameworks/Sharing.framework/Versions/A/Sharing
0x00007ff813738000 	/System/Library/PrivateFrameworks/login.framework/Versions/A/Frameworks/loginsupport.framework/Versions/A/loginsupport
0x00007ff822a02000 	/System/Library/PrivateFrameworks/Apple80211.framework/Versions/A/Apple80211
0x00007ff817719000 	/System/Library/PrivateFrameworks/AuthKit.framework/Versions/A/AuthKit
0x00007ff822a03000 	/System/Library/PrivateFrameworks/CoreWiFi.framework/Versions/A/CoreWiFi
0x00007ff816af9000 	/System/Library/Frameworks/CoreWLAN.framework/Versions/A/CoreWLAN
0x00007ff91116e000 	/usr/lib/swift/libswiftCoreAudio.dylib
0x00007ff916649000 	/usr/lib/swift/libswiftCoreLocation.dylib
0x00007ff8193ee000 	/usr/lib/libIOReport.dylib
0x00007ffa180bd000 	/System/Library/PrivateFrameworks/WiFiPeerToPeer.framework/Versions/A/WiFiPeerToPeer
0x00007ff8178c6000 	/System/Library/Frameworks/UserNotifications.framework/Versions/A/UserNotifications
0x00007ff81bf99000 	/System/Library/PrivateFrameworks/CorePhoneNumbers.framework/Versions/A/CorePhoneNumbers
0x00007ff81b75e000 	/System/Library/PrivateFrameworks/MultiverseSupport.framework/Versions/A/MultiverseSupport
0x00007ff822e2f000 	/System/Library/PrivateFrameworks/RemoteServiceDiscovery.framework/Versions/A/RemoteServiceDiscovery
0x00007ff820301000 	/System/Library/PrivateFrameworks/DiskManagement.framework/Versions/A/DiskManagement
0x00007ff82021a000 	/System/Library/PrivateFrameworks/AppleIDAuthSupport.framework/Versions/A/AppleIDAuthSupport
0x00007ffb1479f000 	/System/Library/PrivateFrameworks/AAAFoundation.framework/Versions/A/AAAFoundation
0x00007ff81bf6d000 	/System/Library/PrivateFrameworks/KeychainCircle.framework/Versions/A/KeychainCircle
0x00007ff822e40000 	/System/Library/PrivateFrameworks/RemoteXPC.framework/Versions/A/RemoteXPC
0x00007ff822ee4000 	/usr/lib/libcsfde.dylib
0x00007ff81959c000 	/usr/lib/libCoreStorage.dylib
0x00007ff8202ce000 	/System/Library/PrivateFrameworks/MediaKit.framework/Versions/A/MediaKit
0x00007ff820226000 	/System/Library/Frameworks/DiscRecording.framework/Versions/A/DiscRecording
0x00007ff81d203000 	/System/Library/PrivateFrameworks/ProtectedCloudStorage.framework/Versions/A/ProtectedCloudStorage
0x00007ff822ee0000 	/System/Library/PrivateFrameworks/EFILogin.framework/Versions/A/EFILogin
0x00007ff8209b1000 	/System/Library/PrivateFrameworks/OctagonTrust.framework/Versions/A/OctagonTrust
0x00007ff814cdc000 	/System/Library/Frameworks/CoreLocation.framework/Versions/A/CoreLocation
0x00007ff81d460000 	/System/Library/PrivateFrameworks/GeoServices.framework/Versions/A/GeoServices
0x00007ff81b41f000 	/System/Library/PrivateFrameworks/LocationSupport.framework/Versions/A/LocationSupport
0x00007ffb23a6a000 	/System/Library/PrivateFrameworks/GeoServicesCore.framework/Versions/A/GeoServicesCore
0x00007ff90bb2c000 	/System/Library/PrivateFrameworks/PhoneNumbers.framework/Versions/A/PhoneNumbers
0x00007ff819594000 	/usr/lib/libMatch.1.dylib
0x00007ff919d63000 	/System/Library/CoreServices/RawCamera.bundle/Contents/MacOS/RawCamera
0x00007ff81be6a000 	/System/Library/PrivateFrameworks/MobileAsset.framework/Versions/A/MobileAsset
0x00007ffb164e1000 	/System/Library/PrivateFrameworks/AppleJPEGXL.framework/Versions/A/AppleJPEGXL
0x00007ff916faf000 	/System/Library/PrivateFrameworks/SoftwareUpdateCoreSupport.framework/Versions/A/SoftwareUpdateCoreSupport
0x00007ff91e681000 	/System/Library/PrivateFrameworks/SoftwareUpdateCoreConnect.framework/Versions/A/SoftwareUpdateCoreConnect
0x00007ff8235e7000 	/System/Library/PrivateFrameworks/StreamingZip.framework/Versions/A/StreamingZip
0x00007ff916c42000 	/System/Library/PrivateFrameworks/MSUDataAccessor.framework/Versions/A/MSUDataAccessor
0x00007ff912ccf000 	/usr/lib/libbootpolicy.dylib
0x00007ff925a92000 	/usr/lib/libpartition2_dynamic.dylib
0x00007ffb17e21000 	/System/Library/PrivateFrameworks/CMPhoto.framework/Versions/A/CMPhoto
0x00007ff82141b000 	/System/Library/PrivateFrameworks/AppleVPA.framework/Versions/A/AppleVPA
0x00007ff81a5a6000 	/System/Library/Frameworks/MediaToolbox.framework/Versions/A/MediaToolbox
0x00007ff8207a6000 	/System/Library/PrivateFrameworks/CoreAVCHD.framework/Versions/A/CoreAVCHD
0x00007ff8207a2000 	/System/Library/PrivateFrameworks/Mangrove.framework/Versions/A/Mangrove
0x00007ff820d3e000 	/System/Library/Frameworks/CoreTelephony.framework/Versions/A/CoreTelephony
0x00007ff8203e7000 	/System/Library/PrivateFrameworks/CoreAUC.framework/Versions/A/CoreAUC
0x00007ff81bfa2000 	/usr/lib/libTelephonyUtilDynamic.dylib
0x00007ff91662a000 	/System/Library/Frameworks/Accelerate.framework/Versions/A/Frameworks/vImage.framework/Versions/A/Libraries/libCGInterfaces.dylib
0x000000011055d000 	/usr/lib/libobjc-trampolines.dylib
0x00007ffc22743000 	/usr/lib/libAccessibilityBaseImplementations.dylib
0x00007ffa20179000 	/System/Library/Extensions/AppleIntelKBLGraphicsMTLDriver.bundle/Contents/MacOS/AppleIntelKBLGraphicsMTLDriver
0x00007ffb0de09000 	/System/Library/Extensions/AMDRadeonX6000MTLDriver.bundle/Contents/MacOS/AMDRadeonX6000MTLDriver
0x00007ff819910000 	/System/Library/PrivateFrameworks/login.framework/Versions/A/login
0x00007ff82126e000 	/System/Library/Frameworks/LocalAuthentication.framework/Versions/A/LocalAuthentication
0x00007ffb28942000 	/System/Library/PrivateFrameworks/LocalAuthenticationCore.framework/Versions/A/LocalAuthenticationCore
0x00007ff8212b4000 	/System/Library/Frameworks/LocalAuthentication.framework/Support/SharedUtils.framework/Versions/A/SharedUtils
0x00007ff82120c000 	/System/Library/Frameworks/CryptoTokenKit.framework/Versions/A/CryptoTokenKit
0x00007ff81344d000 	/System/Library/PrivateFrameworks/ViewBridge.framework/Versions/A/ViewBridge
0x00000001385ca000 	/Users/Erik/Desktop/testingIndev/GAME_FILES/libraries/natives/liblwjgl.dylib
0x000000013854f000 	/Applications/Eclipse.app/Contents/Eclipse/plugins/org.eclipse.justj.openjdk.hotspot.jre.full.macosx.x86_64_17.0.8.v20230801-1951/jre/lib/libjawt.dylib
0x00007ffa27201000 	/System/Library/Frameworks/OpenGL.framework/Versions/A/Resources/GLEngine.bundle/GLEngine
0x00007ffa27075000 	/System/Library/Frameworks/OpenGL.framework/Versions/A/Libraries/libGLProgrammability.dylib
0x00007ffa22011000 	/System/Library/Extensions/AppleIntelKBLGraphicsGLDriver.bundle/Contents/MacOS/AppleIntelKBLGraphicsGLDriver
0x00007ff91dc79000 	/System/Library/PrivateFrameworks/GPUSupport.framework/Versions/A/Libraries/libGPUSupportMercury.dylib
0x000000013880b000 	/System/Library/Extensions/AMDRadeonX6000GLDriver.bundle/Contents/MacOS/AMDRadeonX6000GLDriver
0x00007ffb0ddbc000 	/System/Library/Extensions/AMDRadeonX6000GLDriver.bundle/Contents/MacOS/ATIRadeonX6000SCLib.dylib
0x00007ffa207f0000 	/System/Library/Extensions/AMDShared.bundle/Contents/PlugIns/libSC.dylib
0x00007ffa27371000 	/System/Library/Frameworks/OpenGL.framework/Versions/A/Resources/GLRendererFloat.bundle/GLRendererFloat


VM Arguments:
jvm_args: -Djava.library.path=/Users/Erik/Desktop/testingIndev/GAME_FILES/libraries/natives -Dfile.encoding=UTF-8 -XX:+ShowCodeDetailsInExceptionMessages 
java_command: org.mcphackers.launchwrapper.Launch --username HatsuneMiku --sessionid - --gameDir minecraft_any/game --assetsDir minecraft_any/game/assets --resourcesProxyPort 11702 --skinProxy pre-b1.9-pre4
java_class_path (initial): /Users/Erik/Desktop/testingIndev/GAME_FILES/minecraft/output:/Users/Erik/Desktop/testingIndev/GAME_FILES/libraries/org/mcphackers/launchwrapper/1.0/launchwrapper-1.0.jar:/Users/Erik/Desktop/testingIndev/GAME_FILES/libraries/org/ow2/asm/asm-tree/9.2/asm-tree-9.2.jar:/Users/Erik/Desktop/testingIndev/GAME_FILES/libraries/org/ow2/asm/asm/9.2/asm-9.2.jar:/Users/Erik/Desktop/testingIndev/GAME_FILES/libraries/org/lwjgl/lwjgl/lwjgl/2.9.4/lwjgl-2.9.4.jar:/Users/Erik/Desktop/testingIndev/GAME_FILES/libraries/org/lwjgl/lwjgl/lwjgl_util/2.9.4/lwjgl_util-2.9.4.jar:/Users/Erik/Desktop/testingIndev/GAME_FILES/libraries/org/json/json/20230311/json-20230311.jar:/Users/Erik/Desktop/testingIndev/GAME_FILES/libraries/net/java/jinput/jinput/2.0.5/jinput-2.0.5.jar:/Users/Erik/Desktop/testingIndev/GAME_FILES/libraries/net/java/jutils/jutils/1.0.0/jutils-1.0.0.jar:/Users/Erik/Desktop/testingIndev/GAME_FILES/libraries/com/paulscode/codecjorbis/20230120/codecjorbis-20230120.jar:/Users/Erik/Desktop/testingIndev/GAME_FILES/libraries/com/paulscode/codecwav/20101023/codecwav-20101023.jar:/Users/Erik/Desktop/testingIndev/GAME_FILES/libraries/com/paulscode/libraryjavasound/20101123/libraryjavasound-20101123.jar:/Users/Erik/Desktop/testingIndev/GAME_FILES/libraries/com/paulscode/librarylwjglopenal/20100824/librarylwjglopenal-20100824.jar:/Users/Erik/Desktop/testingIndev/GAME_FILES/libraries/com/paulscode/soundsystem/20120107/soundsystem-20120107.jar:/Users/Erik/Desktop/testingIndev/GAME_FILES/libraries/org/mcphackers/rdi/rdi/1.0/rdi-1.0.jar:/Users/Erik/Desktop/testingIndev/GAME_FILES/minecraft/jars/deobfuscated.jar
Launcher Type: SUN_STANDARD

[Global flags]
     intx CICompilerCount                          = 4                                         {product} {ergonomic}
     uint ConcGCThreads                            = 3                                         {product} {ergonomic}
     uint G1ConcRefinementThreads                  = 10                                        {product} {ergonomic}
   size_t G1HeapRegionSize                         = 2097152                                   {product} {ergonomic}
    uintx GCDrainStackTargetSize                   = 64                                        {product} {ergonomic}
   size_t InitialHeapSize                          = 268435456                                 {product} {ergonomic}
   size_t MarkStackSize                            = 4194304                                   {product} {ergonomic}
   size_t MaxHeapSize                              = 4294967296                                {product} {ergonomic}
   size_t MaxNewSize                               = 2575302656                                {product} {ergonomic}
   size_t MinHeapDeltaBytes                        = 2097152                                   {product} {ergonomic}
   size_t MinHeapSize                              = 8388608                                   {product} {ergonomic}
    uintx NonNMethodCodeHeapSize                   = 5839372                                {pd product} {ergonomic}
    uintx NonProfiledCodeHeapSize                  = 122909434                              {pd product} {ergonomic}
    uintx ProfiledCodeHeapSize                     = 122909434                              {pd product} {ergonomic}
    uintx ReservedCodeCacheSize                    = 251658240                              {pd product} {ergonomic}
     bool SegmentedCodeCache                       = true                                      {product} {ergonomic}
     bool ShowCodeDetailsInExceptionMessages       = true                                   {manageable} {command line}
   size_t SoftMaxHeapSize                          = 4294967296                             {manageable} {ergonomic}
     bool UseCompressedClassPointers               = true                           {product lp64_product} {ergonomic}
     bool UseCompressedOops                        = true                           {product lp64_product} {ergonomic}
     bool UseG1GC                                  = true                                      {product} {ergonomic}
     bool UseNUMA                                  = false                                     {product} {ergonomic}
     bool UseNUMAInterleaving                      = false                                     {product} {ergonomic}

Logging:
Log output configuration:
 #0: stdout all=warning uptime,level,tags
 #1: stderr all=off uptime,level,tags

Environment Variables:
PATH=/usr/bin:/bin:/usr/sbin:/sbin
SHELL=/bin/bash
DISPLAY=/private/tmp/com.apple.launchd.7hWpEvDgaL/org.macosforge.xquartz:0
TMPDIR=/var/folders/rq/0qtp1481143grbt08pgrz8gr0000gq/T/

Active Locale:
LC_ALL=C
LC_COLLATE=C
LC_CTYPE=C
LC_MESSAGES=C
LC_MONETARY=C
LC_NUMERIC=C
LC_TIME=C

Signal Handlers:
   SIGSEGV: crash_handler in libjvm.dylib, mask=11100110000111110111111111111111, flags=SA_RESTART|SA_SIGINFO, unblocked
    SIGBUS: crash_handler in libjvm.dylib, mask=11100110000111110111111111111111, flags=SA_RESTART|SA_SIGINFO, unblocked
    SIGFPE: crash_handler in libjvm.dylib, mask=11100110000111110111111111111111, flags=SA_RESTART|SA_SIGINFO, unblocked
   SIGPIPE: javaSignalHandler in libjvm.dylib, mask=11100110000111110111111111111111, flags=SA_RESTART|SA_SIGINFO, blocked
   SIGXFSZ: javaSignalHandler in libjvm.dylib, mask=11100110000111110111111111111111, flags=SA_RESTART|SA_SIGINFO, blocked
    SIGILL: crash_handler in libjvm.dylib, mask=11100110000111110111111111111111, flags=SA_RESTART|SA_SIGINFO, unblocked
   SIGUSR2: SR_handler in libjvm.dylib, mask=00100000000000000000000000000000, flags=SA_RESTART|SA_SIGINFO, blocked
    SIGHUP: UserHandler in libjvm.dylib, mask=11100110000111110111111111111111, flags=SA_RESTART|SA_SIGINFO, blocked
    SIGINT: UserHandler in libjvm.dylib, mask=11100110000111110111111111111111, flags=SA_RESTART|SA_SIGINFO, blocked
   SIGTERM: UserHandler in libjvm.dylib, mask=11100110000111110111111111111111, flags=SA_RESTART|SA_SIGINFO, blocked
   SIGQUIT: UserHandler in libjvm.dylib, mask=11100110000111110111111111111111, flags=SA_RESTART|SA_SIGINFO, blocked
   SIGTRAP: crash_handler in libjvm.dylib, mask=11100110000111110111111111111111, flags=SA_RESTART|SA_SIGINFO, unblocked


---------------  S Y S T E M  ---------------

OS:
uname: Darwin 23.5.0 Darwin Kernel Version 23.5.0: Wed May  1 20:09:52 PDT 2024; root:xnu-10063.121.3~5/RELEASE_X86_64 x86_64
OS uptime: 0 days 22:03 hours
rlimit (soft/hard): STACK 8192k/65532k , CORE 0k/infinity , NPROC 2784/4176 , NOFILE 12544/infinity , AS infinity/infinity , CPU infinity/infinity , DATA infinity/infinity , FSIZE infinity/infinity , MEMLOCK infinity/infinity , RSS infinity/infinity
load average: 3.02 2.59 2.44

CPU: total 12 (initial active 12) (6 cores per cpu, 2 threads per core) family 6 model 158 stepping 10 microcode 0xf6, cx8, cmov, fxsr, ht, mmx, 3dnowpref, sse, sse2, sse3, ssse3, sse4.1, sse4.2, popcnt, lzcnt, tsc, tscinvbit, avx, avx2, aes, erms, clmul, bmi1, bmi2, adx, fma, vzeroupper, clflush, clflushopt
machdep.cpu.brand_string:Intel(R) Core(TM) i7-9750H CPU @ 2.60GHz
hw.cpufrequency:2600000000
hw.cpufrequency_min:2600000000
hw.cpufrequency_max:2600000000
hw.cachelinesize:64
hw.l1icachesize:32768
hw.l1dcachesize:32768
hw.l2cachesize:262144
hw.l3cachesize:12582912

Memory: 4k page, physical 16777216k(507624k free), swap 1048576k(877312k free)

vm_info: OpenJDK 64-Bit Server VM (17.0.8+7) for bsd-amd64 JRE (17.0.8+7), built on Jul 18 2023 20:54:48 by "admin" with clang 4.2.1 Compatible Apple LLVM 10.0.1 (clang-1001.0.46.4)

END.
