#
# A fatal error has been detected by the Java Runtime Environment:
#
#  EXCEPTION_ACCESS_VIOLATION (0xc0000005) at pc=0x0000025f97661066, pid=10676, tid=0x000000000000697c
#
# JRE version: OpenJDK Runtime Environment (Zulu 8.78.0.19-CA-win64) (8.0_412-b08) (build 1.8.0_412-b08)
# Java VM: OpenJDK 64-Bit Server VM (25.412-b08 mixed mode windows-amd64 compressed oops)
# Problematic frame:
# C  [OpenAL64.dll+0x11066]
#
# Failed to write core dump. Minidumps are not enabled by default on client versions of Windows
#
# If you would like to submit a bug report, please visit:
#   http://www.azul.com/support/
# The crash happened outside the Java Virtual Machine in native code.
# See problematic frame for where to report the bug.
#

---------------  T H R E A D  ---------------

Current thread (0x0000025f939f7800):  JavaThread "Thread-6" [_thread_in_native, id=27004, stack(0x000000c6d6a00000,0x000000c6d6b00000)]

siginfo: ExceptionCode=0xc0000005, reading address 0x0000025f9344c004

Registers:
RAX=0x0000000000000004, RBX=0x0000025f9dfe0090, RCX=0x0000025f9344c008, RDX=0x0000025f9344c004
RSP=0x000000c6d6afefd0, RBP=0x00000000000000ff, RSI=0x0000025f9344ae0c, RDI=0x0000000000000000
R8 =0x000000000000047e, R9 =0x0000025f9344ae0c, R10=0x0000025f80019d62, R11=0x0000000075d6acd0
R12=0x0000000000000001, R13=0x0000025f980a2ea0, R14=0x000000c6d6aff168, R15=0x0000025f939f7800
RIP=0x0000025f97661066, EFLAGS=0x0000000000010202

Top of Stack: (sp=0x000000c6d6afefd0)
0x000000c6d6afefd0:   0000000000000000 0000025f939f7800
0x000000c6d6afefe0:   000000c6d6aff168 0000025f980a2ea0
0x000000c6d6afeff0:   0000025f980a2ea0 0000000000000000
0x000000c6d6aff000:   0000025f939f7800 0000000000000000
0x000000c6d6aff010:   000000c6d6aff130 0000000075bfee9b
0x000000c6d6aff020:   000000c6d6aff050 0000025f8005b790
0x000000c6d6aff030:   0000025f92fa5ee0 0000025f8ff20030
0x000000c6d6aff040:   0000025f939f7800 000000c6d6aff168
0x000000c6d6aff050:   0000025f980a2ea0 0000000000000000
0x000000c6d6aff060:   0000025f9344ae0c 00000007700c03c8
0x000000c6d6aff070:   000000c6d6aff130 0000025f9766248f
0x000000c6d6aff080:   0000025f9dfe0090 0000025f9dfe0090
0x000000c6d6aff090:   0000025f0000ac44 0000025f00000004
0x000000c6d6aff0a0:   0000000000000010 0000025f80019d8e
0x000000c6d6aff0b0:   0000025f980a2ea0 0000025f80019a85
0x000000c6d6aff0c0:   0000025f980a2ea0 000000c6d6aff130 

Instructions: (pc=0x0000025f97661066)
0x0000025f97661046:   41 2b ec 81 3a 03 00 02 00 75 09 8b 01 89 84 24
0x0000025f97661056:   c8 00 00 00 49 83 c0 02 48 83 c1 08 4a 8d 14 86
0x0000025f97661066:   39 3a 75 af 4c 8d 84 24 c0 00 00 00 48 8d 15 d7
0x0000025f97661076:   2b 03 00 33 c9 e8 58 5f 00 00 b8 40 1f 00 00 4c 


Register to memory mapping:

RAX=0x0000000000000004 is an unknown value
RBX=0x0000025f9dfe0090 is an unknown value
RCX=0x0000025f9344c008 is an unknown value
RDX=0x0000025f9344c004 is an unknown value
RSP=0x000000c6d6afefd0 is pointing into the stack for thread: 0x0000025f939f7800
RBP=0x00000000000000ff is an unknown value
RSI=0x0000025f9344ae0c is an unknown value
RDI=0x0000000000000000 is an unknown value
R8 =0x000000000000047e is an unknown value
R9 =0x0000025f9344ae0c is an unknown value
R10=0x0000025f80019d62 is at code_begin+962 in an Interpreter codelet
method entry point (kind = native)  [0x0000025f800199a0, 0x0000025f8001a440]  2720 bytes
R11=0x0000000075d6acd0 is an unknown value
R12=0x0000000000000001 is an unknown value
R13={method} {0x0000025f980a2ea8} 'nalcCreateContext' '(JJ)J' in 'org/lwjgl/openal/ALC10'
R14=0x000000c6d6aff168 is pointing into the stack for thread: 0x0000025f939f7800
R15=0x0000025f939f7800 is a thread


Stack: [0x000000c6d6a00000,0x000000c6d6b00000],  sp=0x000000c6d6afefd0,  free space=1019k
Native frames: (J=compiled Java code, j=interpreted, Vv=VM code, C=native code)
C  [OpenAL64.dll+0x11066]
C  [OpenAL64.dll+0x1248f]
C  0x0000025f80019d8e

Java frames: (J=compiled Java code, j=interpreted, Vv=VM code)
j  org.lwjgl.openal.ALC10.nalcCreateContext(JJ)J+0
j  org.lwjgl.openal.ALC10.alcCreateContext(Lorg/lwjgl/openal/ALCdevice;Ljava/nio/IntBuffer;)Lorg/lwjgl/openal/ALCcontext;+8
j  org.lwjgl.openal.AL.init(Ljava/lang/String;IIZZ)V+69
j  org.lwjgl.openal.AL.create(Ljava/lang/String;IIZZ)V+245
j  org.lwjgl.openal.AL.create(Ljava/lang/String;IIZ)V+5
j  org.lwjgl.openal.AL.create()V+6
j  paulscode.sound.libraries.LibraryLWJGLOpenAL.init()V+2
j  paulscode.sound.SoundSystem.CommandNewLibrary(Ljava/lang/Class;)V+260
j  paulscode.sound.SoundSystem.CommandQueue(Lpaulscode/sound/CommandObject;)Z+1206
j  paulscode.sound.CommandThread.run()V+51
v  ~StubRoutines::call_stub

---------------  P R O C E S S  ---------------

Java Threads: ( => current thread )
  0x0000025f93667000 JavaThread "Thread-7" [_thread_blocked, id=28024, stack(0x000000c6d6b00000,0x000000c6d6c00000)]
=>0x0000025f939f7800 JavaThread "Thread-6" [_thread_in_native, id=27004, stack(0x000000c6d6a00000,0x000000c6d6b00000)]
  0x0000025f93669800 JavaThread "Thread-5" daemon [_thread_in_native, id=22476, stack(0x000000c6d6900000,0x000000c6d6a00000)]
  0x0000025f90baf000 JavaThread "AWT-Windows" daemon [_thread_in_native, id=17896, stack(0x000000c6d6300000,0x000000c6d6400000)]
  0x0000025f90d84800 JavaThread "AWT-Shutdown" [_thread_blocked, id=10480, stack(0x000000c6d6200000,0x000000c6d6300000)]
  0x0000025f918f9000 JavaThread "Java2D Disposer" daemon [_thread_blocked, id=21208, stack(0x000000c6d5b00000,0x000000c6d5c00000)]
  0x0000025ff18fe800 JavaThread "DestroyJavaVM" [_thread_blocked, id=22708, stack(0x000000c6d3600000,0x000000c6d3700000)]
  0x0000025f91e48800 JavaThread "Minecraft main thread" [_thread_blocked, id=28544, stack(0x000000c6d5a00000,0x000000c6d5b00000)]
  0x0000025f9262c800 JavaThread "Timer hack thread" daemon [_thread_blocked, id=7796, stack(0x000000c6d5900000,0x000000c6d5a00000)]
  0x0000025fff78c800 JavaThread "Service Thread" daemon [_thread_blocked, id=27084, stack(0x000000c6d5700000,0x000000c6d5800000)]
  0x0000025fff6ed000 JavaThread "C1 CompilerThread11" daemon [_thread_blocked, id=24872, stack(0x000000c6d5600000,0x000000c6d5700000)]
  0x0000025fff6f1000 JavaThread "C1 CompilerThread10" daemon [_thread_blocked, id=7452, stack(0x000000c6d5500000,0x000000c6d5600000)]
  0x0000025fff6f0800 JavaThread "C1 CompilerThread9" daemon [_thread_blocked, id=13816, stack(0x000000c6d5400000,0x000000c6d5500000)]
  0x0000025fff6ef800 JavaThread "C1 CompilerThread8" daemon [_thread_blocked, id=10460, stack(0x000000c6d5300000,0x000000c6d5400000)]
  0x0000025fff6f2800 JavaThread "C2 CompilerThread7" daemon [_thread_blocked, id=24168, stack(0x000000c6d5200000,0x000000c6d5300000)]
  0x0000025fff6db000 JavaThread "C2 CompilerThread6" daemon [_thread_blocked, id=7936, stack(0x000000c6d5100000,0x000000c6d5200000)]
  0x0000025fff6b5000 JavaThread "C2 CompilerThread5" daemon [_thread_blocked, id=25920, stack(0x000000c6d5000000,0x000000c6d5100000)]
  0x0000025fff6ac000 JavaThread "C2 CompilerThread4" daemon [_thread_blocked, id=25788, stack(0x000000c6d4f00000,0x000000c6d5000000)]
  0x0000025fff69b000 JavaThread "C2 CompilerThread3" daemon [_thread_blocked, id=27524, stack(0x000000c6d4e00000,0x000000c6d4f00000)]
  0x0000025fff698000 JavaThread "C2 CompilerThread2" daemon [_thread_blocked, id=2868, stack(0x000000c6d4d00000,0x000000c6d4e00000)]
  0x0000025fff697800 JavaThread "C2 CompilerThread1" daemon [_thread_blocked, id=21152, stack(0x000000c6d4c00000,0x000000c6d4d00000)]
  0x0000025fff69c800 JavaThread "C2 CompilerThread0" daemon [_thread_blocked, id=13580, stack(0x000000c6d4b00000,0x000000c6d4c00000)]
  0x0000025fff689000 JavaThread "Attach Listener" daemon [_thread_blocked, id=27916, stack(0x000000c6d4a00000,0x000000c6d4b00000)]
  0x0000025fff688000 JavaThread "Signal Dispatcher" daemon [_thread_blocked, id=3036, stack(0x000000c6d4900000,0x000000c6d4a00000)]
  0x0000025ffd4fe000 JavaThread "Finalizer" daemon [_thread_blocked, id=24032, stack(0x000000c6d4800000,0x000000c6d4900000)]
  0x0000025fff673000 JavaThread "Reference Handler" daemon [_thread_blocked, id=22988, stack(0x000000c6d4700000,0x000000c6d4800000)]

Other Threads:
  0x0000025fff652800 VMThread [stack: 0x000000c6d4600000,0x000000c6d4700000] [id=26836]
  0x0000025fff769800 WatcherThread [stack: 0x000000c6d5800000,0x000000c6d5900000] [id=17816]

VM state:not at safepoint (normal execution)

VM Mutex/Monitor currently owned by a thread: None

heap address: 0x00000006c4400000, size: 4028 MB, Compressed Oops mode: Zero based, Oop shift amount: 3
Narrow klass base: 0x0000000000000000, Narrow klass shift: 3
Compressed class space size: 1073741824 Address: 0x00000007c0000000

Heap:
 PSYoungGen      total 75264K, used 39258K [0x000000076c180000, 0x0000000771580000, 0x00000007c0000000)
  eden space 64512K, 44% used [0x000000076c180000,0x000000076dd5a838,0x0000000770080000)
  from space 10752K, 99% used [0x0000000770080000,0x0000000770afc020,0x0000000770b00000)
  to   space 10752K, 0% used [0x0000000770b00000,0x0000000770b00000,0x0000000771580000)
 ParOldGen       total 172032K, used 3257K [0x00000006c4400000, 0x00000006cec00000, 0x000000076c180000)
  object space 172032K, 1% used [0x00000006c4400000,0x00000006c472e5c0,0x00000006cec00000)
 Metaspace       used 12176K, capacity 12409K, committed 12672K, reserved 1060864K
  class space    used 1224K, capacity 1291K, committed 1408K, reserved 1048576K

Card table byte_map: [0x0000025ff3730000,0x0000025ff3f10000] byte_map_base: 0x0000025ff010e000

Marking Bits: (ParMarkBitMap*) 0x00000000763563c0
 Begin Bits: [0x0000025ff4450000, 0x0000025ff8340000)
 End Bits:   [0x0000025ff8340000, 0x0000025ffc230000)

Polling page: 0x0000025ff18a0000

CodeCache: size=245760Kb used=7594Kb max_used=7618Kb free=238165Kb
 bounds [0x0000025f80000000, 0x0000025f80780000, 0x0000025f8f000000]
 total_blobs=1908 nmethods=1353 adapters=464
 compilation: enabled

Compilation events (10 events):
Event: 1.151 Thread 0x0000025fff6ef800 1351       3       java.util.regex.Pattern::peek (26 bytes)
Event: 1.151 Thread 0x0000025fff6f2800 1352       4       org.objectweb.asm.tree.FieldNode::<init> (34 bytes)
Event: 1.151 Thread 0x0000025fff6ef800 nmethod 1351 0x0000025f807387d0 code [0x0000025f80738940, 0x0000025f80738c10]
Event: 1.151 Thread 0x0000025fff6f2800 nmethod 1352 0x0000025f807422d0 code [0x0000025f80742400, 0x0000025f807424f8]
Event: 1.166 Thread 0x0000025fff69b000 nmethod 1350 0x0000025f80755190 code [0x0000025f80755540, 0x0000025f80757900]
Event: 1.275 Thread 0x0000025fff697800 nmethod 1341 0x0000025f80762a50 code [0x0000025f80763d20, 0x0000025f8076bb70]
Event: 1.361 Thread 0x0000025fff6ef800 1353       3       org.objectweb.asm.tree.ClassNode::<init> (50 bytes)
Event: 1.362 Thread 0x0000025fff6ef800 nmethod 1353 0x0000025f80750b90 code [0x0000025f80750da0, 0x0000025f807517b0]
Event: 1.370 Thread 0x0000025fff6f0800 1354       3       java.util.WeakHashMap::getEntry (72 bytes)
Event: 1.371 Thread 0x0000025fff6f0800 nmethod 1354 0x0000025f80761c90 code [0x0000025f80761e60, 0x0000025f807626f0]

GC Heap History (2 events):
Event: 0.754 GC heap before
{Heap before GC invocations=1 (full 0):
 PSYoungGen      total 75264K, used 64512K [0x000000076c180000, 0x0000000771580000, 0x00000007c0000000)
  eden space 64512K, 100% used [0x000000076c180000,0x0000000770080000,0x0000000770080000)
  from space 10752K, 0% used [0x0000000770b00000,0x0000000770b00000,0x0000000771580000)
  to   space 10752K, 0% used [0x0000000770080000,0x0000000770080000,0x0000000770b00000)
 ParOldGen       total 172032K, used 0K [0x00000006c4400000, 0x00000006cec00000, 0x000000076c180000)
  object space 172032K, 0% used [0x00000006c4400000,0x00000006c4400000,0x00000006cec00000)
 Metaspace       used 9757K, capacity 9907K, committed 10112K, reserved 1058816K
  class space    used 1001K, capacity 1058K, committed 1152K, reserved 1048576K
Event: 0.758 GC heap after
Heap after GC invocations=1 (full 0):
 PSYoungGen      total 75264K, used 10736K [0x000000076c180000, 0x0000000771580000, 0x00000007c0000000)
  eden space 64512K, 0% used [0x000000076c180000,0x000000076c180000,0x0000000770080000)
  from space 10752K, 99% used [0x0000000770080000,0x0000000770afc020,0x0000000770b00000)
  to   space 10752K, 0% used [0x0000000770b00000,0x0000000770b00000,0x0000000771580000)
 ParOldGen       total 172032K, used 3257K [0x00000006c4400000, 0x00000006cec00000, 0x000000076c180000)
  object space 172032K, 1% used [0x00000006c4400000,0x00000006c472e5c0,0x00000006cec00000)
 Metaspace       used 9757K, capacity 9907K, committed 10112K, reserved 1058816K
  class space    used 1001K, capacity 1058K, committed 1152K, reserved 1048576K
}

Deoptimization events (10 events):
Event: 0.180 Thread 0x0000025ff18fe800 Uncommon trap: reason=unstable_if action=reinterpret pc=0x0000025f804396ac method=org.objectweb.asm.Frame.merge(Lorg/objectweb/asm/SymbolTable;I[II)Z @ 23
Event: 0.189 Thread 0x0000025ff18fe800 Uncommon trap: reason=unstable_if action=reinterpret pc=0x0000025f8043bf34 method=sun.misc.MetaIndex.mayContain(Ljava/lang/String;)Z @ 13
Event: 0.232 Thread 0x0000025ff18fe800 Uncommon trap: reason=unstable_if action=reinterpret pc=0x0000025f8045337c method=org.objectweb.asm.MethodWriter.visitVarInsn(II)V @ 242
Event: 0.232 Thread 0x0000025ff18fe800 Uncommon trap: reason=unstable_if action=reinterpret pc=0x0000025f80455030 method=org.objectweb.asm.Frame.accept(Lorg/objectweb/asm/MethodWriter;)V @ 39
Event: 0.233 Thread 0x0000025ff18fe800 Uncommon trap: reason=unstable_if action=reinterpret pc=0x0000025f80419bdc method=org.objectweb.asm.Frame.push(I)V @ 26
Event: 0.249 Thread 0x0000025ff18fe800 Uncommon trap: reason=unstable_if action=reinterpret pc=0x0000025f80466b0c method=org.objectweb.asm.Frame.push(I)V @ 26
Event: 0.299 Thread 0x0000025f91e48800 Uncommon trap: reason=loop_limit_check action=maybe_recompile pc=0x0000025f8042fd38 method=java.lang.String.indexOf([CII[CIII)I @ 79
Event: 0.310 Thread 0x0000025f91e48800 Uncommon trap: reason=unstable_if action=reinterpret pc=0x0000025f80542508 method=java.lang.String.indexOf([CII[CIII)I @ 3
Event: 0.485 Thread 0x0000025f91e48800 Uncommon trap: reason=unstable_if action=reinterpret pc=0x0000025f80552c18 method=java.io.WinNTFileSystem.normalize(Ljava/lang/String;)Ljava/lang/String; @ 128
Event: 0.835 Thread 0x0000025f91e48800 Uncommon trap: reason=range_check action=make_not_entrant pc=0x0000025f80591bb0 method=java.lang.String.charAt(I)C @ 27

Classes redefined (0 events):
No events

Internal exceptions (10 events):
Event: 0.214 Thread 0x0000025ff18fe800 Exception <a 'java/lang/NoSuchFieldError': method resolution failed> (0x000000076e09bca8) thrown at [C:\jenkins\workspace\Zulu\zulu-platform-build\27969\zulu-src.git\hotspot\src\share\vm\prims\methodHandles.cpp, line 1194]
Event: 0.838 Thread 0x0000025f91e48800 Exception <a 'java/lang/ClassNotFoundException': sun/dc/DuctusRenderingEngine> (0x000000076c8ed908) thrown at [C:\jenkins\workspace\Zulu\zulu-platform-build\27969\zulu-src.git\hotspot\src\share\vm\classfile\systemDictionary.cpp, line 220]
Event: 0.842 Thread 0x0000025f91e48800 Exception <a 'java/io/FileNotFoundException'> (0x000000076c8fe670) thrown at [C:\jenkins\workspace\Zulu\zulu-platform-build\27969\zulu-src.git\hotspot\src\share\vm\prims\jni.cpp, line 712]
Event: 1.356 Thread 0x0000025f939f7800 Exception <a 'java/lang/InterruptedException': sleep interrupted> (0x000000076d992a58) thrown at [C:\jenkins\workspace\Zulu\zulu-platform-build\27969\zulu-src.git\hotspot\src\share\vm\prims\jvm.cpp, line 3374]
Event: 1.362 Thread 0x0000025f939f7800 Exception <a 'java/security/PrivilegedActionException'> (0x000000076dc327a8) thrown at [C:\jenkins\workspace\Zulu\zulu-platform-build\27969\zulu-src.git\hotspot\src\share\vm\prims\jvm.cpp, line 1514]
Event: 1.362 Thread 0x0000025f939f7800 Exception <a 'java/security/PrivilegedActionException'> (0x000000076dc343d0) thrown at [C:\jenkins\workspace\Zulu\zulu-platform-build\27969\zulu-src.git\hotspot\src\share\vm\prims\jvm.cpp, line 1514]
Event: 1.362 Thread 0x0000025f939f7800 Exception <a 'java/security/PrivilegedActionException'> (0x000000076dc354f0) thrown at [C:\jenkins\workspace\Zulu\zulu-platform-build\27969\zulu-src.git\hotspot\src\share\vm\prims\jvm.cpp, line 1514]
Event: 1.362 Thread 0x0000025f939f7800 Exception <a 'java/security/PrivilegedActionException'> (0x000000076dc3a718) thrown at [C:\jenkins\workspace\Zulu\zulu-platform-build\27969\zulu-src.git\hotspot\src\share\vm\prims\jvm.cpp, line 1514]
Event: 1.362 Thread 0x0000025f939f7800 Exception <a 'java/security/PrivilegedActionException'> (0x000000076dc3b420) thrown at [C:\jenkins\workspace\Zulu\zulu-platform-build\27969\zulu-src.git\hotspot\src\share\vm\prims\jvm.cpp, line 1514]
Event: 1.362 Thread 0x0000025f939f7800 Exception <a 'java/security/PrivilegedActionException'> (0x000000076dc3c048) thrown at [C:\jenkins\workspace\Zulu\zulu-platform-build\27969\zulu-src.git\hotspot\src\share\vm\prims\jvm.cpp, line 1514]

Events (10 events):
Event: 1.364 loading class org/lwjgl/openal/ALC10
Event: 1.364 loading class org/lwjgl/openal/ALC10 done
Event: 1.369 loading class org/lwjgl/openal/ALCdevice
Event: 1.369 loading class org/lwjgl/openal/ALCdevice done
Event: 1.370 loading class org/lwjgl/openal/ALCcontext
Event: 1.370 loading class org/lwjgl/openal/ALCcontext done
Event: 1.370 loading class org/lwjgl/openal/Util
Event: 1.370 loading class org/lwjgl/openal/Util done
Event: 1.371 loading class org/lwjgl/openal/OpenALException
Event: 1.371 loading class org/lwjgl/openal/OpenALException done


Dynamic libraries:
0x00007ff6eb260000 - 0x00007ff6eb2b1000 	C:\Program Files\Zulu\zulu-8\bin\javaw.exe
0x00007ffd40470000 - 0x00007ffd40668000 	C:\Windows\SYSTEM32\ntdll.dll
0x00007ffd3f960000 - 0x00007ffd3fa21000 	C:\Windows\System32\KERNEL32.DLL
0x00007ffd3de80000 - 0x00007ffd3e176000 	C:\Windows\System32\KERNELBASE.dll
0x00007ffd3f780000 - 0x00007ffd3f830000 	C:\Windows\System32\ADVAPI32.dll
0x00007ffd3fd40000 - 0x00007ffd3fdde000 	C:\Windows\System32\msvcrt.dll
0x00007ffd3fb60000 - 0x00007ffd3fc00000 	C:\Windows\System32\sechost.dll
0x00007ffd3ee60000 - 0x00007ffd3ef83000 	C:\Windows\System32\RPCRT4.dll
0x00007ffd3e470000 - 0x00007ffd3e497000 	C:\Windows\System32\bcrypt.dll
0x00007ffd40190000 - 0x00007ffd4032f000 	C:\Windows\System32\USER32.dll
0x00007ffd3de50000 - 0x00007ffd3de72000 	C:\Windows\System32\win32u.dll
0x00007ffd40160000 - 0x00007ffd4018b000 	C:\Windows\System32\GDI32.dll
0x00007ffd3dbc0000 - 0x00007ffd3dcd7000 	C:\Windows\System32\gdi32full.dll
0x00007ffd3db20000 - 0x00007ffd3dbbd000 	C:\Windows\System32\msvcp_win.dll
0x00007ffd3dd50000 - 0x00007ffd3de50000 	C:\Windows\System32\ucrtbase.dll
0x00007ffd2bb80000 - 0x00007ffd2be1a000 	C:\Windows\WinSxS\amd64_microsoft.windows.common-controls_6595b64144ccf1df_6.0.19041.4355_none_60b8b9eb71f62e16\COMCTL32.dll
0x00007ffd40330000 - 0x00007ffd4035f000 	C:\Windows\System32\IMM32.DLL
0x00007ffd18eb0000 - 0x00007ffd18ec5000 	C:\Program Files\Zulu\zulu-8\jre\bin\vcruntime140.dll
0x00007ffd08a80000 - 0x00007ffd08b1b000 	C:\Program Files\Zulu\zulu-8\jre\bin\msvcp140.dll
0x0000000075b60000 - 0x00000000763d1000 	C:\Program Files\Zulu\zulu-8\jre\bin\server\jvm.dll
0x00007ffd3ee50000 - 0x00007ffd3ee58000 	C:\Windows\System32\PSAPI.DLL
0x00007ffd1f130000 - 0x00007ffd1f139000 	C:\Windows\SYSTEM32\WSOCK32.dll
0x00007ffd40360000 - 0x00007ffd403cb000 	C:\Windows\System32\WS2_32.dll
0x00007ffd32230000 - 0x00007ffd3223a000 	C:\Windows\SYSTEM32\VERSION.dll
0x00007ffd2a2e0000 - 0x00007ffd2a307000 	C:\Windows\SYSTEM32\WINMM.dll
0x00007ffd3c2f0000 - 0x00007ffd3c302000 	C:\Windows\SYSTEM32\kernel.appcore.dll
0x00007ffd37f70000 - 0x00007ffd37f80000 	C:\Program Files\Zulu\zulu-8\jre\bin\verify.dll
0x00007ffd228f0000 - 0x00007ffd2291b000 	C:\Program Files\Zulu\zulu-8\jre\bin\java.dll
0x00007ffd378e0000 - 0x00007ffd378f8000 	C:\Program Files\Zulu\zulu-8\jre\bin\zip.dll
0x00007ffd3f010000 - 0x00007ffd3f77c000 	C:\Windows\System32\SHELL32.dll
0x00007ffd3bb40000 - 0x00007ffd3c2de000 	C:\Windows\SYSTEM32\windows.storage.dll
0x00007ffd3fde0000 - 0x00007ffd40133000 	C:\Windows\System32\combase.dll
0x00007ffd3d3f0000 - 0x00007ffd3d41e000 	C:\Windows\SYSTEM32\Wldp.dll
0x00007ffd3fa90000 - 0x00007ffd3fb5d000 	C:\Windows\System32\OLEAUT32.dll
0x00007ffd3fc00000 - 0x00007ffd3fcad000 	C:\Windows\System32\SHCORE.dll
0x00007ffd3e910000 - 0x00007ffd3e965000 	C:\Windows\System32\shlwapi.dll
0x00007ffd3da50000 - 0x00007ffd3da74000 	C:\Windows\SYSTEM32\profapi.dll
0x00007ffd08430000 - 0x00007ffd085c4000 	C:\Program Files\Zulu\zulu-8\jre\bin\awt.dll
0x00007ffd3ace0000 - 0x00007ffd3ad74000 	C:\Windows\SYSTEM32\apphelp.dll
0x00007ffd3d430000 - 0x00007ffd3d448000 	C:\Windows\SYSTEM32\CRYPTSP.dll
0x00007ffd3cab0000 - 0x00007ffd3cae4000 	C:\Windows\system32\rsaenh.dll
0x00007ffd3da00000 - 0x00007ffd3da2e000 	C:\Windows\SYSTEM32\USERENV.dll
0x00007ffd3e180000 - 0x00007ffd3e202000 	C:\Windows\System32\bcryptprimitives.dll
0x00007ffd3d360000 - 0x00007ffd3d36c000 	C:\Windows\SYSTEM32\CRYPTBASE.dll
0x00007ffd377b0000 - 0x00007ffd377cc000 	C:\Program Files\Zulu\zulu-8\jre\bin\net.dll
0x00007ffd3d1d0000 - 0x00007ffd3d23a000 	C:\Windows\system32\mswsock.dll
0x00007ffd3ced0000 - 0x00007ffd3cf0b000 	C:\Windows\SYSTEM32\IPHLPAPI.DLL
0x00007ffd3f840000 - 0x00007ffd3f848000 	C:\Windows\System32\NSI.dll
0x00007ffd370c0000 - 0x00007ffd370d7000 	C:\Windows\SYSTEM32\dhcpcsvc6.DLL
0x00007ffd374a0000 - 0x00007ffd374bd000 	C:\Windows\SYSTEM32\dhcpcsvc.DLL
0x00007ffd3cf10000 - 0x00007ffd3cfda000 	C:\Windows\SYSTEM32\DNSAPI.dll
0x00007ffd35160000 - 0x00007ffd35173000 	C:\Program Files\Zulu\zulu-8\jre\bin\nio.dll
0x0000000180000000 - 0x0000000180053000 	C:\Users\penguin\Documents\new\Forever-Indev\libraries\natives\lwjgl64.dll
0x00007ffcfb540000 - 0x00007ffcfb668000 	C:\Windows\SYSTEM32\OPENGL32.dll
0x00007ffd0e700000 - 0x00007ffd0e72c000 	C:\Windows\SYSTEM32\GLU32.dll
0x00007ffd35520000 - 0x00007ffd355ce000 	C:\Windows\SYSTEM32\mscms.dll
0x00007ffd356b0000 - 0x00007ffd356c1000 	C:\Windows\SYSTEM32\ColorAdapterClient.dll
0x00007ffd3b090000 - 0x00007ffd3b12e000 	C:\Windows\system32\uxtheme.dll
0x00007ffd3eb20000 - 0x00007ffd3ec34000 	C:\Windows\System32\MSCTF.dll
0x00007ffd3f8b0000 - 0x00007ffd3f959000 	C:\Windows\System32\clbcatq.dll
0x00007ffcd64e0000 - 0x00007ffcd9184000 	C:\Windows\System32\DriverStore\FileRepository\nvltig.inf_amd64_d33e5d66e9434c3a\nvoglv64.dll
0x00007ffd3e4a0000 - 0x00007ffd3e90e000 	C:\Windows\System32\SETUPAPI.dll
0x00007ffd3e420000 - 0x00007ffd3e46e000 	C:\Windows\System32\cfgmgr32.dll
0x00007ffd3ed20000 - 0x00007ffd3ee4b000 	C:\Windows\System32\ole32.dll
0x00007ffd391a0000 - 0x00007ffd391b4000 	C:\Windows\SYSTEM32\WTSAPI32.dll
0x00007ffd3d6d0000 - 0x00007ffd3d6e2000 	C:\Windows\SYSTEM32\msasn1.dll
0x00007ffd321b0000 - 0x00007ffd321e1000 	C:\Windows\SYSTEM32\cryptnet.dll
0x00007ffd3e210000 - 0x00007ffd3e36e000 	C:\Windows\System32\CRYPT32.dll
0x00007ffd32300000 - 0x00007ffd32447000 	C:\Windows\SYSTEM32\drvstore.dll
0x00007ffd3d8a0000 - 0x00007ffd3d8d3000 	C:\Windows\SYSTEM32\devobj.dll
0x00007ffd3dce0000 - 0x00007ffd3dd49000 	C:\Windows\System32\WINTRUST.dll
0x00007ffd3cbd0000 - 0x00007ffd3cc03000 	C:\Windows\SYSTEM32\ntmarta.dll
0x00007ffd40140000 - 0x00007ffd4015d000 	C:\Windows\System32\imagehlp.dll
0x00007ffd2c160000 - 0x00007ffd2e37e000 	C:\Windows\System32\DriverStore\FileRepository\nvltig.inf_amd64_d33e5d66e9434c3a\nvgpucomp64.dll
0x00007ffd37d70000 - 0x00007ffd37dab000 	C:\Windows\SYSTEM32\dxcore.dll
0x00007ffd3b460000 - 0x00007ffd3b48f000 	C:\Windows\SYSTEM32\dwmapi.dll
0x00007ffd2e8e0000 - 0x00007ffd2e9d9000 	C:\Windows\SYSTEM32\textinputframework.dll
0x00007ffd3a670000 - 0x00007ffd3a9cb000 	C:\Windows\System32\CoreUIComponents.dll
0x00007ffd3a9d0000 - 0x00007ffd3aac2000 	C:\Windows\System32\CoreMessaging.dll
0x00007ffd39770000 - 0x00007ffd398c7000 	C:\Windows\SYSTEM32\wintypes.dll
0x00007ffd20df0000 - 0x00007ffd20e36000 	C:\Windows\SYSTEM32\icm32.dll
0x00007ffd3d490000 - 0x00007ffd3d4db000 	C:\Windows\SYSTEM32\powrprof.dll
0x00007ffd3d450000 - 0x00007ffd3d462000 	C:\Windows\SYSTEM32\UMPDC.dll
0x00007ffd3cd40000 - 0x00007ffd3cd9b000 	C:\Windows\SYSTEM32\WINSTA.dll
0x00007ffd00d80000 - 0x00007ffd00f50000 	C:\Windows\system32\d3d9.dll
0x00007ffd32240000 - 0x00007ffd322fe000 	C:\Windows\System32\DriverStore\FileRepository\nvltig.inf_amd64_d33e5d66e9434c3a\nvldumdx.dll
0x00007ffcce8f0000 - 0x00007ffcd0c9f000 	C:\Windows\System32\DriverStore\FileRepository\nvltig.inf_amd64_d33e5d66e9434c3a\nvd3dumx.dll
0x00007ffd089c0000 - 0x00007ffd08a78000 	C:\Windows\SYSTEM32\d3d9on12.dll
0x00007ffd3c360000 - 0x00007ffd3c455000 	C:\Windows\SYSTEM32\dxgi.dll
0x00007ffd19f30000 - 0x00007ffd19f55000 	C:\Windows\SYSTEM32\d3d12.dll
0x00007ffcfc000000 - 0x00007ffcfc1cd000 	C:\Windows\SYSTEM32\D3D12Core.dll
0x00007ffd08310000 - 0x00007ffd0842c000 	C:\Windows\System32\DriverStore\FileRepository\iigd_dch.inf_amd64_f0d0eb9243852f17\igd12umd64.dll
0x00007ffcbffb0000 - 0x00007ffcc436f000 	C:\Windows\System32\DriverStore\FileRepository\iigd_dch.inf_amd64_f0d0eb9243852f17\igd12um64xel.dll
0x00007ffcfcd40000 - 0x00007ffcfcdd5000 	C:\Windows\System32\DriverStore\FileRepository\iigd_dch.inf_amd64_f0d0eb9243852f17\IntelControlLib.dll
0x00007ffce3750000 - 0x00007ffce3b90000 	C:\Windows\System32\DriverStore\FileRepository\iigd_dch.inf_amd64_f0d0eb9243852f17\igdgmm64.dll
0x00007ffcde4a0000 - 0x00007ffce251a000 	C:\Windows\System32\DriverStore\FileRepository\iigd_dch.inf_amd64_f0d0eb9243852f17\igc64.dll
0x00007ffd18ac0000 - 0x00007ffd18aeb000 	C:\Windows\SYSTEM32\D3DSCache.dll
0x00007ffd07fe0000 - 0x00007ffd08302000 	C:\Windows\System32\DriverStore\FileRepository\iigd_dch.inf_amd64_f0d0eb9243852f17\igd12dxva64.dll
0x00007ffcea7b0000 - 0x00007ffcebb5a000 	C:\Windows\System32\DriverStore\FileRepository\iigd_dch.inf_amd64_f0d0eb9243852f17\igddxvacommon64.dll
0x00007ffcd9f70000 - 0x00007ffcdbc9d000 	C:\Windows\System32\DriverStore\FileRepository\iigd_dch.inf_amd64_f0d0eb9243852f17\media_bin_64.dll
0x00007ffd18920000 - 0x00007ffd18948000 	C:\Windows\System32\DriverStore\FileRepository\iigd_dch.inf_amd64_f0d0eb9243852f17\igdinfo64.dll
0x00007ffd3c310000 - 0x00007ffd3c333000 	C:\Windows\SYSTEM32\gpapi.dll
0x0000025f94150000 - 0x0000025f94166000 	C:\Users\penguin\Documents\new\Forever-Indev\libraries\natives\jinput-dx8_64.dll
0x00007ffd0a3a0000 - 0x00007ffd0a3e5000 	C:\Windows\SYSTEM32\DINPUT8.dll
0x00007ffd2e780000 - 0x00007ffd2e8d2000 	C:\Windows\SYSTEM32\inputhost.dll
0x00007ffd38ea0000 - 0x00007ffd38f96000 	C:\Windows\SYSTEM32\PROPSYS.dll
0x00007ffd3c2e0000 - 0x00007ffd3c2ed000 	C:\Windows\SYSTEM32\HID.DLL
0x0000025f97610000 - 0x0000025f97624000 	C:\Users\penguin\Documents\new\Forever-Indev\libraries\natives\jinput-raw_64.dll
0x0000025f97650000 - 0x0000025f976b4000 	C:\Users\penguin\Documents\new\Forever-Indev\libraries\natives\OpenAL64.dll
0x00007ffd2f7c0000 - 0x00007ffd2f845000 	C:\Windows\System32\MMDevApi.dll
0x00007ffd08920000 - 0x00007ffd089bc000 	C:\Windows\SYSTEM32\dsound.dll
0x00007ffd0eb20000 - 0x00007ffd0eb46000 	C:\Windows\SYSTEM32\winmmbase.dll
0x00007ffd13b10000 - 0x00007ffd13c91000 	C:\Windows\SYSTEM32\AUDIOSES.DLL
0x00007ffd3b680000 - 0x00007ffd3b864000 	C:\Windows\SYSTEM32\dbghelp.dll

VM Arguments:
jvm_args: -Djava.library.path=C:\Users\penguin\Documents\new\Forever-Indev\libraries\natives -Dfile.encoding=Cp1252 
java_command: org.mcphackers.launchwrapper.Launch --username HatsuneMiku --sessionid - --gameDir minecraft_any/game --assetsDir minecraft_any/game/assets --resourcesProxyPort 11702 --skinProxy pre-b1.9-pre4
java_class_path (initial): C:\Users\penguin\Documents\new\Forever-Indev\minecraft\output;C:\Users\penguin\Documents\new\Forever-Indev\libraries\org\mcphackers\launchwrapper\1.0\launchwrapper-1.0.jar;C:\Users\penguin\Documents\new\Forever-Indev\libraries\org\ow2\asm\asm-tree\9.2\asm-tree-9.2.jar;C:\Users\penguin\Documents\new\Forever-Indev\libraries\org\ow2\asm\asm\9.2\asm-9.2.jar;C:\Users\penguin\Documents\new\Forever-Indev\libraries\org\lwjgl\lwjgl\lwjgl\2.9.4\lwjgl-2.9.4.jar;C:\Users\penguin\Documents\new\Forever-Indev\libraries\org\lwjgl\lwjgl\lwjgl_util\2.9.4\lwjgl_util-2.9.4.jar;C:\Users\penguin\Documents\new\Forever-Indev\libraries\org\json\json\20230311\json-20230311.jar;C:\Users\penguin\Documents\new\Forever-Indev\libraries\net\java\jinput\jinput\2.0.5\jinput-2.0.5.jar;C:\Users\penguin\Documents\new\Forever-Indev\libraries\net\java\jutils\jutils\1.0.0\jutils-1.0.0.jar;C:\Users\penguin\Documents\new\Forever-Indev\libraries\com\paulscode\codecjorbis\20230120\codecjorbis-20230120.jar;C:\Users\penguin\Documents\new\Forever-Indev\libraries\com\paulscode\codecwav\20101023\codecwav-20101023.jar;C:\Users\penguin\Documents\new\Forever-Indev\libraries\com\paulscode\libraryjavasound\20101123\libraryjavasound-20101123.jar;C:\Users\penguin\Documents\new\Forever-Indev\libraries\com\paulscode\librarylwjglopenal\20100824\librarylwjglopenal-20100824.jar;C:\Users\penguin\Documents\new\Forever-Indev\libraries\com\paulscode\soundsystem\20120107\soundsystem-20120107.jar;C:\Users\penguin\Documents\new\Forever-Indev\libraries\org\mcphackers\rdi\rdi\1.0\rdi-1.0.jar;C:\Users\penguin\Documents\new\Forever-Indev\minecraft\jars\deobfuscated.jar
Launcher Type: SUN_STANDARD

Environment Variables:
JAVA_HOME=C:\Program Files\Java\jdk-17
PATH=C:/Program Files/Zulu/zulu-8/bin/../jre/bin/server;C:/Program Files/Zulu/zulu-8/bin/../jre/bin;C:/Program Files/Zulu/zulu-8/bin/../jre/lib/amd64;C:\Program Files\ImageMagick-7.1.1-Q16-HDRI;C:\Windows\system32;C:\Windows\System32\Wbem;C:\Windows;C:\Windows\System32\WindowsPowerShell\v1.0\;C:\Windows\System32\OpenSSH\;C:\Program Files\Zulu\zulu-8\bin\;C:\tools\ruby33\bin;C:\ProgramData\Oracle\Java\javapath;%SystemRoot%\system32;%SystemRoot%\System32\Wbem;%SystemRoot%;%SystemRoot%\System32\WindowsPowerShell\v1.0\;%SystemRoot%\System32\OpenSSH\;C:\Program Files (x86)\VMware\VMware Workstation\bin\;C:\Program Files\Common Files\Oracle\Java\javapath;C:\Program Files (x86)\Common Files\Oracle\Java\java8path;C:\Program Files (x86)\Common Files\Oracle\Java\javapath;C:\ProgramData\chocolatey\bin;C:\Program Files\nodejs\;C:\Program Files\Git\cmd;C:\Program Files\Git LFS;C:\Program Files (x86)\Windows Kits\10\Windows Performance Toolkit\;C:\Program Files\dotnet\;C:\tools\winfetch;C:\Users\penguin\scoop\shims;C:\Users\penguin\AppData\Local\Programs\Python\Python312\Scripts\;C:\Users\penguin\AppData\Local\Programs\Python\Python312\;C:\Users\penguin\AppData\Local\Programs\Python\Launcher\;C:\Users\penguin\AppData\Local\Microsoft\WindowsApps;C:\Users\penguin\AppData\Local\Programs\Microsoft VS Code\bin;C:\Users\penguin\AppData\Roaming\npm;C:\Users\penguin\Downloads\libimobile-suite-latest_x86_64-mingw64.tar\libimobile-suite-latest_x86_64-mingw64;C:\Program Files\MongoDB\Server\7.3\bin;C:\Users\penguin\AppData\Local\GitHubDesktop\bin;C:\Users\penguin\Downloads\eclipse;
USERNAME=penguin
OS=Windows_NT
PROCESSOR_IDENTIFIER=Intel64 Family 6 Model 154 Stepping 3, GenuineIntel



---------------  S Y S T E M  ---------------

OS: Windows 10 , 64 bit Build 19041 (10.0.19041.4597)
HyperV virtualization detected

CPU:total 20 (initial active 20) (10 cores per cpu, 2 threads per core) family 6 model 154 stepping 3, cmov, cx8, fxsr, mmx, sse, sse2, sse3, ssse3, sse4.1, sse4.2, popcnt, avx, avx2, aes, clmul, erms, 3dnowpref, lzcnt, ht, tsc, tscinvbit, bmi1, bmi2, adx

Memory: 4k page, physical 16495096k(5709464k free), swap 35456532k(12110372k free)

vm_info: OpenJDK 64-Bit Server VM (25.412-b08) for windows-amd64 JRE (Zulu 8.78.0.19-CA-win64) (1.8.0_412-b08), built on Mar 28 2024 10:49:41 by "abrygin" with MS VC++ 15.9 (VS2017)

time: Sun Aug  4 15:50:17 2024
timezone: Eastern Daylight Time
elapsed time: 1.387526 seconds (0d 0h 0m 1s)

