#
# A fatal error has been detected by the Java Runtime Environment:
#
#  EXCEPTION_ACCESS_VIOLATION (0xc0000005) at pc=0x000002d9cc8c1066, pid=15188, tid=0x0000000000004c0c
#
# JRE version: OpenJDK Runtime Environment (Zulu 8.78.0.19-CA-win64) (8.0_412-b08) (build 1.8.0_412-b08)
# Java VM: OpenJDK 64-Bit Server VM (25.412-b08 mixed mode windows-amd64 compressed oops)
# Problematic frame:
# C  [OpenAL64.dll+0x11066]
#
# Failed to write core dump. Minidumps are not enabled by default on client versions of Windows
#
# If you would like to submit a bug report, please visit:
#   http://www.azul.com/support/
# The crash happened outside the Java Virtual Machine in native code.
# See problematic frame for where to report the bug.
#

---------------  T H R E A D  ---------------

Current thread (0x000002d9c797a800):  JavaThread "Thread-6" [_thread_in_native, id=19468, stack(0x000000dd79700000,0x000000dd79800000)]

siginfo: ExceptionCode=0xc0000005, reading address 0x000002d9c59b6004

Registers:
RAX=0x0000000000000004, RBX=0x000002d9ccaa0090, RCX=0x000002d9c59b6008, RDX=0x000002d9c59b6004
RSP=0x000000dd797fecc0, RBP=0x00000000000000ff, RSI=0x000002d9c59ad8dc, RDI=0x0000000000000000
R8 =0x00000000000021ca, R9 =0x000002d9c59ad8dc, R10=0x000002d9a6c49d62, R11=0x0000000075d6acd0
R12=0x0000000000000001, R13=0x000002d9cc563098, R14=0x000000dd797fee58, R15=0x000002d9c797a800
RIP=0x000002d9cc8c1066, EFLAGS=0x0000000000010202

Top of Stack: (sp=0x000000dd797fecc0)
0x000000dd797fecc0:   0000000000000000 000002d9c797a800
0x000000dd797fecd0:   000000dd797fee58 000002d9cc563098
0x000000dd797fece0:   000002d9cc563098 0000000000000000
0x000000dd797fecf0:   000002d9c797a800 0000000000000000
0x000000dd797fed00:   000000dd797fee20 0000000075bfee9b
0x000000dd797fed10:   000000dd797fed40 000002d9a6c8b790
0x000000dd797fed20:   000002d9c7c777e0 000002d9c3810f90
0x000000dd797fed30:   000002d9c797a800 000000dd797fee58
0x000000dd797fed40:   000002d9cc563098 0000000000000000
0x000000dd797fed50:   000002d9c59ad8dc 00000007700ad0b0
0x000000dd797fed60:   000000dd797fee20 000002d9cc8c248f
0x000000dd797fed70:   000002d9ccaa0090 000002d9ccaa0090
0x000000dd797fed80:   000002d90000ac44 000002d900000004
0x000000dd797fed90:   0000000000000010 000002d9a6c49d8e
0x000000dd797feda0:   000002d9cc563098 000002d9a6c49a85
0x000000dd797fedb0:   000002d9cc563098 000000dd797fee20 

Instructions: (pc=0x000002d9cc8c1066)
0x000002d9cc8c1046:   41 2b ec 81 3a 03 00 02 00 75 09 8b 01 89 84 24
0x000002d9cc8c1056:   c8 00 00 00 49 83 c0 02 48 83 c1 08 4a 8d 14 86
0x000002d9cc8c1066:   39 3a 75 af 4c 8d 84 24 c0 00 00 00 48 8d 15 d7
0x000002d9cc8c1076:   2b 03 00 33 c9 e8 58 5f 00 00 b8 40 1f 00 00 4c 


Register to memory mapping:

RAX=0x0000000000000004 is an unknown value
RBX=0x000002d9ccaa0090 is an unknown value
RCX=0x000002d9c59b6008 is an unknown value
RDX=0x000002d9c59b6004 is an unknown value
RSP=0x000000dd797fecc0 is pointing into the stack for thread: 0x000002d9c797a800
RBP=0x00000000000000ff is an unknown value
RSI=0x000002d9c59ad8dc is an unknown value
RDI=0x0000000000000000 is an unknown value
R8 =0x00000000000021ca is an unknown value
R9 =0x000002d9c59ad8dc is an unknown value
R10=0x000002d9a6c49d62 is at code_begin+962 in an Interpreter codelet
method entry point (kind = native)  [0x000002d9a6c499a0, 0x000002d9a6c4a440]  2720 bytes
R11=0x0000000075d6acd0 is an unknown value
R12=0x0000000000000001 is an unknown value
R13={method} {0x000002d9cc5630a0} 'nalcCreateContext' '(JJ)J' in 'org/lwjgl/openal/ALC10'
R14=0x000000dd797fee58 is pointing into the stack for thread: 0x000002d9c797a800
R15=0x000002d9c797a800 is a thread


Stack: [0x000000dd79700000,0x000000dd79800000],  sp=0x000000dd797fecc0,  free space=1019k
Native frames: (J=compiled Java code, j=interpreted, Vv=VM code, C=native code)
C  [OpenAL64.dll+0x11066]
C  [OpenAL64.dll+0x1248f]
C  0x000002d9a6c49d8e

Java frames: (J=compiled Java code, j=interpreted, Vv=VM code)
j  org.lwjgl.openal.ALC10.nalcCreateContext(JJ)J+0
j  org.lwjgl.openal.ALC10.alcCreateContext(Lorg/lwjgl/openal/ALCdevice;Ljava/nio/IntBuffer;)Lorg/lwjgl/openal/ALCcontext;+8
j  org.lwjgl.openal.AL.init(Ljava/lang/String;IIZZ)V+69
j  org.lwjgl.openal.AL.create(Ljava/lang/String;IIZZ)V+245
j  org.lwjgl.openal.AL.create(Ljava/lang/String;IIZ)V+5
j  org.lwjgl.openal.AL.create()V+6
j  paulscode.sound.libraries.LibraryLWJGLOpenAL.init()V+2
j  paulscode.sound.SoundSystem.CommandNewLibrary(Ljava/lang/Class;)V+260
j  paulscode.sound.SoundSystem.CommandQueue(Lpaulscode/sound/CommandObject;)Z+1206
j  paulscode.sound.CommandThread.run()V+51
v  ~StubRoutines::call_stub

---------------  P R O C E S S  ---------------

Java Threads: ( => current thread )
  0x000002d9c7d73800 JavaThread "Thread-7" [_thread_blocked, id=4168, stack(0x000000dd79800000,0x000000dd79900000)]
=>0x000002d9c797a800 JavaThread "Thread-6" [_thread_in_native, id=19468, stack(0x000000dd79700000,0x000000dd79800000)]
  0x000002d9c7956800 JavaThread "Thread-5" daemon [_thread_in_native, id=23576, stack(0x000000dd79600000,0x000000dd79700000)]
  0x000002d9c4746000 JavaThread "AWT-Windows" daemon [_thread_in_native, id=26500, stack(0x000000dd79000000,0x000000dd79100000)]
  0x000002d9c4745800 JavaThread "AWT-Shutdown" [_thread_blocked, id=26608, stack(0x000000dd78f00000,0x000000dd79000000)]
  0x000002d9c58b6000 JavaThread "Java2D Disposer" daemon [_thread_blocked, id=26524, stack(0x000000dd78800000,0x000000dd78900000)]
  0x000002d9a527b000 JavaThread "DestroyJavaVM" [_thread_blocked, id=5380, stack(0x000000dd76300000,0x000000dd76400000)]
  0x000002d9c5814000 JavaThread "Minecraft main thread" [_thread_blocked, id=12172, stack(0x000000dd78700000,0x000000dd78800000)]
  0x000002d9c5998800 JavaThread "Timer hack thread" daemon [_thread_blocked, id=26148, stack(0x000000dd78600000,0x000000dd78700000)]
  0x000002d9c20ad000 JavaThread "Service Thread" daemon [_thread_blocked, id=16236, stack(0x000000dd78400000,0x000000dd78500000)]
  0x000002d9c2015800 JavaThread "C1 CompilerThread11" daemon [_thread_blocked, id=17976, stack(0x000000dd78300000,0x000000dd78400000)]
  0x000002d9c2014800 JavaThread "C1 CompilerThread10" daemon [_thread_blocked, id=22868, stack(0x000000dd78200000,0x000000dd78300000)]
  0x000002d9c2013800 JavaThread "C1 CompilerThread9" daemon [_thread_blocked, id=24704, stack(0x000000dd78100000,0x000000dd78200000)]
  0x000002d9c2017800 JavaThread "C1 CompilerThread8" daemon [_thread_blocked, id=22844, stack(0x000000dd78000000,0x000000dd78100000)]
  0x000002d9c201a000 JavaThread "C2 CompilerThread7" daemon [_thread_blocked, id=9900, stack(0x000000dd77f00000,0x000000dd78000000)]
  0x000002d9c2008000 JavaThread "C2 CompilerThread6" daemon [_thread_blocked, id=5600, stack(0x000000dd77e00000,0x000000dd77f00000)]
  0x000002d9c1fd5800 JavaThread "C2 CompilerThread5" daemon [_thread_blocked, id=27772, stack(0x000000dd77d00000,0x000000dd77e00000)]
  0x000002d9c1fd3800 JavaThread "C2 CompilerThread4" daemon [_thread_blocked, id=23448, stack(0x000000dd77c00000,0x000000dd77d00000)]
  0x000002d9c1fc2800 JavaThread "C2 CompilerThread3" daemon [_thread_blocked, id=5044, stack(0x000000dd77b00000,0x000000dd77c00000)]
  0x000002d9c1fc2000 JavaThread "C2 CompilerThread2" daemon [_thread_blocked, id=25548, stack(0x000000dd77a00000,0x000000dd77b00000)]
  0x000002d9c1fbf000 JavaThread "C2 CompilerThread1" daemon [_thread_blocked, id=13580, stack(0x000000dd77900000,0x000000dd77a00000)]
  0x000002d9c1fc6000 JavaThread "C2 CompilerThread0" daemon [_thread_blocked, id=25172, stack(0x000000dd77800000,0x000000dd77900000)]
  0x000002d9c1fb9000 JavaThread "Attach Listener" daemon [_thread_blocked, id=14380, stack(0x000000dd77700000,0x000000dd77800000)]
  0x000002d9bfe1e800 JavaThread "Signal Dispatcher" daemon [_thread_blocked, id=27124, stack(0x000000dd77600000,0x000000dd77700000)]
  0x000002d9bfe0d800 JavaThread "Finalizer" daemon [_thread_blocked, id=10232, stack(0x000000dd77500000,0x000000dd77600000)]
  0x000002d9c1fa3000 JavaThread "Reference Handler" daemon [_thread_blocked, id=27904, stack(0x000000dd77400000,0x000000dd77500000)]

Other Threads:
  0x000002d9bfdfb000 VMThread [stack: 0x000000dd77300000,0x000000dd77400000] [id=27692]
  0x000002d9c20ae000 WatcherThread [stack: 0x000000dd78500000,0x000000dd78600000] [id=25344]

VM state:not at safepoint (normal execution)

VM Mutex/Monitor currently owned by a thread: None

heap address: 0x00000006c4400000, size: 4028 MB, Compressed Oops mode: Zero based, Oop shift amount: 3
Narrow klass base: 0x0000000000000000, Narrow klass shift: 3
Compressed class space size: 1073741824 Address: 0x00000007c0000000

Heap:
 PSYoungGen      total 75264K, used 39605K [0x000000076c180000, 0x0000000771580000, 0x00000007c0000000)
  eden space 64512K, 44% used [0x000000076c180000,0x000000076ddb54e0,0x0000000770080000)
  from space 10752K, 99% used [0x0000000770080000,0x0000000770af8010,0x0000000770b00000)
  to   space 10752K, 0% used [0x0000000770b00000,0x0000000770b00000,0x0000000771580000)
 ParOldGen       total 172032K, used 3325K [0x00000006c4400000, 0x00000006cec00000, 0x000000076c180000)
  object space 172032K, 1% used [0x00000006c4400000,0x00000006c473f490,0x00000006cec00000)
 Metaspace       used 12170K, capacity 12403K, committed 12672K, reserved 1060864K
  class space    used 1223K, capacity 1285K, committed 1408K, reserved 1048576K

Card table byte_map: [0x000002d9b5ff0000,0x000002d9b67d0000] byte_map_base: 0x000002d9b29ce000

Marking Bits: (ParMarkBitMap*) 0x00000000763563c0
 Begin Bits: [0x000002d9b6d10000, 0x000002d9bac00000)
 End Bits:   [0x000002d9bac00000, 0x000002d9beaf0000)

Polling page: 0x000002d9a5370000

CodeCache: size=245760Kb used=7570Kb max_used=7593Kb free=238189Kb
 bounds [0x000002d9a6c30000, 0x000002d9a73b0000, 0x000002d9b5c30000]
 total_blobs=1898 nmethods=1343 adapters=464
 compilation: enabled

Compilation events (10 events):
Event: 1.200 Thread 0x000002d9c2013800 nmethod 1340 0x000002d9a7365310 code [0x000002d9a7365480, 0x000002d9a7365750]
Event: 1.200 Thread 0x000002d9c1fd3800 1342       4       org.objectweb.asm.tree.FieldNode::<init> (34 bytes)
Event: 1.200 Thread 0x000002d9c1fd3800 nmethod 1342 0x000002d9a7371290 code [0x000002d9a73713c0, 0x000002d9a73714b8]
Event: 1.214 Thread 0x000002d9c1fbf000 nmethod 1333 0x000002d9a737cd10 code [0x000002d9a737d000, 0x000002d9a737f700]
Event: 1.221 Thread 0x000002d9c1fc2000 nmethod 1341 0x000002d9a7382a50 code [0x000002d9a7382e00, 0x000002d9a73851e0]
Event: 1.337 Thread 0x000002d9c1fc6000 nmethod 1330 0x000002d9a7390350 code [0x000002d9a7391620, 0x000002d9a7399450]
Event: 1.411 Thread 0x000002d9c2013800 1343       3       org.objectweb.asm.tree.ClassNode::<init> (50 bytes)
Event: 1.412 Thread 0x000002d9c2013800 nmethod 1343 0x000002d9a737b0d0 code [0x000002d9a737b2e0, 0x000002d9a737bcf0]
Event: 1.419 Thread 0x000002d9c2015800 1344       3       java.util.WeakHashMap::getEntry (72 bytes)
Event: 1.420 Thread 0x000002d9c2015800 nmethod 1344 0x000002d9a7379d10 code [0x000002d9a7379ee0, 0x000002d9a737a770]

GC Heap History (2 events):
Event: 0.822 GC heap before
{Heap before GC invocations=1 (full 0):
 PSYoungGen      total 75264K, used 64512K [0x000000076c180000, 0x0000000771580000, 0x00000007c0000000)
  eden space 64512K, 100% used [0x000000076c180000,0x0000000770080000,0x0000000770080000)
  from space 10752K, 0% used [0x0000000770b00000,0x0000000770b00000,0x0000000771580000)
  to   space 10752K, 0% used [0x0000000770080000,0x0000000770080000,0x0000000770b00000)
 ParOldGen       total 172032K, used 0K [0x00000006c4400000, 0x00000006cec00000, 0x000000076c180000)
  object space 172032K, 0% used [0x00000006c4400000,0x00000006c4400000,0x00000006cec00000)
 Metaspace       used 9757K, capacity 9901K, committed 10112K, reserved 1058816K
  class space    used 1001K, capacity 1052K, committed 1152K, reserved 1048576K
Event: 0.828 GC heap after
Heap after GC invocations=1 (full 0):
 PSYoungGen      total 75264K, used 10720K [0x000000076c180000, 0x0000000771580000, 0x00000007c0000000)
  eden space 64512K, 0% used [0x000000076c180000,0x000000076c180000,0x0000000770080000)
  from space 10752K, 99% used [0x0000000770080000,0x0000000770af8010,0x0000000770b00000)
  to   space 10752K, 0% used [0x0000000770b00000,0x0000000770b00000,0x0000000771580000)
 ParOldGen       total 172032K, used 3325K [0x00000006c4400000, 0x00000006cec00000, 0x000000076c180000)
  object space 172032K, 1% used [0x00000006c4400000,0x00000006c473f490,0x00000006cec00000)
 Metaspace       used 9757K, capacity 9901K, committed 10112K, reserved 1058816K
  class space    used 1001K, capacity 1052K, committed 1152K, reserved 1048576K
}

Deoptimization events (10 events):
Event: 0.198 Thread 0x000002d9a527b000 Uncommon trap: reason=unstable_if action=reinterpret pc=0x000002d9a7070348 method=org.objectweb.asm.Frame.merge(Lorg/objectweb/asm/SymbolTable;I[II)Z @ 23
Event: 0.205 Thread 0x000002d9a527b000 Uncommon trap: reason=unstable_if action=reinterpret pc=0x000002d9a706cd74 method=sun.misc.MetaIndex.mayContain(Ljava/lang/String;)Z @ 13
Event: 0.248 Thread 0x000002d9a527b000 Uncommon trap: reason=unstable_if action=reinterpret pc=0x000002d9a70774bc method=org.objectweb.asm.MethodWriter.visitVarInsn(II)V @ 242
Event: 0.248 Thread 0x000002d9a527b000 Uncommon trap: reason=unstable_if action=reinterpret pc=0x000002d9a70994b0 method=org.objectweb.asm.Frame.accept(Lorg/objectweb/asm/MethodWriter;)V @ 39
Event: 0.249 Thread 0x000002d9a527b000 Uncommon trap: reason=unstable_if action=reinterpret pc=0x000002d9a706231c method=org.objectweb.asm.Frame.push(I)V @ 26
Event: 0.265 Thread 0x000002d9a527b000 Uncommon trap: reason=unstable_if action=reinterpret pc=0x000002d9a70d4c64 method=org.objectweb.asm.Frame.push(I)V @ 26
Event: 0.333 Thread 0x000002d9c5814000 Uncommon trap: reason=loop_limit_check action=maybe_recompile pc=0x000002d9a7040abc method=java.lang.String.indexOf([CII[CIII)I @ 79
Event: 0.344 Thread 0x000002d9c5814000 Uncommon trap: reason=unstable_if action=reinterpret pc=0x000002d9a7162ac8 method=java.lang.String.indexOf([CII[CIII)I @ 3
Event: 0.534 Thread 0x000002d9c5814000 Uncommon trap: reason=unstable_if action=reinterpret pc=0x000002d9a7166240 method=java.io.WinNTFileSystem.normalize(Ljava/lang/String;)Ljava/lang/String; @ 128
Event: 0.911 Thread 0x000002d9c5814000 Uncommon trap: reason=range_check action=make_not_entrant pc=0x000002d9a71a405c method=java.lang.String.charAt(I)C @ 27

Classes redefined (0 events):
No events

Internal exceptions (10 events):
Event: 0.231 Thread 0x000002d9a527b000 Exception <a 'java/lang/NoSuchFieldError': method resolution failed> (0x000000076e0a5fe8) thrown at [C:\jenkins\workspace\Zulu\zulu-platform-build\27969\zulu-src.git\hotspot\src\share\vm\prims\methodHandles.cpp, line 1194]
Event: 0.914 Thread 0x000002d9c5814000 Exception <a 'java/lang/ClassNotFoundException': sun/dc/DuctusRenderingEngine> (0x000000076c85c298) thrown at [C:\jenkins\workspace\Zulu\zulu-platform-build\27969\zulu-src.git\hotspot\src\share\vm\classfile\systemDictionary.cpp, line 220]
Event: 0.918 Thread 0x000002d9c5814000 Exception <a 'java/io/FileNotFoundException'> (0x000000076c86d000) thrown at [C:\jenkins\workspace\Zulu\zulu-platform-build\27969\zulu-src.git\hotspot\src\share\vm\prims\jni.cpp, line 712]
Event: 1.404 Thread 0x000002d9c797a800 Exception <a 'java/lang/InterruptedException': sleep interrupted> (0x000000076d9e58b0) thrown at [C:\jenkins\workspace\Zulu\zulu-platform-build\27969\zulu-src.git\hotspot\src\share\vm\prims\jvm.cpp, line 3374]
Event: 1.412 Thread 0x000002d9c797a800 Exception <a 'java/security/PrivilegedActionException'> (0x000000076dc842b0) thrown at [C:\jenkins\workspace\Zulu\zulu-platform-build\27969\zulu-src.git\hotspot\src\share\vm\prims\jvm.cpp, line 1514]
Event: 1.412 Thread 0x000002d9c797a800 Exception <a 'java/security/PrivilegedActionException'> (0x000000076dc85ed8) thrown at [C:\jenkins\workspace\Zulu\zulu-platform-build\27969\zulu-src.git\hotspot\src\share\vm\prims\jvm.cpp, line 1514]
Event: 1.412 Thread 0x000002d9c797a800 Exception <a 'java/security/PrivilegedActionException'> (0x000000076dc86ff8) thrown at [C:\jenkins\workspace\Zulu\zulu-platform-build\27969\zulu-src.git\hotspot\src\share\vm\prims\jvm.cpp, line 1514]
Event: 1.412 Thread 0x000002d9c797a800 Exception <a 'java/security/PrivilegedActionException'> (0x000000076dc8c220) thrown at [C:\jenkins\workspace\Zulu\zulu-platform-build\27969\zulu-src.git\hotspot\src\share\vm\prims\jvm.cpp, line 1514]
Event: 1.412 Thread 0x000002d9c797a800 Exception <a 'java/security/PrivilegedActionException'> (0x000000076dc8cf28) thrown at [C:\jenkins\workspace\Zulu\zulu-platform-build\27969\zulu-src.git\hotspot\src\share\vm\prims\jvm.cpp, line 1514]
Event: 1.412 Thread 0x000002d9c797a800 Exception <a 'java/security/PrivilegedActionException'> (0x000000076dc8db50) thrown at [C:\jenkins\workspace\Zulu\zulu-platform-build\27969\zulu-src.git\hotspot\src\share\vm\prims\jvm.cpp, line 1514]

Events (10 events):
Event: 1.414 loading class org/lwjgl/openal/ALC10
Event: 1.414 loading class org/lwjgl/openal/ALC10 done
Event: 1.418 loading class org/lwjgl/openal/ALCdevice
Event: 1.418 loading class org/lwjgl/openal/ALCdevice done
Event: 1.419 loading class org/lwjgl/openal/ALCcontext
Event: 1.419 loading class org/lwjgl/openal/ALCcontext done
Event: 1.419 loading class org/lwjgl/openal/Util
Event: 1.419 loading class org/lwjgl/openal/Util done
Event: 1.419 loading class org/lwjgl/openal/OpenALException
Event: 1.419 loading class org/lwjgl/openal/OpenALException done


Dynamic libraries:
0x00007ff715320000 - 0x00007ff715371000 	C:\Program Files\Zulu\zulu-8\bin\javaw.exe
0x00007ffd40470000 - 0x00007ffd40668000 	C:\Windows\SYSTEM32\ntdll.dll
0x00007ffd3f960000 - 0x00007ffd3fa21000 	C:\Windows\System32\KERNEL32.DLL
0x00007ffd3de80000 - 0x00007ffd3e176000 	C:\Windows\System32\KERNELBASE.dll
0x00007ffd3f780000 - 0x00007ffd3f830000 	C:\Windows\System32\ADVAPI32.dll
0x00007ffd3fd40000 - 0x00007ffd3fdde000 	C:\Windows\System32\msvcrt.dll
0x00007ffd3fb60000 - 0x00007ffd3fc00000 	C:\Windows\System32\sechost.dll
0x00007ffd3ee60000 - 0x00007ffd3ef83000 	C:\Windows\System32\RPCRT4.dll
0x00007ffd3e470000 - 0x00007ffd3e497000 	C:\Windows\System32\bcrypt.dll
0x00007ffd40190000 - 0x00007ffd4032f000 	C:\Windows\System32\USER32.dll
0x00007ffd3de50000 - 0x00007ffd3de72000 	C:\Windows\System32\win32u.dll
0x00007ffd40160000 - 0x00007ffd4018b000 	C:\Windows\System32\GDI32.dll
0x00007ffd3dbc0000 - 0x00007ffd3dcd7000 	C:\Windows\System32\gdi32full.dll
0x00007ffd3db20000 - 0x00007ffd3dbbd000 	C:\Windows\System32\msvcp_win.dll
0x00007ffd3dd50000 - 0x00007ffd3de50000 	C:\Windows\System32\ucrtbase.dll
0x00007ffd2bb80000 - 0x00007ffd2be1a000 	C:\Windows\WinSxS\amd64_microsoft.windows.common-controls_6595b64144ccf1df_6.0.19041.4355_none_60b8b9eb71f62e16\COMCTL32.dll
0x00007ffd40330000 - 0x00007ffd4035f000 	C:\Windows\System32\IMM32.DLL
0x00007ffd36df0000 - 0x00007ffd36e05000 	C:\Program Files\Zulu\zulu-8\jre\bin\vcruntime140.dll
0x00007ffd0f280000 - 0x00007ffd0f31b000 	C:\Program Files\Zulu\zulu-8\jre\bin\msvcp140.dll
0x0000000075b60000 - 0x00000000763d1000 	C:\Program Files\Zulu\zulu-8\jre\bin\server\jvm.dll
0x00007ffd3ee50000 - 0x00007ffd3ee58000 	C:\Windows\System32\PSAPI.DLL
0x00007ffd2a2e0000 - 0x00007ffd2a307000 	C:\Windows\SYSTEM32\WINMM.dll
0x00007ffd1f130000 - 0x00007ffd1f139000 	C:\Windows\SYSTEM32\WSOCK32.dll
0x00007ffd32230000 - 0x00007ffd3223a000 	C:\Windows\SYSTEM32\VERSION.dll
0x00007ffd40360000 - 0x00007ffd403cb000 	C:\Windows\System32\WS2_32.dll
0x00007ffd3c2f0000 - 0x00007ffd3c302000 	C:\Windows\SYSTEM32\kernel.appcore.dll
0x00007ffd37f70000 - 0x00007ffd37f80000 	C:\Program Files\Zulu\zulu-8\jre\bin\verify.dll
0x00007ffd228f0000 - 0x00007ffd2291b000 	C:\Program Files\Zulu\zulu-8\jre\bin\java.dll
0x00007ffd378e0000 - 0x00007ffd378f8000 	C:\Program Files\Zulu\zulu-8\jre\bin\zip.dll
0x00007ffd3f010000 - 0x00007ffd3f77c000 	C:\Windows\System32\SHELL32.dll
0x00007ffd3bb40000 - 0x00007ffd3c2de000 	C:\Windows\SYSTEM32\windows.storage.dll
0x00007ffd3fde0000 - 0x00007ffd40133000 	C:\Windows\System32\combase.dll
0x00007ffd3d3f0000 - 0x00007ffd3d41e000 	C:\Windows\SYSTEM32\Wldp.dll
0x00007ffd3fa90000 - 0x00007ffd3fb5d000 	C:\Windows\System32\OLEAUT32.dll
0x00007ffd3fc00000 - 0x00007ffd3fcad000 	C:\Windows\System32\SHCORE.dll
0x00007ffd3e910000 - 0x00007ffd3e965000 	C:\Windows\System32\shlwapi.dll
0x00007ffd3da50000 - 0x00007ffd3da74000 	C:\Windows\SYSTEM32\profapi.dll
0x00007ffd09ef0000 - 0x00007ffd0a084000 	C:\Program Files\Zulu\zulu-8\jre\bin\awt.dll
0x00007ffd3ace0000 - 0x00007ffd3ad74000 	C:\Windows\SYSTEM32\apphelp.dll
0x00007ffd3d430000 - 0x00007ffd3d448000 	C:\Windows\SYSTEM32\CRYPTSP.dll
0x00007ffd3cab0000 - 0x00007ffd3cae4000 	C:\Windows\system32\rsaenh.dll
0x00007ffd3da00000 - 0x00007ffd3da2e000 	C:\Windows\SYSTEM32\USERENV.dll
0x00007ffd3e180000 - 0x00007ffd3e202000 	C:\Windows\System32\bcryptprimitives.dll
0x00007ffd3d360000 - 0x00007ffd3d36c000 	C:\Windows\SYSTEM32\CRYPTBASE.dll
0x00007ffd377b0000 - 0x00007ffd377cc000 	C:\Program Files\Zulu\zulu-8\jre\bin\net.dll
0x00007ffd3d1d0000 - 0x00007ffd3d23a000 	C:\Windows\system32\mswsock.dll
0x00007ffd3ced0000 - 0x00007ffd3cf0b000 	C:\Windows\SYSTEM32\IPHLPAPI.DLL
0x00007ffd3f840000 - 0x00007ffd3f848000 	C:\Windows\System32\NSI.dll
0x00007ffd370c0000 - 0x00007ffd370d7000 	C:\Windows\SYSTEM32\dhcpcsvc6.DLL
0x00007ffd374a0000 - 0x00007ffd374bd000 	C:\Windows\SYSTEM32\dhcpcsvc.DLL
0x00007ffd3cf10000 - 0x00007ffd3cfda000 	C:\Windows\SYSTEM32\DNSAPI.dll
0x00007ffd35160000 - 0x00007ffd35173000 	C:\Program Files\Zulu\zulu-8\jre\bin\nio.dll
0x0000000180000000 - 0x0000000180053000 	C:\Users\penguin\Documents\new\Forever-Indev\libraries\natives\lwjgl64.dll
0x00007ffcfb540000 - 0x00007ffcfb668000 	C:\Windows\SYSTEM32\OPENGL32.dll
0x00007ffd0e700000 - 0x00007ffd0e72c000 	C:\Windows\SYSTEM32\GLU32.dll
0x00007ffd35520000 - 0x00007ffd355ce000 	C:\Windows\SYSTEM32\mscms.dll
0x00007ffd356b0000 - 0x00007ffd356c1000 	C:\Windows\SYSTEM32\ColorAdapterClient.dll
0x00007ffd3b090000 - 0x00007ffd3b12e000 	C:\Windows\system32\uxtheme.dll
0x00007ffd3eb20000 - 0x00007ffd3ec34000 	C:\Windows\System32\MSCTF.dll
0x00007ffd3f8b0000 - 0x00007ffd3f959000 	C:\Windows\System32\clbcatq.dll
0x00007ffcd64e0000 - 0x00007ffcd9184000 	C:\Windows\System32\DriverStore\FileRepository\nvltig.inf_amd64_d33e5d66e9434c3a\nvoglv64.dll
0x00007ffd3e4a0000 - 0x00007ffd3e90e000 	C:\Windows\System32\SETUPAPI.dll
0x00007ffd3e420000 - 0x00007ffd3e46e000 	C:\Windows\System32\cfgmgr32.dll
0x00007ffd3ed20000 - 0x00007ffd3ee4b000 	C:\Windows\System32\ole32.dll
0x00007ffd391a0000 - 0x00007ffd391b4000 	C:\Windows\SYSTEM32\WTSAPI32.dll
0x00007ffd3d6d0000 - 0x00007ffd3d6e2000 	C:\Windows\SYSTEM32\msasn1.dll
0x00007ffd321b0000 - 0x00007ffd321e1000 	C:\Windows\SYSTEM32\cryptnet.dll
0x00007ffd3e210000 - 0x00007ffd3e36e000 	C:\Windows\System32\CRYPT32.dll
0x00007ffd32300000 - 0x00007ffd32447000 	C:\Windows\SYSTEM32\drvstore.dll
0x00007ffd3d8a0000 - 0x00007ffd3d8d3000 	C:\Windows\SYSTEM32\devobj.dll
0x00007ffd3dce0000 - 0x00007ffd3dd49000 	C:\Windows\System32\WINTRUST.dll
0x00007ffd3cbd0000 - 0x00007ffd3cc03000 	C:\Windows\SYSTEM32\ntmarta.dll
0x00007ffd40140000 - 0x00007ffd4015d000 	C:\Windows\System32\imagehlp.dll
0x00007ffd2c160000 - 0x00007ffd2e37e000 	C:\Windows\System32\DriverStore\FileRepository\nvltig.inf_amd64_d33e5d66e9434c3a\nvgpucomp64.dll
0x00007ffd37d70000 - 0x00007ffd37dab000 	C:\Windows\SYSTEM32\dxcore.dll
0x00007ffd3b460000 - 0x00007ffd3b48f000 	C:\Windows\SYSTEM32\dwmapi.dll
0x00007ffd2e8e0000 - 0x00007ffd2e9d9000 	C:\Windows\SYSTEM32\textinputframework.dll
0x00007ffd3a9d0000 - 0x00007ffd3aac2000 	C:\Windows\System32\CoreMessaging.dll
0x00007ffd3a670000 - 0x00007ffd3a9cb000 	C:\Windows\System32\CoreUIComponents.dll
0x00007ffd39770000 - 0x00007ffd398c7000 	C:\Windows\SYSTEM32\wintypes.dll
0x00007ffd20df0000 - 0x00007ffd20e36000 	C:\Windows\SYSTEM32\icm32.dll
0x00007ffd3d490000 - 0x00007ffd3d4db000 	C:\Windows\SYSTEM32\powrprof.dll
0x00007ffd3d450000 - 0x00007ffd3d462000 	C:\Windows\SYSTEM32\UMPDC.dll
0x00007ffd3cd40000 - 0x00007ffd3cd9b000 	C:\Windows\SYSTEM32\WINSTA.dll
0x00007ffd00d80000 - 0x00007ffd00f50000 	C:\Windows\system32\d3d9.dll
0x00007ffd32240000 - 0x00007ffd322fe000 	C:\Windows\System32\DriverStore\FileRepository\nvltig.inf_amd64_d33e5d66e9434c3a\nvldumdx.dll
0x00007ffcce8f0000 - 0x00007ffcd0c9f000 	C:\Windows\System32\DriverStore\FileRepository\nvltig.inf_amd64_d33e5d66e9434c3a\nvd3dumx.dll
0x00007ffd0b1b0000 - 0x00007ffd0b268000 	C:\Windows\SYSTEM32\d3d9on12.dll
0x00007ffd3c360000 - 0x00007ffd3c455000 	C:\Windows\SYSTEM32\dxgi.dll
0x00007ffd19f30000 - 0x00007ffd19f55000 	C:\Windows\SYSTEM32\d3d12.dll
0x00007ffcfc000000 - 0x00007ffcfc1cd000 	C:\Windows\SYSTEM32\D3D12Core.dll
0x00007ffd04b30000 - 0x00007ffd04c4c000 	C:\Windows\System32\DriverStore\FileRepository\iigd_dch.inf_amd64_f0d0eb9243852f17\igd12umd64.dll
0x00007ffcc1280000 - 0x00007ffcc563f000 	C:\Windows\System32\DriverStore\FileRepository\iigd_dch.inf_amd64_f0d0eb9243852f17\igd12um64xel.dll
0x00007ffcfcd40000 - 0x00007ffcfcdd5000 	C:\Windows\System32\DriverStore\FileRepository\iigd_dch.inf_amd64_f0d0eb9243852f17\IntelControlLib.dll
0x00007ffce3750000 - 0x00007ffce3b90000 	C:\Windows\System32\DriverStore\FileRepository\iigd_dch.inf_amd64_f0d0eb9243852f17\igdgmm64.dll
0x00007ffcde4a0000 - 0x00007ffce251a000 	C:\Windows\System32\DriverStore\FileRepository\iigd_dch.inf_amd64_f0d0eb9243852f17\igc64.dll
0x00007ffd18ac0000 - 0x00007ffd18aeb000 	C:\Windows\SYSTEM32\D3DSCache.dll
0x00007ffd013a0000 - 0x00007ffd016c2000 	C:\Windows\System32\DriverStore\FileRepository\iigd_dch.inf_amd64_f0d0eb9243852f17\igd12dxva64.dll
0x00007ffcdbf90000 - 0x00007ffcdd33a000 	C:\Windows\System32\DriverStore\FileRepository\iigd_dch.inf_amd64_f0d0eb9243852f17\igddxvacommon64.dll
0x00007ffcbcc80000 - 0x00007ffcbe9ad000 	C:\Windows\System32\DriverStore\FileRepository\iigd_dch.inf_amd64_f0d0eb9243852f17\media_bin_64.dll
0x00007ffd2f1a0000 - 0x00007ffd2f1c8000 	C:\Windows\System32\DriverStore\FileRepository\iigd_dch.inf_amd64_f0d0eb9243852f17\igdinfo64.dll
0x00007ffd35990000 - 0x00007ffd35b93000 	C:\Windows\SYSTEM32\twinapi.appcore.dll
0x00007ffd3c310000 - 0x00007ffd3c333000 	C:\Windows\SYSTEM32\gpapi.dll
0x000002d9c8d60000 - 0x000002d9c8d76000 	C:\Users\penguin\Documents\new\Forever-Indev\libraries\natives\jinput-dx8_64.dll
0x00007ffd22980000 - 0x00007ffd229c5000 	C:\Windows\SYSTEM32\DINPUT8.dll
0x00007ffd2e780000 - 0x00007ffd2e8d2000 	C:\Windows\SYSTEM32\inputhost.dll
0x00007ffd38ea0000 - 0x00007ffd38f96000 	C:\Windows\SYSTEM32\PROPSYS.dll
0x00007ffd3c2e0000 - 0x00007ffd3c2ed000 	C:\Windows\SYSTEM32\HID.DLL
0x000002d9c8f30000 - 0x000002d9c8f44000 	C:\Users\penguin\Documents\new\Forever-Indev\libraries\natives\jinput-raw_64.dll
0x000002d9cc8b0000 - 0x000002d9cc914000 	C:\Users\penguin\Documents\new\Forever-Indev\libraries\natives\OpenAL64.dll
0x00007ffd2f7c0000 - 0x00007ffd2f845000 	C:\Windows\System32\MMDevApi.dll
0x00007ffd07ae0000 - 0x00007ffd07b7c000 	C:\Windows\SYSTEM32\dsound.dll
0x00007ffd0eb20000 - 0x00007ffd0eb46000 	C:\Windows\SYSTEM32\winmmbase.dll
0x00007ffd13b10000 - 0x00007ffd13c91000 	C:\Windows\SYSTEM32\AUDIOSES.DLL
0x00007ffd3b680000 - 0x00007ffd3b864000 	C:\Windows\SYSTEM32\dbghelp.dll

VM Arguments:
jvm_args: -Djava.library.path=C:\Users\penguin\Documents\new\Forever-Indev\libraries\natives -Dfile.encoding=Cp1252 
java_command: org.mcphackers.launchwrapper.Launch --username HatsuneMiku --sessionid - --gameDir minecraft_any/game --assetsDir minecraft_any/game/assets --resourcesProxyPort 11702 --skinProxy pre-b1.9-pre4
java_class_path (initial): C:\Users\penguin\Documents\new\Forever-Indev\minecraft\output;C:\Users\penguin\Documents\new\Forever-Indev\libraries\org\mcphackers\launchwrapper\1.0\launchwrapper-1.0.jar;C:\Users\penguin\Documents\new\Forever-Indev\libraries\org\ow2\asm\asm-tree\9.2\asm-tree-9.2.jar;C:\Users\penguin\Documents\new\Forever-Indev\libraries\org\ow2\asm\asm\9.2\asm-9.2.jar;C:\Users\penguin\Documents\new\Forever-Indev\libraries\org\lwjgl\lwjgl\lwjgl\2.9.4\lwjgl-2.9.4.jar;C:\Users\penguin\Documents\new\Forever-Indev\libraries\org\lwjgl\lwjgl\lwjgl_util\2.9.4\lwjgl_util-2.9.4.jar;C:\Users\penguin\Documents\new\Forever-Indev\libraries\org\json\json\20230311\json-20230311.jar;C:\Users\penguin\Documents\new\Forever-Indev\libraries\net\java\jinput\jinput\2.0.5\jinput-2.0.5.jar;C:\Users\penguin\Documents\new\Forever-Indev\libraries\net\java\jutils\jutils\1.0.0\jutils-1.0.0.jar;C:\Users\penguin\Documents\new\Forever-Indev\libraries\com\paulscode\codecjorbis\20230120\codecjorbis-20230120.jar;C:\Users\penguin\Documents\new\Forever-Indev\libraries\com\paulscode\codecwav\20101023\codecwav-20101023.jar;C:\Users\penguin\Documents\new\Forever-Indev\libraries\com\paulscode\libraryjavasound\20101123\libraryjavasound-20101123.jar;C:\Users\penguin\Documents\new\Forever-Indev\libraries\com\paulscode\librarylwjglopenal\20100824\librarylwjglopenal-20100824.jar;C:\Users\penguin\Documents\new\Forever-Indev\libraries\com\paulscode\soundsystem\20120107\soundsystem-20120107.jar;C:\Users\penguin\Documents\new\Forever-Indev\libraries\org\mcphackers\rdi\rdi\1.0\rdi-1.0.jar;C:\Users\penguin\Documents\new\Forever-Indev\minecraft\jars\deobfuscated.jar
Launcher Type: SUN_STANDARD

Environment Variables:
JAVA_HOME=C:\Program Files\Java\jdk-17
PATH=C:/Program Files/Zulu/zulu-8/bin/../jre/bin/server;C:/Program Files/Zulu/zulu-8/bin/../jre/bin;C:/Program Files/Zulu/zulu-8/bin/../jre/lib/amd64;C:\Program Files\ImageMagick-7.1.1-Q16-HDRI;C:\Windows\system32;C:\Windows\System32\Wbem;C:\Windows;C:\Windows\System32\WindowsPowerShell\v1.0\;C:\Windows\System32\OpenSSH\;C:\Program Files\Zulu\zulu-8\bin\;C:\tools\ruby33\bin;C:\ProgramData\Oracle\Java\javapath;%SystemRoot%\system32;%SystemRoot%\System32\Wbem;%SystemRoot%;%SystemRoot%\System32\WindowsPowerShell\v1.0\;%SystemRoot%\System32\OpenSSH\;C:\Program Files (x86)\VMware\VMware Workstation\bin\;C:\Program Files\Common Files\Oracle\Java\javapath;C:\Program Files (x86)\Common Files\Oracle\Java\java8path;C:\Program Files (x86)\Common Files\Oracle\Java\javapath;C:\ProgramData\chocolatey\bin;C:\Program Files\nodejs\;C:\Program Files\Git\cmd;C:\Program Files\Git LFS;C:\Program Files (x86)\Windows Kits\10\Windows Performance Toolkit\;C:\Program Files\dotnet\;C:\tools\winfetch;C:\Users\penguin\scoop\shims;C:\Users\penguin\AppData\Local\Programs\Python\Python312\Scripts\;C:\Users\penguin\AppData\Local\Programs\Python\Python312\;C:\Users\penguin\AppData\Local\Programs\Python\Launcher\;C:\Users\penguin\AppData\Local\Microsoft\WindowsApps;C:\Users\penguin\AppData\Local\Programs\Microsoft VS Code\bin;C:\Users\penguin\AppData\Roaming\npm;C:\Users\penguin\Downloads\libimobile-suite-latest_x86_64-mingw64.tar\libimobile-suite-latest_x86_64-mingw64;C:\Program Files\MongoDB\Server\7.3\bin;C:\Users\penguin\AppData\Local\GitHubDesktop\bin;C:\Users\penguin\Downloads\eclipse;
USERNAME=penguin
OS=Windows_NT
PROCESSOR_IDENTIFIER=Intel64 Family 6 Model 154 Stepping 3, GenuineIntel



---------------  S Y S T E M  ---------------

OS: Windows 10 , 64 bit Build 19041 (10.0.19041.4597)
HyperV virtualization detected

CPU:total 20 (initial active 20) (10 cores per cpu, 2 threads per core) family 6 model 154 stepping 3, cmov, cx8, fxsr, mmx, sse, sse2, sse3, ssse3, sse4.1, sse4.2, popcnt, avx, avx2, aes, clmul, erms, 3dnowpref, lzcnt, ht, tsc, tscinvbit, bmi1, bmi2, adx

Memory: 4k page, physical 16495096k(4843836k free), swap 35842192k(9496196k free)

vm_info: OpenJDK 64-Bit Server VM (25.412-b08) for windows-amd64 JRE (Zulu 8.78.0.19-CA-win64) (1.8.0_412-b08), built on Mar 28 2024 10:49:41 by "abrygin" with MS VC++ 15.9 (VS2017)

time: Mon Aug  5 22:00:13 2024
timezone: Eastern Daylight Time
elapsed time: 1.437986 seconds (0d 0h 0m 1s)

