#
# A fatal error has been detected by the Java Runtime Environment:
#
#  SIGSEGV (0xb) at pc=0x00007ff8129258af, pid=5441, tid=0x0000000000010803
#
# JRE version: Java(TM) SE Runtime Environment (8.0_231-b11) (build 1.8.0_231-b11)
# Java VM: Java HotSpot(TM) 64-Bit Server VM (25.231-b11 mixed mode bsd-amd64 compressed oops)
# Problematic frame:
# C  [libobjc.A.dylib+0x88af]  objc_release+0x1f
#
# Failed to write core dump. Core dumps have been disabled. To enable core dumping, try "ulimit -c unlimited" before starting Java again
#
# If you would like to submit a bug report, please visit:
#   http://bugreport.java.com/bugreport/crash.jsp
# The crash happened outside the Java Virtual Machine in native code.
# See problematic frame for where to report the bug.
#

---------------  T H R E A D  ---------------

Current thread (0x00007fea3a833800):  JavaThread "Minecraft main thread" [_thread_in_native, id=67587, stack(0x0000700010053000,0x0000700010153000)]

siginfo: si_signo: 11 (SIGSEGV), si_code: 1 (SEGV_MAPERR), si_addr: 0x0000770dabc56c60

Registers:
RAX=0x0000770dabc56c40, RBX=0x00007fea39ea4000, RCX=0x00007ffffffffff8, RDX=0x0000770dabc56c40
RSP=0x00007000101524b8, RBP=0x00007000101524f0, RSI=0x00007fea38e207f0, RDI=0x0000600001b56c40
R8 =0xffff8015c809ff50, R9 =0x00007fea37f600b0, R10=0x00007fea38e20970, R11=0x0000000000000018
R12=0xa3a3a3a3a3a3a3a3, R13=0x0000000000000001, R14=0x00007fea39ea4078, R15=0x0000600001b56c40
RIP=0x00007ff8129258af, EFLAGS=0x0000000000010202, ERR=0x0000000000000004
  TRAPNO=0x000000000000000e

Top of Stack: (sp=0x00007000101524b8)
0x00007000101524b8:   00007ff812929147 975f368ccdad0091
0x00007000101524c8:   00007fea39ea4078 0000600001b72160
0x00007000101524d8:   0000000129296428 00007fea39ea4000
0x00007000101524e8:   00007fea3a8339f8 0000700010152510
0x00007000101524f8:   00007ff812926520 00007fea39ea4078
0x0000700010152508:   00007ff832ca8499 0000700010152530
0x0000700010152518:   00007ff812d8e765 975f368ccdad0091
0x0000700010152528:   0000600001b72160 0000700010152570
0x0000700010152538:   00007ff813d3e471 00007ff8556ef5e0
0x0000700010152548:   0000000000000000 975f368ccdad0091
0x0000700010152558:   0000600003112400 0000600001b65560
0x0000700010152568:   00007fea3a8339f8 00007000101525a0
0x0000700010152578:   000000012eeabcce 0000000129296430
0x0000700010152588:   0000000000000000 0000700010152628
0x0000700010152598:   00007fea3a833800 0000700010152600
0x00007000101525a8:   0000000110d97667 000000076da601d0
0x00007000101525b8:   0000000110d97382 00007000101525c0
0x00007000101525c8:   0000000129296428 0000700010152628
0x00007000101525d8:   0000000129296990 0000000000000000
0x00007000101525e8:   0000000129296430 0000000000000000
0x00007000101525f8:   0000700010152620 0000700010152670
0x0000700010152608:   0000000110d872bd 000000076de0ccf0
0x0000700010152618:   0000000110d90d18 000000076de5f7b0
0x0000700010152628:   000000076da601d0 0000700010152630
0x0000700010152638:   000000012929632f 00007000101526a0
0x0000700010152648:   0000000129296990 0000000000000000
0x0000700010152658:   00000001292963a0 0000700010152620
0x0000700010152668:   0000700010152690 00007000101526f8
0x0000700010152678:   0000000110d87302 0000000000000000
0x0000700010152688:   000000076da601d0 000000076de5f7b0
0x0000700010152698:   000000076da60118 000000076de0cd90
0x00007000101526a8:   0000000000000001 000000076de0cda0 

Instructions: (pc=0x00007ff8129258af)
0x00007ff81292588f:   90 48 85 ff 74 6f 89 f8 83 e0 01 75 68 48 b9 f8
0x00007ff81292589f:   ff ff ff ff 7f 00 00 48 8b 07 48 89 c2 48 21 ca
0x00007ff8129258af:   48 8b 72 20 40 f6 c6 04 74 4c a8 01 74 67 48 ba
0x00007ff8129258bf:   00 00 00 00 00 00 80 00 48 be 00 00 00 00 00 00 

Register to memory mapping:

RAX=0x0000770dabc56c40 is an unknown value
RBX=0x00007fea39ea4000 is an unknown value
RCX=0x00007ffffffffff8 is an unknown value
RDX=0x0000770dabc56c40 is an unknown value
RSP=0x00007000101524b8 is pointing into the stack for thread: 0x00007fea3a833800
RBP=0x00007000101524f0 is pointing into the stack for thread: 0x00007fea3a833800
RSI=0x00007fea38e207f0 is an unknown value
RDI=0x0000600001b56c40 is an unknown value
R8 =0xffff8015c809ff50 is an unknown value
R9 =0x00007fea37f600b0 is an unknown value
R10=0x00007fea38e20970 is an unknown value
R11=0x0000000000000018 is an unknown value
R12=0xa3a3a3a3a3a3a3a3 is an unknown value
R13=0x0000000000000001 is an unknown value
R14=0x00007fea39ea4078 is an unknown value
R15=0x0000600001b56c40 is an unknown value


Stack: [0x0000700010053000,0x0000700010153000],  sp=0x00007000101524b8,  free space=1021k
Native frames: (J=compiled Java code, j=interpreted, Vv=VM code, C=native code)
C  [libobjc.A.dylib+0x88af]  objc_release+0x1f
C  [libobjc.A.dylib+0x9520]  objc_autoreleasePoolPop+0xeb
C  [CoreFoundation+0x3c765]  _CFAutoreleasePoolPop+0x16
C  [Foundation+0x1d471]  -[NSAutoreleasePool release]+0x85
C  [liblwjgl.dylib+0x16cce]  Java_org_lwjgl_opengl_MacOSXContextImplementation_setView+0x10e
j  org.lwjgl.opengl.MacOSXContextImplementation.setView(Ljava/nio/ByteBuffer;Ljava/nio/ByteBuffer;)V+0
j  org.lwjgl.opengl.MacOSXContextImplementation.makeCurrent(Lorg/lwjgl/opengl/PeerInfo;Ljava/nio/ByteBuffer;)V+7
j  org.lwjgl.opengl.ContextGL.makeCurrent()V+46
j  org.lwjgl.opengl.DrawableGL.makeCurrent()V+14
j  org.lwjgl.opengl.Display.makeCurrent()V+3
j  org.lwjgl.opengl.Display.makeCurrentAndSetSwapInterval()V+0
j  org.lwjgl.opengl.Display.create(Lorg/lwjgl/opengl/PixelFormat;Lorg/lwjgl/opengl/Drawable;Lorg/lwjgl/opengl/ContextAttribs;)V+108
j  org.lwjgl.opengl.Display.create(Lorg/lwjgl/opengl/PixelFormat;)V+12
j  net.minecraft.client.Minecraft.run()V+123
j  java.lang.Thread.run()V+11
v  ~StubRoutines::call_stub
V  [libjvm.dylib+0x2f0792]  JavaCalls::call_helper(JavaValue*, methodHandle*, JavaCallArguments*, Thread*)+0x6ae
V  [libjvm.dylib+0x2f0f36]  JavaCalls::call_virtual(JavaValue*, KlassHandle, Symbol*, Symbol*, JavaCallArguments*, Thread*)+0x164
V  [libjvm.dylib+0x2f10e2]  JavaCalls::call_virtual(JavaValue*, Handle, KlassHandle, Symbol*, Symbol*, Thread*)+0x4a
V  [libjvm.dylib+0x34b9d1]  thread_entry(JavaThread*, Thread*)+0x7c
V  [libjvm.dylib+0x571817]  JavaThread::thread_main_inner()+0x9b
V  [libjvm.dylib+0x572f12]  JavaThread::run()+0x1c2
V  [libjvm.dylib+0x48f0fa]  java_start(Thread*)+0xf6
C  [libsystem_pthread.dylib+0x618b]  _pthread_start+0x63
C  [libsystem_pthread.dylib+0x1ae3]  thread_start+0xf
C  0x0000000000000000

Java frames: (J=compiled Java code, j=interpreted, Vv=VM code)
j  org.lwjgl.opengl.MacOSXContextImplementation.setView(Ljava/nio/ByteBuffer;Ljava/nio/ByteBuffer;)V+0
j  org.lwjgl.opengl.MacOSXContextImplementation.makeCurrent(Lorg/lwjgl/opengl/PeerInfo;Ljava/nio/ByteBuffer;)V+7
j  org.lwjgl.opengl.ContextGL.makeCurrent()V+46
j  org.lwjgl.opengl.DrawableGL.makeCurrent()V+14
j  org.lwjgl.opengl.Display.makeCurrent()V+3
j  org.lwjgl.opengl.Display.makeCurrentAndSetSwapInterval()V+0
j  org.lwjgl.opengl.Display.create(Lorg/lwjgl/opengl/PixelFormat;Lorg/lwjgl/opengl/Drawable;Lorg/lwjgl/opengl/ContextAttribs;)V+108
j  org.lwjgl.opengl.Display.create(Lorg/lwjgl/opengl/PixelFormat;)V+12
j  net.minecraft.client.Minecraft.run()V+123
j  java.lang.Thread.run()V+11
v  ~StubRoutines::call_stub

---------------  P R O C E S S  ---------------

Java Threads: ( => current thread )
  0x00007fea3e30c000 JavaThread "Java2D Disposer" daemon [_thread_blocked, id=67863, stack(0x0000700010156000,0x0000700010256000)]
  0x00007fea42808800 JavaThread "DestroyJavaVM" [_thread_blocked, id=5891, stack(0x000070000e4f6000,0x000070000e5f6000)]
=>0x00007fea3a833800 JavaThread "Minecraft main thread" [_thread_in_native, id=67587, stack(0x0000700010053000,0x0000700010153000)]
  0x00007fea3823a800 JavaThread "Timer hack thread" daemon [_thread_blocked, id=59695, stack(0x000070000ff50000,0x0000700010050000)]
  0x00007fea3820d800 JavaThread "AWT-Shutdown" [_thread_blocked, id=35079, stack(0x000070000fb3b000,0x000070000fc3b000)]
  0x00007fea38076000 JavaThread "AppKit Thread" daemon [_thread_in_native, id=259, stack(0x00007ff7b0ebc000,0x00007ff7b16bc000)]
  0x00007fea3901d000 JavaThread "Service Thread" daemon [_thread_blocked, id=32515, stack(0x000070000f935000,0x000070000fa35000)]
  0x00007fea38059000 JavaThread "C1 CompilerThread3" daemon [_thread_blocked, id=18435, stack(0x000070000f832000,0x000070000f932000)]
  0x00007fea38058800 JavaThread "C2 CompilerThread2" daemon [_thread_in_native, id=18179, stack(0x000070000f72f000,0x000070000f82f000)]
  0x00007fea38057800 JavaThread "C2 CompilerThread1" daemon [_thread_blocked, id=19203, stack(0x000070000f62c000,0x000070000f72c000)]
  0x00007fea3b027000 JavaThread "C2 CompilerThread0" daemon [_thread_blocked, id=19459, stack(0x000070000f529000,0x000070000f629000)]
  0x00007fea3b026000 JavaThread "Signal Dispatcher" daemon [_thread_blocked, id=17667, stack(0x000070000f426000,0x000070000f526000)]
  0x00007fea3980c800 JavaThread "Finalizer" daemon [_thread_blocked, id=14595, stack(0x000070000f21d000,0x000070000f31d000)]
  0x00007fea3a80b800 JavaThread "Reference Handler" daemon [_thread_blocked, id=13827, stack(0x000070000f11a000,0x000070000f21a000)]

Other Threads:
  0x00007fea38050000 VMThread [stack: 0x000070000f017000,0x000070000f117000] [id=13315]
  0x00007fea3901d800 WatcherThread [stack: 0x000070000fa38000,0x000070000fb38000] [id=22019]

VM state:not at safepoint (normal execution)

VM Mutex/Monitor currently owned by a thread: None

heap address: 0x00000006c0000000, size: 4096 MB, Compressed Oops mode: Zero based, Oop shift amount: 3
Narrow klass base: 0x0000000000000000, Narrow klass shift: 3
Compressed class space size: 1073741824 Address: 0x00000007c0000000

Heap:
 PSYoungGen      total 76288K, used 53829K [0x000000076ab00000, 0x0000000770000000, 0x00000007c0000000)
  eden space 65536K, 82% used [0x000000076ab00000,0x000000076df91400,0x000000076eb00000)
  from space 10752K, 0% used [0x000000076f580000,0x000000076f580000,0x0000000770000000)
  to   space 10752K, 0% used [0x000000076eb00000,0x000000076eb00000,0x000000076f580000)
 ParOldGen       total 175104K, used 0K [0x00000006c0000000, 0x00000006cab00000, 0x000000076ab00000)
  object space 175104K, 0% used [0x00000006c0000000,0x00000006c0000000,0x00000006cab00000)
 Metaspace       used 8828K, capacity 9042K, committed 9344K, reserved 1056768K
  class space    used 970K, capacity 1059K, committed 1152K, reserved 1048576K

Card table byte_map: [0x000000010f201000,0x000000010fa02000] byte_map_base: 0x000000010bc01000

Marking Bits: (ParMarkBitMap*) 0x00000001106c1eb0
 Begin Bits: [0x00000001202d5000, 0x00000001242d5000)
 End Bits:   [0x00000001242d5000, 0x00000001282d5000)

Polling page: 0x000000010e8da000

CodeCache: size=245760Kb used=3460Kb max_used=3460Kb free=242299Kb
 bounds [0x0000000110d7f000, 0x00000001110ef000, 0x000000011fd7f000]
 total_blobs=1134 nmethods=755 adapters=293
 compilation: enabled

Compilation events (10 events):
Event: 0.622 Thread 0x00007fea38059000  751       3       java.io.UnixFileSystem::resolve (27 bytes)
Event: 0.622 Thread 0x00007fea38059000 nmethod 751 0x00000001110dcb50 code [0x00000001110dcd20, 0x00000001110dd318]
Event: 0.623 Thread 0x00007fea38059000  753   !   3       sun.misc.URLClassPath$JarLoader::checkResource (55 bytes)
Event: 0.623 Thread 0x00007fea38059000 nmethod 753 0x00000001110dd590 code [0x00000001110dd760, 0x00000001110dddc8]
Event: 0.624 Thread 0x00007fea38059000  754   !   3       java.util.zip.ZipFile::getInputStream (304 bytes)
Event: 0.625 Thread 0x00007fea38059000 nmethod 754 0x00000001110de110 code [0x00000001110de3c0, 0x00000001110df598]
Event: 0.625 Thread 0x00007fea38059000  756       3       java.util.zip.ZipEntry::setExtra0 (360 bytes)
Event: 0.625 Thread 0x00007fea38059000 nmethod 756 0x00000001110e0150 code [0x00000001110e0400, 0x00000001110e1108]
Event: 0.625 Thread 0x00007fea38059000  755       3       java.util.zip.ZipFile$ZipFileInputStream::<init> (41 bytes)
Event: 0.626 Thread 0x00007fea38059000 nmethod 755 0x00000001110e1710 code [0x00000001110e18a0, 0x00000001110e1c38]

GC Heap History (0 events):
No events

Deoptimization events (10 events):
Event: 0.139 Thread 0x00007fea38009000 Uncommon trap: reason=bimorphic action=maybe_recompile pc=0x0000000110ee871c method=org.mcphackers.launchwrapper.inject.InsnHelper.compareInsn(Lorg/objectweb/asm/tree/AbstractInsnNode;I[Ljava/lang/Object;)Z @ 46
Event: 0.139 Thread 0x00007fea38009000 Uncommon trap: reason=bimorphic action=maybe_recompile pc=0x0000000110ee871c method=org.mcphackers.launchwrapper.inject.InsnHelper.compareInsn(Lorg/objectweb/asm/tree/AbstractInsnNode;I[Ljava/lang/Object;)Z @ 46
Event: 0.139 Thread 0x00007fea38009000 Uncommon trap: reason=bimorphic action=maybe_recompile pc=0x0000000110ee871c method=org.mcphackers.launchwrapper.inject.InsnHelper.compareInsn(Lorg/objectweb/asm/tree/AbstractInsnNode;I[Ljava/lang/Object;)Z @ 46
Event: 0.139 Thread 0x00007fea38009000 Uncommon trap: reason=bimorphic action=maybe_recompile pc=0x0000000110ee871c method=org.mcphackers.launchwrapper.inject.InsnHelper.compareInsn(Lorg/objectweb/asm/tree/AbstractInsnNode;I[Ljava/lang/Object;)Z @ 46
Event: 0.154 Thread 0x00007fea38009000 Uncommon trap: reason=unstable_if action=reinterpret pc=0x0000000110ef954c method=org.objectweb.asm.ClassReader.readUTF8(I[C)Ljava/lang/String; @ 11
Event: 0.195 Thread 0x00007fea38009000 Uncommon trap: reason=unstable_if action=reinterpret pc=0x0000000110f02bd0 method=org.objectweb.asm.tree.MethodNode.getLabelNodes([Ljava/lang/Object;)[Ljava/lang/Object; @ 28
Event: 0.225 Thread 0x00007fea38009000 Uncommon trap: reason=unstable_if action=reinterpret pc=0x0000000110f9ffec method=sun.misc.MetaIndex.mayContain(Ljava/lang/String;)Z @ 13
Event: 0.499 Thread 0x00007fea3a833800 Uncommon trap: reason=unstable_if action=reinterpret pc=0x0000000110f9ca08 method=java.lang.String.indexOf([CII[CIII)I @ 3
Event: 0.546 Thread 0x00007fea3a833800 Uncommon trap: reason=unstable_if action=reinterpret pc=0x0000000110efbc0c method=org.objectweb.asm.ClassReader.readUtf(II[C)Ljava/lang/String; @ 41
Event: 0.546 Thread 0x00007fea3a833800 Uncommon trap: reason=unstable_if action=reinterpret pc=0x0000000110efdb84 method=org.objectweb.asm.ClassReader.readUtf(II[C)Ljava/lang/String; @ 41

Classes redefined (0 events):
No events

Internal exceptions (10 events):
Event: 0.027 Thread 0x00007fea38009000 Exception <a 'java/lang/NoSuchMethodError': Method sun.misc.Unsafe.defineClass(Ljava/lang/String;[BII)Ljava/lang/Class; name or signature does not match> (0x000000076ab07cb8) thrown at [/Users/java_re/workspace/8-2-build-macosx-x86_64/jdk8u231/13620/hotsp
Event: 0.027 Thread 0x00007fea38009000 Exception <a 'java/lang/NoSuchMethodError': Method sun.misc.Unsafe.prefetchRead(Ljava/lang/Object;J)V name or signature does not match> (0x000000076ab07fa0) thrown at [/Users/java_re/workspace/8-2-build-macosx-x86_64/jdk8u231/13620/hotspot/src/share/vm/pr
Event: 0.108 Thread 0x00007fea38009000 Exception <a 'java/security/PrivilegedActionException'> (0x000000076ae95fc0) thrown at [/Users/java_re/workspace/8-2-build-macosx-x86_64/jdk8u231/13620/hotspot/src/share/vm/prims/jvm.cpp, line 1502]
Event: 0.108 Thread 0x00007fea38009000 Exception <a 'java/security/PrivilegedActionException'> (0x000000076ae961d0) thrown at [/Users/java_re/workspace/8-2-build-macosx-x86_64/jdk8u231/13620/hotspot/src/share/vm/prims/jvm.cpp, line 1502]
Event: 0.109 Thread 0x00007fea38009000 Exception <a 'java/security/PrivilegedActionException'> (0x000000076ae9a828) thrown at [/Users/java_re/workspace/8-2-build-macosx-x86_64/jdk8u231/13620/hotspot/src/share/vm/prims/jvm.cpp, line 1502]
Event: 0.109 Thread 0x00007fea38009000 Exception <a 'java/security/PrivilegedActionException'> (0x000000076ae9aa38) thrown at [/Users/java_re/workspace/8-2-build-macosx-x86_64/jdk8u231/13620/hotspot/src/share/vm/prims/jvm.cpp, line 1502]
Event: 0.251 Thread 0x00007fea38009000 Exception <a 'java/lang/NoSuchFieldError': method resolution failed> (0x000000076c4a73d0) thrown at [/Users/java_re/workspace/8-2-build-macosx-x86_64/jdk8u231/13620/hotspot/src/share/vm/prims/methodHandles.cpp, line 1167]
Event: 0.252 Thread 0x00007fea38009000 Exception <a 'java/lang/NoSuchFieldError': method resolution failed> (0x000000076c4b4b40) thrown at [/Users/java_re/workspace/8-2-build-macosx-x86_64/jdk8u231/13620/hotspot/src/share/vm/prims/methodHandles.cpp, line 1167]
Event: 0.400 Thread 0x00007fea38009000 Exception <a 'java/io/FileNotFoundException'> (0x000000076c52f600) thrown at [/Users/java_re/workspace/8-2-build-macosx-x86_64/jdk8u231/13620/hotspot/src/share/vm/prims/jni.cpp, line 710]
Event: 0.400 Thread 0x00007fea38009000 Exception <a 'java/io/FileNotFoundException'> (0x000000076c530128) thrown at [/Users/java_re/workspace/8-2-build-macosx-x86_64/jdk8u231/13620/hotspot/src/share/vm/prims/jni.cpp, line 710]

Events (10 events):
Event: 0.621 loading class org/lwjgl/opengl/ContextImplementation
Event: 0.621 loading class org/lwjgl/opengl/ContextImplementation done
Event: 0.622 loading class org/lwjgl/opengl/MacOSXContextImplementation
Event: 0.622 loading class org/lwjgl/opengl/MacOSXContextImplementation done
Event: 0.622 loading class org/lwjgl/opengl/GLContext
Event: 0.622 loading class org/lwjgl/opengl/GLContext done
Event: 0.623 loading class java/lang/NumberFormatException
Event: 0.623 loading class java/lang/NumberFormatException done
Event: 0.624 loading class org/lwjgl/opengl/GLContext$CapabilitiesCacheEntry
Event: 0.624 loading class org/lwjgl/opengl/GLContext$CapabilitiesCacheEntry done


Dynamic libraries:
0x00007ff82ddb0000 	/System/Library/Frameworks/Cocoa.framework/Versions/A/Cocoa
0x00007ff8163fe000 	/System/Library/Frameworks/AppKit.framework/Versions/C/AppKit
0x00007ff81968b000 	/System/Library/Frameworks/CoreData.framework/Versions/A/CoreData
0x00007ff813d21000 	/System/Library/Frameworks/Foundation.framework/Versions/C/Foundation
0x00007ff81ff90000 	/usr/lib/libSystem.B.dylib
0x00007ff81782d000 	/System/Library/PrivateFrameworks/UIFoundation.framework/Versions/A/UIFoundation
0x00007ffb211ed000 	/System/Library/PrivateFrameworks/CollectionViewCore.framework/Versions/A/CollectionViewCore
0x00007ff827580000 	/System/Library/PrivateFrameworks/RemoteViewServices.framework/Versions/A/RemoteViewServices
0x00007ff81da65000 	/System/Library/PrivateFrameworks/XCTTargetBootstrap.framework/Versions/A/XCTTargetBootstrap
0x00007ff82297e000 	/System/Library/PrivateFrameworks/InternationalSupport.framework/Versions/A/InternationalSupport
0x00007ff8229d2000 	/System/Library/PrivateFrameworks/UserActivity.framework/Versions/A/UserActivity
0x00007ffc23cb2000 	/System/Library/PrivateFrameworks/WindowManagement.framework/Versions/A/WindowManagement
0x00007ff8139d0000 	/System/Library/Frameworks/SystemConfiguration.framework/Versions/A/SystemConfiguration
0x00007ff821cec000 	/usr/lib/libspindump.dylib
0x00007ff817a0a000 	/System/Library/Frameworks/UniformTypeIdentifiers.framework/Versions/A/UniformTypeIdentifiers
0x00007ff81ba52000 	/usr/lib/libapp_launch_measurement.dylib
0x00007ff81abde000 	/System/Library/PrivateFrameworks/CoreAnalytics.framework/Versions/A/CoreAnalytics
0x00007ff81ba55000 	/System/Library/PrivateFrameworks/CoreAutoLayout.framework/Versions/A/CoreAutoLayout
0x00007ff81d2d1000 	/System/Library/Frameworks/Metal.framework/Versions/A/Metal
0x00007ff81e26d000 	/usr/lib/liblangid.dylib
0x00007ff81da6a000 	/System/Library/PrivateFrameworks/CoreSVG.framework/Versions/A/CoreSVG
0x00007ff8183c7000 	/System/Library/PrivateFrameworks/SkyLight.framework/Versions/A/SkyLight
0x00007ff818829000 	/System/Library/Frameworks/CoreGraphics.framework/Versions/A/CoreGraphics
0x00007ff827c54000 	/System/Library/Frameworks/Accelerate.framework/Versions/A/Accelerate
0x00007ff821b4c000 	/System/Library/PrivateFrameworks/IconServices.framework/Versions/A/IconServices
0x00007ff81d2b2000 	/System/Library/Frameworks/IOSurface.framework/Versions/A/IOSurface
0x00007ff81ac0a000 	/usr/lib/libDiagnosticMessagesClient.dylib
0x00007ff81feae000 	/usr/lib/libz.1.dylib
0x00007ff82b681000 	/System/Library/Frameworks/ApplicationServices.framework/Versions/A/ApplicationServices
0x00007ff81da52000 	/System/Library/PrivateFrameworks/DFRFoundation.framework/Versions/A/DFRFoundation
0x00007ff815cac000 	/usr/lib/libicucore.A.dylib
0x00007ff823920000 	/System/Library/Frameworks/AudioToolbox.framework/Versions/A/AudioToolbox
0x00007ff82298d000 	/System/Library/PrivateFrameworks/DataDetectorsCore.framework/Versions/A/DataDetectorsCore
0x00007ff91ca4a000 	/System/Library/PrivateFrameworks/TextInput.framework/Versions/A/TextInput
0x00007ff818320000 	/usr/lib/libMobileGestalt.dylib
0x00007ff81d7b7000 	/System/Library/Frameworks/Carbon.framework/Versions/A/Frameworks/HIToolbox.framework/Versions/A/HIToolbox
0x00007ff81b3ae000 	/System/Library/Frameworks/QuartzCore.framework/Versions/A/QuartzCore
0x00007ff8158fe000 	/System/Library/Frameworks/Security.framework/Versions/A/Security
0x00007ff8275b8000 	/System/Library/Frameworks/Carbon.framework/Versions/A/Frameworks/SpeechRecognition.framework/Versions/A/SpeechRecognition
0x00007ff81b785000 	/System/Library/PrivateFrameworks/CoreUI.framework/Versions/A/CoreUI
0x00007ff8151d2000 	/System/Library/Frameworks/CoreAudio.framework/Versions/A/CoreAudio
0x00007ff81acea000 	/System/Library/Frameworks/DiskArbitration.framework/Versions/A/DiskArbitration
0x00007ff822123000 	/System/Library/PrivateFrameworks/MultitouchSupport.framework/Versions/A/MultitouchSupport
0x00007ff81831f000 	/usr/lib/libenergytrace.dylib
0x00007ff8321b5000 	/System/Library/PrivateFrameworks/RenderBox.framework/Versions/A/RenderBox
0x00007ff8162d5000 	/System/Library/Frameworks/IOKit.framework/Versions/A/IOKit
0x00007ff82798c000 	/System/Library/Frameworks/CoreServices.framework/Versions/A/CoreServices
0x00007ff81b9ea000 	/System/Library/PrivateFrameworks/PerformanceAnalysis.framework/Versions/A/PerformanceAnalysis
0x00007ffa2f47f000 	/System/Library/Frameworks/OpenGL.framework/Versions/A/OpenGL
0x00007ff81ba9e000 	/usr/lib/libxml2.2.dylib
0x00007ff81f181000 	/System/Library/PrivateFrameworks/MobileKeyBag.framework/Versions/A/MobileKeyBag
0x00007ff81291d000 	/usr/lib/libobjc.A.dylib
0x00007ff812c1f000 	/usr/lib/libc++.1.dylib
0x00007ff827908000 	/System/Library/Frameworks/Accessibility.framework/Versions/A/Accessibility
0x00007ff818fe5000 	/System/Library/Frameworks/ColorSync.framework/Versions/A/ColorSync
0x00007ff812d52000 	/System/Library/Frameworks/CoreFoundation.framework/Versions/A/CoreFoundation
0x00007ff81ddda000 	/System/Library/Frameworks/CoreImage.framework/Versions/A/CoreImage
0x00007ff814fcb000 	/System/Library/Frameworks/CoreText.framework/Versions/A/CoreText
0x00007ffb174e7000 	/System/Library/Frameworks/CoreTransferable.framework/Versions/A/CoreTransferable
0x00007ffb178ec000 	/System/Library/Frameworks/DeveloperToolsSupport.framework/Versions/A/DeveloperToolsSupport
0x00007ff81daa3000 	/System/Library/Frameworks/ImageIO.framework/Versions/A/ImageIO
0x00007ffb1bb86000 	/System/Library/Frameworks/Symbols.framework/Versions/A/Symbols
0x00007ff81ff95000 	/System/Library/PrivateFrameworks/SoftLinking.framework/Versions/A/SoftLinking
0x00007ff823390000 	/usr/lib/swift/libswiftCore.dylib
0x00007ff91960f000 	/usr/lib/swift/libswiftCoreFoundation.dylib
0x00007ff91726b000 	/usr/lib/swift/libswiftCoreGraphics.dylib
0x00007ff91964d000 	/usr/lib/swift/libswiftCoreImage.dylib
0x00007ff917272000 	/usr/lib/swift/libswiftDarwin.dylib
0x00007ff8292f8000 	/usr/lib/swift/libswiftDispatch.dylib
0x00007ff91964e000 	/usr/lib/swift/libswiftIOKit.dylib
0x00007ff92569a000 	/usr/lib/swift/libswiftMetal.dylib
0x00007ffa12ce8000 	/usr/lib/swift/libswiftOSLog.dylib
0x00007ff82baed000 	/usr/lib/swift/libswiftObjectiveC.dylib
0x00007ff929c40000 	/usr/lib/swift/libswiftQuartzCore.dylib
0x00007ff92dd49000 	/usr/lib/swift/libswiftUniformTypeIdentifiers.dylib
0x00007ff91961f000 	/usr/lib/swift/libswiftXPC.dylib
0x00007ffc2c37b000 	/usr/lib/swift/libswift_Concurrency.dylib
0x00007ff82baf1000 	/usr/lib/swift/libswiftos.dylib
0x00007ff91c9ac000 	/usr/lib/swift/libswiftsimd.dylib
0x00007ff82012f000 	/usr/lib/libcompression.dylib
0x00007ff8228be000 	/System/Library/PrivateFrameworks/TextureIO.framework/Versions/A/TextureIO
0x00007ff8217ef000 	/usr/lib/libate.dylib
0x00007ff81ff8a000 	/usr/lib/system/libcache.dylib
0x00007ff81ff46000 	/usr/lib/system/libcommonCrypto.dylib
0x00007ff81ff6e000 	/usr/lib/system/libcompiler_rt.dylib
0x00007ff81ff63000 	/usr/lib/system/libcopyfile.dylib
0x00007ff812a56000 	/usr/lib/system/libcorecrypto.dylib
0x00007ff812b4d000 	/usr/lib/system/libdispatch.dylib
0x00007ff812cf7000 	/usr/lib/system/libdyld.dylib
0x00007ff81ff80000 	/usr/lib/system/libkeymgr.dylib
0x00007ff81ff27000 	/usr/lib/system/libmacho.dylib
0x00007ff81f25c000 	/usr/lib/system/libquarantine.dylib
0x00007ff81ff7e000 	/usr/lib/system/libremovefile.dylib
0x00007ff818392000 	/usr/lib/system/libsystem_asl.dylib
0x00007ff8129f0000 	/usr/lib/system/libsystem_blocks.dylib
0x00007ff812b97000 	/usr/lib/system/libsystem_c.dylib
0x00007ff81ff76000 	/usr/lib/system/libsystem_collections.dylib
0x00007ff81e25d000 	/usr/lib/system/libsystem_configuration.dylib
0x00007ff81d289000 	/usr/lib/system/libsystem_containermanager.dylib
0x00007ff81fb7e000 	/usr/lib/system/libsystem_coreservices.dylib
0x00007ff815f4d000 	/usr/lib/system/libsystem_darwin.dylib
0x00007ffc2c6a9000 	/usr/lib/system/libsystem_darwindirectory.dylib
0x00007ff81ff81000 	/usr/lib/system/libsystem_dnssd.dylib
0x00007ffc2c6ad000 	/usr/lib/system/libsystem_eligibility.dylib
0x00007ff812b94000 	/usr/lib/system/libsystem_featureflags.dylib
0x00007ff812d27000 	/usr/lib/system/libsystem_info.dylib
0x00007ff81fec2000 	/usr/lib/system/libsystem_m.dylib
0x00007ff812b0d000 	/usr/lib/system/libsystem_malloc.dylib
0x00007ff818306000 	/usr/lib/system/libsystem_networkextension.dylib
0x00007ff816399000 	/usr/lib/system/libsystem_notify.dylib
0x00007ff81e261000 	/usr/lib/system/libsystem_sandbox.dylib
0x00007ffc2c6b0000 	/usr/lib/system/libsystem_sanitizers.dylib
0x00007ff81ff7b000 	/usr/lib/system/libsystem_secinit.dylib
0x00007ff812cb0000 	/usr/lib/system/libsystem_kernel.dylib
0x00007ff812d1c000 	/usr/lib/system/libsystem_platform.dylib
0x00007ff812ceb000 	/usr/lib/system/libsystem_pthread.dylib
0x00007ff819f35000 	/usr/lib/system/libsystem_symptoms.dylib
0x00007ff812a3c000 	/usr/lib/system/libsystem_trace.dylib
0x00007ff81ff52000 	/usr/lib/system/libunwind.dylib
0x00007ff8129f4000 	/usr/lib/system/libxpc.dylib
0x00007ff812c9a000 	/usr/lib/libc++abi.dylib
0x00007ff81ff5b000 	/usr/lib/liboah.dylib
0x00007ff821597000 	/usr/lib/liblzma.5.dylib
0x00007ff81ff92000 	/usr/lib/libfakelink.dylib
0x00007ff817f57000 	/System/Library/Frameworks/CFNetwork.framework/Versions/A/CFNetwork
0x00007ff81ffe4000 	/usr/lib/libarchive.2.dylib
0x00007ff825801000 	/System/Library/Frameworks/Combine.framework/Versions/A/Combine
0x00007ffb21202000 	/System/Library/PrivateFrameworks/CollectionsInternal.framework/Versions/A/CollectionsInternal
0x00007ffc16e99000 	/System/Library/PrivateFrameworks/ReflectionInternal.framework/Versions/A/ReflectionInternal
0x00007ffc17418000 	/System/Library/PrivateFrameworks/RuntimeInternal.framework/Versions/A/RuntimeInternal
0x00007ffc2c4b6000 	/usr/lib/swift/libswift_StringProcessing.dylib
0x00007ff816253000 	/System/Library/PrivateFrameworks/CoreServicesInternal.framework/Versions/A/CoreServicesInternal
0x00007ff81f281000 	/usr/lib/libbsm.0.dylib
0x00007ff81ff2d000 	/usr/lib/system/libkxld.dylib
0x00007ff81ba1d000 	/System/Library/Frameworks/CoreServices.framework/Versions/A/Frameworks/FSEvents.framework/Versions/A/FSEvents
0x00007ff815f58000 	/System/Library/Frameworks/CoreServices.framework/Versions/A/Frameworks/CarbonCore.framework/Versions/A/CarbonCore
0x00007ff81ac52000 	/System/Library/Frameworks/CoreServices.framework/Versions/A/Frameworks/Metadata.framework/Versions/A/Metadata
0x00007ff81fb84000 	/System/Library/Frameworks/CoreServices.framework/Versions/A/Frameworks/OSServices.framework/Versions/A/OSServices
0x00007ff82006d000 	/System/Library/Frameworks/CoreServices.framework/Versions/A/Frameworks/SearchKit.framework/Versions/A/SearchKit
0x00007ff819ebb000 	/System/Library/Frameworks/CoreServices.framework/Versions/A/Frameworks/AE.framework/Versions/A/AE
0x00007ff8131ed000 	/System/Library/Frameworks/CoreServices.framework/Versions/A/Frameworks/LaunchServices.framework/Versions/A/LaunchServices
0x00007ff821548000 	/System/Library/Frameworks/CoreServices.framework/Versions/A/Frameworks/DictionaryServices.framework/Versions/A/DictionaryServices
0x00007ff81ba2a000 	/System/Library/Frameworks/CoreServices.framework/Versions/A/Frameworks/SharedFileList.framework/Versions/A/SharedFileList
0x00007ff8200f8000 	/usr/lib/libapple_nghttp2.dylib
0x00007ff819b27000 	/usr/lib/libsqlite3.dylib
0x00007ff819f3d000 	/System/Library/Frameworks/Network.framework/Versions/A/Network
0x00007ffc2ad2b000 	/usr/lib/libCoreEntitlements.dylib
0x00007ffb32676000 	/System/Library/PrivateFrameworks/MessageSecurity.framework/Versions/A/MessageSecurity
0x00007ff819b0e000 	/System/Library/PrivateFrameworks/ProtocolBuffer.framework/Versions/A/ProtocolBuffer
0x00007ff81faa1000 	/System/Library/PrivateFrameworks/AppleFSCompression.framework/Versions/A/AppleFSCompression
0x00007ff81f269000 	/usr/lib/libcoretls.dylib
0x00007ff8215b6000 	/usr/lib/libcoretls_cfhelpers.dylib
0x00007ff820129000 	/usr/lib/libpam.2.dylib
0x00007ff82162f000 	/usr/lib/libxar.1.dylib
0x00007ff821b25000 	/usr/lib/libheimdal-asn1.dylib
0x00007ff817f56000 	/usr/lib/libnetwork.dylib
0x00007ff81ff96000 	/usr/lib/libpcap.A.dylib
0x00007ff819f2b000 	/usr/lib/libdns_services.dylib
0x00007ff81e268000 	/System/Library/PrivateFrameworks/AppleSystemInfo.framework/Versions/A/AppleSystemInfo
0x00007ff81ef82000 	/System/Library/PrivateFrameworks/IOMobileFramebuffer.framework/Versions/A/IOMobileFramebuffer
0x00007ffc2c408000 	/usr/lib/swift/libswift_RegexParser.dylib
0x00007ff81fb6f000 	/usr/lib/libbz2.1.0.dylib
0x00007ff81f25f000 	/usr/lib/libCheckFix.dylib
0x00007ff8183a9000 	/System/Library/PrivateFrameworks/TCC.framework/Versions/A/TCC
0x00007ff81e26f000 	/System/Library/PrivateFrameworks/CoreNLP.framework/Versions/A/CoreNLP
0x00007ff81ac0c000 	/System/Library/PrivateFrameworks/MetadataUtilities.framework/Versions/A/MetadataUtilities
0x00007ff81f291000 	/usr/lib/libmecab.dylib
0x00007ff813a57000 	/usr/lib/libCRFSuite.dylib
0x00007ff81f2ea000 	/usr/lib/libgermantok.dylib
0x00007ff8200d3000 	/usr/lib/libThaiTokenizer.dylib
0x00007ff81acf2000 	/System/Library/Frameworks/Accelerate.framework/Versions/A/Frameworks/vImage.framework/Versions/A/vImage
0x00007ff827962000 	/System/Library/Frameworks/Accelerate.framework/Versions/A/Frameworks/vecLib.framework/Versions/A/vecLib
0x00007ff821671000 	/System/Library/Frameworks/Accelerate.framework/Versions/A/Frameworks/vecLib.framework/Versions/A/libvMisc.dylib
0x00007ff81ed71000 	/System/Library/Frameworks/Accelerate.framework/Versions/A/Frameworks/vecLib.framework/Versions/A/libvDSP.dylib
0x00007ff8135fa000 	/System/Library/Frameworks/Accelerate.framework/Versions/A/Frameworks/vecLib.framework/Versions/A/libBLAS.dylib
0x00007ff820211000 	/System/Library/Frameworks/Accelerate.framework/Versions/A/Frameworks/vecLib.framework/Versions/A/libLAPACK.dylib
0x00007ff81f2ed000 	/System/Library/Frameworks/Accelerate.framework/Versions/A/Frameworks/vecLib.framework/Versions/A/libLinearAlgebra.dylib
0x00007ff820113000 	/System/Library/Frameworks/Accelerate.framework/Versions/A/Frameworks/vecLib.framework/Versions/A/libSparseBLAS.dylib
0x00007ff82020b000 	/System/Library/Frameworks/Accelerate.framework/Versions/A/Frameworks/vecLib.framework/Versions/A/libQuadrature.dylib
0x00007ff81e385000 	/System/Library/Frameworks/Accelerate.framework/Versions/A/Frameworks/vecLib.framework/Versions/A/libBNNS.dylib
0x00007ff813958000 	/System/Library/Frameworks/Accelerate.framework/Versions/A/Frameworks/vecLib.framework/Versions/A/libSparse.dylib
0x00007ffb30f1b000 	/System/Library/PrivateFrameworks/MIL.framework/Versions/A/MIL
0x00007ff81ffcc000 	/usr/lib/libiconv.2.dylib
0x00007ff81ff26000 	/usr/lib/libcharset.1.dylib
0x00007ff81ba01000 	/System/Library/Frameworks/OpenDirectory.framework/Versions/A/Frameworks/CFOpenDirectory.framework/Versions/A/CFOpenDirectory
0x00007ff81b9f5000 	/System/Library/Frameworks/OpenDirectory.framework/Versions/A/OpenDirectory
0x00007ff8215b8000 	/System/Library/PrivateFrameworks/APFS.framework/Versions/A/APFS
0x00007ff81f1a4000 	/System/Library/Frameworks/SecurityFoundation.framework/Versions/A/SecurityFoundation
0x00007ff82163d000 	/usr/lib/libutil.dylib
0x00007ffb2f327000 	/System/Library/PrivateFrameworks/InstalledContentLibrary.framework/Versions/A/InstalledContentLibrary
0x00007ff816295000 	/System/Library/PrivateFrameworks/CoreServicesStore.framework/Versions/A/CoreServicesStore
0x00007ffb1ee09000 	/System/Library/PrivateFrameworks/AppleMobileFileIntegrity.framework/Versions/A/AppleMobileFileIntegrity
0x00007ff9195e1000 	/usr/lib/libmis.dylib
0x00007ff92a11c000 	/System/Library/PrivateFrameworks/MobileSystemServices.framework/Versions/A/MobileSystemServices
0x00007ffa2778f000 	/System/Library/PrivateFrameworks/ConfigProfileHelper.framework/Versions/A/ConfigProfileHelper
0x00007ff8200d5000 	/System/Library/PrivateFrameworks/AppleSauce.framework/Versions/A/AppleSauce
0x00007ff814958000 	/System/Library/PrivateFrameworks/LanguageModeling.framework/Versions/A/LanguageModeling
0x00007ff821641000 	/usr/lib/libxslt.1.dylib
0x00007ff81ffd3000 	/usr/lib/libcmph.dylib
0x00007ff81ef50000 	/System/Library/PrivateFrameworks/CoreEmoji.framework/Versions/A/CoreEmoji
0x00007ff81e37f000 	/System/Library/PrivateFrameworks/LinguisticData.framework/Versions/A/LinguisticData
0x00007ff81386f000 	/System/Library/PrivateFrameworks/Lexicon.framework/Versions/A/Lexicon
0x00007ff81f22d000 	/System/Library/PrivateFrameworks/BackgroundTaskManagement.framework/Versions/A/BackgroundTaskManagement
0x00007ffc2ae9a000 	/usr/lib/libTLE.dylib
0x00007ff821fe7000 	/System/Library/PrivateFrameworks/AppleJPEG.framework/Versions/A/AppleJPEG
0x00007ff821b0a000 	/usr/lib/libexpat.1.dylib
0x00007ff822716000 	/System/Library/Frameworks/ImageIO.framework/Versions/A/Resources/libPng.dylib
0x00007ff822743000 	/System/Library/Frameworks/ImageIO.framework/Versions/A/Resources/libTIFF.dylib
0x00007ff822838000 	/System/Library/Frameworks/ImageIO.framework/Versions/A/Resources/libGIF.dylib
0x00007ff822033000 	/System/Library/Frameworks/ImageIO.framework/Versions/A/Resources/libJP2.dylib
0x00007ff8227d7000 	/System/Library/Frameworks/ImageIO.framework/Versions/A/Resources/libJPEG.dylib
0x00007ff8227ce000 	/System/Library/Frameworks/ImageIO.framework/Versions/A/Resources/libRadiance.dylib
0x00007ff81d657000 	/System/Library/PrivateFrameworks/FontServices.framework/libFontParser.dylib
0x00007ff819e58000 	/System/Library/PrivateFrameworks/RunningBoardServices.framework/Versions/A/RunningBoardServices
0x00007ff82e583000 	/System/Library/PrivateFrameworks/IOSurfaceAccelerator.framework/Versions/A/IOSurfaceAccelerator
0x00007ff822121000 	/System/Library/PrivateFrameworks/WatchdogClient.framework/Versions/A/WatchdogClient
0x00007ff814b25000 	/System/Library/Frameworks/CoreDisplay.framework/Versions/A/CoreDisplay
0x00007ff81d526000 	/System/Library/Frameworks/CoreMedia.framework/Versions/A/CoreMedia
0x00007ff81d2c8000 	/System/Library/PrivateFrameworks/IOAccelerator.framework/Versions/A/IOAccelerator
0x00007ff81bb7e000 	/System/Library/Frameworks/CoreVideo.framework/Versions/A/CoreVideo
0x00007ff820127000 	/System/Library/Frameworks/MetalPerformanceShaders.framework/Versions/A/MetalPerformanceShaders
0x00007ff822160000 	/System/Library/Frameworks/VideoToolbox.framework/Versions/A/VideoToolbox
0x00007ff81bc0b000 	/System/Library/PrivateFrameworks/UserManagement.framework/Versions/A/UserManagement
0x00007ff819d81000 	/System/Library/PrivateFrameworks/BaseBoard.framework/Versions/A/BaseBoard
0x00007ff81e267000 	/System/Library/PrivateFrameworks/AggregateDictionary.framework/Versions/A/AggregateDictionary
0x00007ffb1ec07000 	/System/Library/PrivateFrameworks/AppleKeyStore.framework/Versions/A/AppleKeyStore
0x00007ff8227c7000 	/System/Library/PrivateFrameworks/GPUWrangler.framework/Versions/A/GPUWrangler
0x00007ff8227ab000 	/System/Library/PrivateFrameworks/IOPresentment.framework/Versions/A/IOPresentment
0x00007ff8227d1000 	/System/Library/PrivateFrameworks/DSExternalDisplay.framework/Versions/A/DSExternalDisplay
0x00007ffb2b2f7000 	/System/Library/PrivateFrameworks/GPUCompiler.framework/Versions/32023/Libraries/libllvm-flatbuffers.dylib
0x00007ffa2f473000 	/System/Library/Frameworks/OpenGL.framework/Versions/A/Libraries/libCoreFSCache.dylib
0x00007ffb27ded000 	/System/Library/PrivateFrameworks/GPUCompiler.framework/Versions/32023/Libraries/libGPUCompilerUtils.dylib
0x00007ff82283e000 	/System/Library/PrivateFrameworks/CMCaptureCore.framework/Versions/A/CMCaptureCore
0x00007ffb179e8000 	/System/Library/Frameworks/ExtensionFoundation.framework/Versions/A/ExtensionFoundation
0x00007ff829b49000 	/System/Library/PrivateFrameworks/CoreTime.framework/Versions/A/CoreTime
0x00007ff821cd5000 	/System/Library/PrivateFrameworks/AppServerSupport.framework/Versions/A/AppServerSupport
0x00007ff824279000 	/System/Library/PrivateFrameworks/perfdata.framework/Versions/A/perfdata
0x00007ff814c53000 	/System/Library/PrivateFrameworks/AudioToolboxCore.framework/Versions/A/AudioToolboxCore
0x00007ff81d500000 	/System/Library/PrivateFrameworks/caulk.framework/Versions/A/caulk
0x00007ff823b11000 	/usr/lib/libAudioStatistics.dylib
0x00007ff918982000 	/System/Library/PrivateFrameworks/SystemPolicy.framework/Versions/A/SystemPolicy
0x00007ff823dd3000 	/usr/lib/libSMC.dylib
0x00007ff82dc0c000 	/System/Library/Frameworks/CoreMIDI.framework/Versions/A/CoreMIDI
0x00007ff8226dd000 	/usr/lib/libAudioToolboxUtility.dylib
0x00007ff913f86000 	/System/Library/PrivateFrameworks/OSAServicesClient.framework/Versions/A/OSAServicesClient
0x00007ff824287000 	/usr/lib/libperfcheck.dylib
0x00007ff8295f4000 	/System/Library/PrivateFrameworks/BoardServices.framework/Versions/A/BoardServices
0x00007ff8219ea000 	/System/Library/PrivateFrameworks/PlugInKit.framework/Versions/A/PlugInKit
0x00007ff81f197000 	/System/Library/PrivateFrameworks/AssertionServices.framework/Versions/A/AssertionServices
0x00007ffa1601a000 	/System/Library/PrivateFrameworks/Symbolication.framework/Versions/A/Symbolication
0x00007ffc15e3a000 	/System/Library/PrivateFrameworks/PhotosensitivityProcessing.framework/Versions/A/PhotosensitivityProcessing
0x00007ffa30a95000 	/System/Library/Frameworks/OpenCL.framework/Versions/A/OpenCL
0x00007ff821c80000 	/System/Library/PrivateFrameworks/GraphVisualizer.framework/Versions/A/GraphVisualizer
0x00007ffa2f4d0000 	/System/Library/Frameworks/OpenGL.framework/Versions/A/Libraries/libGLU.dylib
0x00007ffa2f492000 	/System/Library/Frameworks/OpenGL.framework/Versions/A/Libraries/libGFXShared.dylib
0x00007ffa2f68e000 	/System/Library/Frameworks/OpenGL.framework/Versions/A/Libraries/libGL.dylib
0x00007ffa2f49a000 	/System/Library/Frameworks/OpenGL.framework/Versions/A/Libraries/libGLImage.dylib
0x00007ffa2f48f000 	/System/Library/Frameworks/OpenGL.framework/Versions/A/Libraries/libCVMSPluginSupport.dylib
0x00007ffc2ae56000 	/usr/lib/libRosetta.dylib
0x00007ffa2f47a000 	/System/Library/Frameworks/OpenGL.framework/Versions/A/Libraries/libCoreVMClient.dylib
0x00007ffb25f25000 	/System/Library/PrivateFrameworks/FontServices.framework/Versions/A/FontServices
0x00007ff821c8f000 	/System/Library/PrivateFrameworks/OTSVG.framework/Versions/A/OTSVG
0x00007ff81b739000 	/System/Library/Frameworks/ApplicationServices.framework/Versions/A/Frameworks/ATS.framework/Versions/A/Resources/libFontRegistry.dylib
0x00007ff821ce0000 	/System/Library/PrivateFrameworks/FontServices.framework/libhvf.dylib
0x00007ffb25f26000 	/System/Library/PrivateFrameworks/FontServices.framework/libXTFontStaticRegistryData.dylib
0x00007ff81e1a6000 	/System/Library/Frameworks/MetalPerformanceShaders.framework/Versions/A/Frameworks/MPSCore.framework/Versions/A/MPSCore
0x00007ff81f9fb000 	/System/Library/Frameworks/MetalPerformanceShaders.framework/Versions/A/Frameworks/MPSImage.framework/Versions/A/MPSImage
0x00007ff81f303000 	/System/Library/Frameworks/MetalPerformanceShaders.framework/Versions/A/Frameworks/MPSNeuralNetwork.framework/Versions/A/MPSNeuralNetwork
0x00007ff81f872000 	/System/Library/Frameworks/MetalPerformanceShaders.framework/Versions/A/Frameworks/MPSMatrix.framework/Versions/A/MPSMatrix
0x00007ff81f624000 	/System/Library/Frameworks/MetalPerformanceShaders.framework/Versions/A/Frameworks/MPSRayIntersector.framework/Versions/A/MPSRayIntersector
0x00007ff81f8b1000 	/System/Library/Frameworks/MetalPerformanceShaders.framework/Versions/A/Frameworks/MPSNDArray.framework/Versions/A/MPSNDArray
0x00007ffb19103000 	/System/Library/Frameworks/MetalPerformanceShaders.framework/Versions/A/Frameworks/MPSFunctions.framework/Versions/A/MPSFunctions
0x00007ffb190e6000 	/System/Library/Frameworks/MetalPerformanceShaders.framework/Versions/A/Frameworks/MPSBenchmarkLoop.framework/Versions/A/MPSBenchmarkLoop
0x00007ff8134aa000 	/System/Library/PrivateFrameworks/MetalTools.framework/Versions/A/MetalTools
0x00007ff91dd01000 	/System/Library/PrivateFrameworks/IOAccelMemoryInfo.framework/Versions/A/IOAccelMemoryInfo
0x00007ff92a01c000 	/System/Library/PrivateFrameworks/kperf.framework/Versions/A/kperf
0x00007ff919603000 	/System/Library/PrivateFrameworks/GPURawCounter.framework/Versions/A/GPURawCounter
0x00007ff829a1e000 	/System/Library/PrivateFrameworks/CoreSymbolication.framework/Versions/A/CoreSymbolication
0x00007ff9195b3000 	/System/Library/PrivateFrameworks/MallocStackLogging.framework/Versions/A/MallocStackLogging
0x00007ff82188f000 	/System/Library/PrivateFrameworks/CrashReporterSupport.framework/Versions/A/CrashReporterSupport
0x00007ff8299df000 	/System/Library/PrivateFrameworks/DebugSymbols.framework/Versions/A/DebugSymbols
0x00007ff928a31000 	/System/Library/PrivateFrameworks/OSAnalytics.framework/Versions/A/OSAnalytics
0x00007ffc2217c000 	/System/Library/PrivateFrameworks/VideoToolboxParavirtualizationSupport.framework/Versions/A/VideoToolboxParavirtualizationSupport
0x00007ff821abc000 	/System/Library/PrivateFrameworks/AppleVA.framework/Versions/A/AppleVA
0x00007ff823b51000 	/System/Library/Frameworks/ApplicationServices.framework/Versions/A/Frameworks/ATS.framework/Versions/A/ATS
0x00007ff819191000 	/System/Library/Frameworks/ApplicationServices.framework/Versions/A/Frameworks/HIServices.framework/Versions/A/HIServices
0x00007ff82284c000 	/System/Library/Frameworks/ApplicationServices.framework/Versions/A/Frameworks/PrintCore.framework/Versions/A/PrintCore
0x00007ff823f27000 	/System/Library/Frameworks/ApplicationServices.framework/Versions/A/Frameworks/QD.framework/Versions/A/QD
0x00007ff823f20000 	/System/Library/Frameworks/ApplicationServices.framework/Versions/A/Frameworks/ColorSyncLegacy.framework/Versions/A/ColorSyncLegacy
0x00007ff823b27000 	/System/Library/Frameworks/ApplicationServices.framework/Versions/A/Frameworks/SpeechSynthesis.framework/Versions/A/SpeechSynthesis
0x00007ff822808000 	/System/Library/Frameworks/ApplicationServices.framework/Versions/A/Frameworks/ATSUI.framework/Versions/A/ATSUI
0x00007ff823eb2000 	/usr/lib/libcups.2.dylib
0x00007ff824296000 	/System/Library/Frameworks/Kerberos.framework/Versions/A/Kerberos
0x00007ff8242a5000 	/System/Library/Frameworks/GSS.framework/Versions/A/GSS
0x00007ff823bca000 	/usr/lib/libresolv.9.dylib
0x00007ff821cf2000 	/System/Library/PrivateFrameworks/Heimdal.framework/Versions/A/Heimdal
0x00007ff82ba5f000 	/System/Library/Frameworks/Kerberos.framework/Versions/A/Libraries/libHeimdalProxy.dylib
0x00007ff8242f2000 	/System/Library/PrivateFrameworks/CommonAuth.framework/Versions/A/CommonAuth
0x00007ffb1691c000 	/System/Library/Frameworks/AVFAudio.framework/Versions/A/AVFAudio
0x00007ff913fcd000 	/System/Library/PrivateFrameworks/AXCoreUtilities.framework/Versions/A/AXCoreUtilities
0x00007ffb306c4000 	/System/Library/PrivateFrameworks/IsolatedCoreAudioClient.framework/Versions/A/IsolatedCoreAudioClient
0x00007ff823a98000 	/System/Library/PrivateFrameworks/AudioSession.framework/Versions/A/AudioSession
0x00007ff8255c6000 	/System/Library/Frameworks/IOBluetooth.framework/Versions/A/IOBluetooth
0x00007ff821bca000 	/System/Library/PrivateFrameworks/MediaExperience.framework/Versions/A/MediaExperience
0x00007ff8238eb000 	/System/Library/PrivateFrameworks/AudioSession.framework/libSessionUtility.dylib
0x00007ff823f32000 	/System/Library/PrivateFrameworks/AudioResourceArbitration.framework/Versions/A/AudioResourceArbitration
0x00007ff82868a000 	/System/Library/PrivateFrameworks/PowerLog.framework/Versions/A/PowerLog
0x00007ff8285a7000 	/System/Library/Frameworks/CoreBluetooth.framework/Versions/A/CoreBluetooth
0x00007ff82ba60000 	/System/Library/Frameworks/AudioUnit.framework/Versions/A/AudioUnit
0x00007ff81f00a000 	/System/Library/PrivateFrameworks/CoreUtils.framework/Versions/A/CoreUtils
0x00007ffb2444e000 	/System/Library/PrivateFrameworks/CoreUtilsExtras.framework/Versions/A/CoreUtilsExtras
0x00007ffb2f1bb000 	/System/Library/PrivateFrameworks/IO80211.framework/Versions/A/IO80211
0x00007ff829536000 	/System/Library/PrivateFrameworks/FrontBoardServices.framework/Versions/A/FrontBoardServices
0x00007ff82b048000 	/System/Library/PrivateFrameworks/BackBoardServices.framework/Versions/A/BackBoardServices
0x00007ff821b2e000 	/System/Library/PrivateFrameworks/IconFoundation.framework/Versions/A/IconFoundation
0x00007ff8275a8000 	/System/Library/PrivateFrameworks/SpeechRecognitionCore.framework/Versions/A/SpeechRecognitionCore
0x00007ff913fe6000 	/usr/lib/libAccessibility.dylib
0x00007ff827c9d000 	/System/Library/Frameworks/MediaAccessibility.framework/Versions/A/MediaAccessibility
0x00007ffa1999a000 	/System/Library/Frameworks/OSLog.framework/Versions/A/OSLog
0x00007ff91953e000 	/System/Library/PrivateFrameworks/LoggingSupport.framework/Versions/A/LoggingSupport
0x000000010fdc5000 	/Library/Internet Plug-Ins/JavaAppletPlugin.plugin/Contents/Home/lib/server/libjvm.dylib
0x00007ff9194ec000 	/usr/lib/libstdc++.6.dylib
0x000000010e8e7000 	/Library/Internet Plug-Ins/JavaAppletPlugin.plugin/Contents/Home/lib/libverify.dylib
0x000000010ed37000 	/Library/Internet Plug-Ins/JavaAppletPlugin.plugin/Contents/Home/lib/libjava.dylib
0x000000010ed01000 	/Library/Internet Plug-Ins/JavaAppletPlugin.plugin/Contents/Home/lib/libzip.dylib
0x000000010fc70000 	/Library/Internet Plug-Ins/JavaAppletPlugin.plugin/Contents/Home/lib/libawt.dylib
0x000000012b2b2000 	/Library/Internet Plug-Ins/JavaAppletPlugin.plugin/Contents/Home/lib/libmlib_image.dylib
0x00007ffb1851c000 	/System/Library/Frameworks/JavaNativeFoundation.framework/Versions/A/JavaNativeFoundation
0x00007ffb18525000 	/System/Library/Frameworks/JavaRuntimeSupport.framework/Versions/A/JavaRuntimeSupport
0x00007ff918326000 	/System/Library/Frameworks/Carbon.framework/Versions/A/Carbon
0x00007ff82fd0d000 	/System/Library/Frameworks/Carbon.framework/Versions/A/Frameworks/CommonPanels.framework/Versions/A/CommonPanels
0x00007ff82b374000 	/System/Library/Frameworks/Carbon.framework/Versions/A/Frameworks/Help.framework/Versions/A/Help
0x00007ff82fd11000 	/System/Library/Frameworks/Carbon.framework/Versions/A/Frameworks/ImageCapture.framework/Versions/A/ImageCapture
0x00007ff82fcee000 	/System/Library/Frameworks/Carbon.framework/Versions/A/Frameworks/OpenScripting.framework/Versions/A/OpenScripting
0x00007ff82fd0c000 	/System/Library/Frameworks/Carbon.framework/Versions/A/Frameworks/Ink.framework/Versions/A/Ink
0x00007ff82fd09000 	/System/Library/Frameworks/Carbon.framework/Versions/A/Frameworks/SecurityHI.framework/Versions/A/SecurityHI
0x000000012b37e000 	/Library/Internet Plug-Ins/JavaAppletPlugin.plugin/Contents/Home/lib/libawt_lwawt.dylib
0x000000010fbe8000 	/Library/Internet Plug-Ins/JavaAppletPlugin.plugin/Contents/Home/lib/libosxapp.dylib
0x00007ff9172d9000 	/System/Library/Frameworks/ExceptionHandling.framework/Versions/A/ExceptionHandling
0x00007ff828c6c000 	/System/Library/Frameworks/FileProvider.framework/Versions/A/FileProvider
0x00007ff819ce9000 	/System/Library/Frameworks/Accounts.framework/Versions/A/Accounts
0x00007ff828e21000 	/System/Library/PrivateFrameworks/GenerationalStorage.framework/Versions/A/GenerationalStorage
0x00007ff82867f000 	/System/Library/PrivateFrameworks/SymptomDiagnosticReporter.framework/Versions/A/SymptomDiagnosticReporter
0x00007ff817a20000 	/System/Library/PrivateFrameworks/DesktopServicesPriv.framework/Versions/A/DesktopServicesPriv
0x00007ff8163a9000 	/usr/lib/libsandbox.1.dylib
0x00007ff823f15000 	/System/Library/PrivateFrameworks/NetAuth.framework/Versions/A/NetAuth
0x00007ff825271000 	/System/Library/PrivateFrameworks/Sharing.framework/Versions/A/Sharing
0x00007ff81bbd0000 	/System/Library/PrivateFrameworks/login.framework/Versions/A/Frameworks/loginsupport.framework/Versions/A/loginsupport
0x00007ff82ae9a000 	/System/Library/PrivateFrameworks/Apple80211.framework/Versions/A/Apple80211
0x00007ff81fbb1000 	/System/Library/PrivateFrameworks/AuthKit.framework/Versions/A/AuthKit
0x00007ff82ae9b000 	/System/Library/PrivateFrameworks/CoreWiFi.framework/Versions/A/CoreWiFi
0x00007ff81ef91000 	/System/Library/Frameworks/CoreWLAN.framework/Versions/A/CoreWLAN
0x00007ff919606000 	/usr/lib/swift/libswiftCoreAudio.dylib
0x00007ff91eae1000 	/usr/lib/swift/libswiftCoreLocation.dylib
0x00007ff821886000 	/usr/lib/libIOReport.dylib
0x00007ffa20555000 	/System/Library/PrivateFrameworks/WiFiPeerToPeer.framework/Versions/A/WiFiPeerToPeer
0x00007ff81fd5e000 	/System/Library/Frameworks/UserNotifications.framework/Versions/A/UserNotifications
0x00007ff824431000 	/System/Library/PrivateFrameworks/CorePhoneNumbers.framework/Versions/A/CorePhoneNumbers
0x00007ff823bf6000 	/System/Library/PrivateFrameworks/MultiverseSupport.framework/Versions/A/MultiverseSupport
0x00007ff82b2c7000 	/System/Library/PrivateFrameworks/RemoteServiceDiscovery.framework/Versions/A/RemoteServiceDiscovery
0x00007ff828799000 	/System/Library/PrivateFrameworks/DiskManagement.framework/Versions/A/DiskManagement
0x00007ff8286b2000 	/System/Library/PrivateFrameworks/AppleIDAuthSupport.framework/Versions/A/AppleIDAuthSupport
0x00007ffb1cc37000 	/System/Library/PrivateFrameworks/AAAFoundation.framework/Versions/A/AAAFoundation
0x00007ff824405000 	/System/Library/PrivateFrameworks/KeychainCircle.framework/Versions/A/KeychainCircle
0x00007ff82b2d8000 	/System/Library/PrivateFrameworks/RemoteXPC.framework/Versions/A/RemoteXPC
0x00007ff82b37c000 	/usr/lib/libcsfde.dylib
0x00007ff821a34000 	/usr/lib/libCoreStorage.dylib
0x00007ff828766000 	/System/Library/PrivateFrameworks/MediaKit.framework/Versions/A/MediaKit
0x00007ff8286be000 	/System/Library/Frameworks/DiscRecording.framework/Versions/A/DiscRecording
0x00007ff82569b000 	/System/Library/PrivateFrameworks/ProtectedCloudStorage.framework/Versions/A/ProtectedCloudStorage
0x00007ff82b378000 	/System/Library/PrivateFrameworks/EFILogin.framework/Versions/A/EFILogin
0x00007ff828e49000 	/System/Library/PrivateFrameworks/OctagonTrust.framework/Versions/A/OctagonTrust
0x00007ff81d174000 	/System/Library/Frameworks/CoreLocation.framework/Versions/A/CoreLocation
0x00007ff8258f8000 	/System/Library/PrivateFrameworks/GeoServices.framework/Versions/A/GeoServices
0x00007ff8238b7000 	/System/Library/PrivateFrameworks/LocationSupport.framework/Versions/A/LocationSupport
0x00007ffb2bf02000 	/System/Library/PrivateFrameworks/GeoServicesCore.framework/Versions/A/GeoServicesCore
0x00007ff913fc4000 	/System/Library/PrivateFrameworks/PhoneNumbers.framework/Versions/A/PhoneNumbers
0x00007ff821a2c000 	/usr/lib/libMatch.1.dylib
0x00007ff9221fb000 	/System/Library/CoreServices/RawCamera.bundle/Contents/MacOS/RawCamera
0x00007ff824302000 	/System/Library/PrivateFrameworks/MobileAsset.framework/Versions/A/MobileAsset
0x00007ffb1e979000 	/System/Library/PrivateFrameworks/AppleJPEGXL.framework/Versions/A/AppleJPEGXL
0x00007ff91f447000 	/System/Library/PrivateFrameworks/SoftwareUpdateCoreSupport.framework/Versions/A/SoftwareUpdateCoreSupport
0x00007ff926b19000 	/System/Library/PrivateFrameworks/SoftwareUpdateCoreConnect.framework/Versions/A/SoftwareUpdateCoreConnect
0x00007ff82ba7f000 	/System/Library/PrivateFrameworks/StreamingZip.framework/Versions/A/StreamingZip
0x00007ff91f0da000 	/System/Library/PrivateFrameworks/MSUDataAccessor.framework/Versions/A/MSUDataAccessor
0x00007ff91b167000 	/usr/lib/libbootpolicy.dylib
0x00007ff92df2a000 	/usr/lib/libpartition2_dynamic.dylib
0x00007ffb202b9000 	/System/Library/PrivateFrameworks/CMPhoto.framework/Versions/A/CMPhoto
0x00007ff8298b3000 	/System/Library/PrivateFrameworks/AppleVPA.framework/Versions/A/AppleVPA
0x00007ff822a3e000 	/System/Library/Frameworks/MediaToolbox.framework/Versions/A/MediaToolbox
0x00007ff828c3e000 	/System/Library/PrivateFrameworks/CoreAVCHD.framework/Versions/A/CoreAVCHD
0x00007ff828c3a000 	/System/Library/PrivateFrameworks/Mangrove.framework/Versions/A/Mangrove
0x00007ff8291d6000 	/System/Library/Frameworks/CoreTelephony.framework/Versions/A/CoreTelephony
0x00007ff82887f000 	/System/Library/PrivateFrameworks/CoreAUC.framework/Versions/A/CoreAUC
0x00007ff82443a000 	/usr/lib/libTelephonyUtilDynamic.dylib
0x00007ff91eac2000 	/System/Library/Frameworks/Accelerate.framework/Versions/A/Frameworks/vImage.framework/Versions/A/Libraries/libCGInterfaces.dylib
0x000000012da6f000 	/usr/lib/libobjc-trampolines.dylib
0x00007ffc2abdb000 	/usr/lib/libAccessibilityBaseImplementations.dylib
0x00007ffb162a1000 	/System/Library/Extensions/AMDRadeonX6000MTLDriver.bundle/Contents/MacOS/AMDRadeonX6000MTLDriver
0x00007ffa28611000 	/System/Library/Extensions/AppleIntelKBLGraphicsMTLDriver.bundle/Contents/MacOS/AppleIntelKBLGraphicsMTLDriver
0x00007ff821da8000 	/System/Library/PrivateFrameworks/login.framework/Versions/A/login
0x00007ff829706000 	/System/Library/Frameworks/LocalAuthentication.framework/Versions/A/LocalAuthentication
0x00007ffb30dda000 	/System/Library/PrivateFrameworks/LocalAuthenticationCore.framework/Versions/A/LocalAuthenticationCore
0x00007ff82974c000 	/System/Library/Frameworks/LocalAuthentication.framework/Support/SharedUtils.framework/Versions/A/SharedUtils
0x00007ff8296a4000 	/System/Library/Frameworks/CryptoTokenKit.framework/Versions/A/CryptoTokenKit
0x00007ff82e58c000 	/System/Library/PrivateFrameworks/FamilyControls.framework/Versions/A/FamilyControls
0x00007ff82e5af000 	/System/Library/PrivateFrameworks/CommerceKit.framework/Versions/A/Frameworks/CommerceCore.framework/Versions/A/CommerceCore
0x00007ff827cd3000 	/System/Library/PrivateFrameworks/SystemAdministration.framework/Versions/A/SystemAdministration
0x00007ff82567f000 	/System/Library/PrivateFrameworks/AppContainer.framework/Versions/A/AppContainer
0x00007ff825697000 	/System/Library/PrivateFrameworks/SecCodeWrapper.framework/Versions/A/SecCodeWrapper
0x00007ff827575000 	/System/Library/Frameworks/DirectoryService.framework/Versions/A/DirectoryService
0x00007ff82b1dd000 	/System/Library/PrivateFrameworks/DiskImages.framework/Versions/A/DiskImages
0x00007ff81f252000 	/System/Library/Frameworks/ServiceManagement.framework/Versions/A/ServiceManagement
0x00007ff82b408000 	/System/Library/PrivateFrameworks/LoginUIKit.framework/Versions/A/Frameworks/LoginUICore.framework/Versions/A/LoginUICore
0x00007ff821f6e000 	/usr/lib/libodfde.dylib
0x00007ff82b387000 	/usr/lib/libcurl.4.dylib
0x00007ffc2b351000 	/usr/lib/libcrypto.46.dylib
0x00007ffc2c01e000 	/usr/lib/libssl.48.dylib
0x00007ff82b06c000 	/System/Library/Frameworks/LDAP.framework/Versions/A/LDAP
0x00007ff82b0a7000 	/System/Library/PrivateFrameworks/TrustEvaluationAgent.framework/Versions/A/TrustEvaluationAgent
0x00007ff823be3000 	/usr/lib/libsasl2.2.dylib
0x00007ff81b8e5000 	/System/Library/PrivateFrameworks/ViewBridge.framework/Versions/A/ViewBridge
0x000000012ed05000 	/Library/Internet Plug-Ins/JavaAppletPlugin.plugin/Contents/Home/lib/libnio.dylib
0x000000012ed2c000 	/Library/Internet Plug-Ins/JavaAppletPlugin.plugin/Contents/Home/lib/libnet.dylib
0x000000012edab000 	/Library/Internet Plug-Ins/JavaAppletPlugin.plugin/Contents/Home/lib/libfontmanager.dylib
0x000000012ee95000 	/Users/Erik/Desktop/testingIndev/libraries/natives/liblwjgl.dylib
0x000000012ecfc000 	/Library/Internet Plug-Ins/JavaAppletPlugin.plugin/Contents/Home/lib/libjawt.dylib
0x00007ffa2f699000 	/System/Library/Frameworks/OpenGL.framework/Versions/A/Resources/GLEngine.bundle/GLEngine
0x00007ffa2f50d000 	/System/Library/Frameworks/OpenGL.framework/Versions/A/Libraries/libGLProgrammability.dylib
0x00007ffa2a4a9000 	/System/Library/Extensions/AppleIntelKBLGraphicsGLDriver.bundle/Contents/MacOS/AppleIntelKBLGraphicsGLDriver
0x00007ff926111000 	/System/Library/PrivateFrameworks/GPUSupport.framework/Versions/A/Libraries/libGPUSupportMercury.dylib
0x000000012f0d6000 	/System/Library/Extensions/AMDRadeonX6000GLDriver.bundle/Contents/MacOS/AMDRadeonX6000GLDriver
0x00007ffb16254000 	/System/Library/Extensions/AMDRadeonX6000GLDriver.bundle/Contents/MacOS/ATIRadeonX6000SCLib.dylib
0x00007ffa28c88000 	/System/Library/Extensions/AMDShared.bundle/Contents/PlugIns/libSC.dylib
0x00007ffa2f809000 	/System/Library/Frameworks/OpenGL.framework/Versions/A/Resources/GLRendererFloat.bundle/GLRendererFloat

VM Arguments:
jvm_args: -Djava.library.path=/Users/Erik/Desktop/testingIndev/libraries/natives -Dfile.encoding=UTF-8 
java_command: org.mcphackers.launchwrapper.Launch --username HatsuneMiku --sessionid - --gameDir minecraft_any/game --assetsDir minecraft_any/game/assets --resourcesProxyPort 11702 --skinProxy pre-b1.9-pre4
java_class_path (initial): /Users/Erik/Desktop/testingIndev/minecraft/output:/Users/Erik/Desktop/testingIndev/libraries/org/mcphackers/launchwrapper/1.0/launchwrapper-1.0.jar:/Users/Erik/Desktop/testingIndev/libraries/org/ow2/asm/asm-tree/9.2/asm-tree-9.2.jar:/Users/Erik/Desktop/testingIndev/libraries/org/ow2/asm/asm/9.2/asm-9.2.jar:/Users/Erik/Desktop/testingIndev/libraries/org/lwjgl/lwjgl/lwjgl/2.9.4/lwjgl-2.9.4.jar:/Users/Erik/Desktop/testingIndev/libraries/org/lwjgl/lwjgl/lwjgl_util/2.9.4/lwjgl_util-2.9.4.jar:/Users/Erik/Desktop/testingIndev/libraries/org/json/json/20230311/json-20230311.jar:/Users/Erik/Desktop/testingIndev/libraries/net/java/jinput/jinput/2.0.5/jinput-2.0.5.jar:/Users/Erik/Desktop/testingIndev/libraries/net/java/jutils/jutils/1.0.0/jutils-1.0.0.jar:/Users/Erik/Desktop/testingIndev/libraries/com/paulscode/codecjorbis/20230120/codecjorbis-20230120.jar:/Users/Erik/Desktop/testingIndev/libraries/com/paulscode/codecwav/20101023/codecwav-20101023.jar:/Users/Erik/Desktop/testingIndev/libraries/com/paulscode/libraryjavasound/20101123/libraryjavasound-20101123.jar:/Users/Erik/Desktop/testingIndev/libraries/com/paulscode/librarylwjglopenal/20100824/librarylwjglopenal-20100824.jar:/Users/Erik/Desktop/testingIndev/libraries/com/paulscode/soundsystem/20120107/soundsystem-20120107.jar:/Users/Erik/Desktop/testingIndev/libraries/org/mcphackers/rdi/rdi/1.0/rdi-1.0.jar:/Users/Erik/Desktop/testingIndev/minecraft/jars/deobfuscated.jar
Launcher Type: SUN_STANDARD

Environment Variables:
PATH=/usr/bin:/bin:/usr/sbin:/sbin
SHELL=/bin/bash
DISPLAY=/private/tmp/com.apple.launchd.i6Obw1k4jE/org.macosforge.xquartz:0

Signal Handlers:
SIGSEGV: [libjvm.dylib+0x5b7e2b], sa_mask[0]=11111111011111110111111111111111, sa_flags=SA_ONSTACK|SA_RESTART|SA_SIGINFO
SIGBUS: [libjvm.dylib+0x5b7e2b], sa_mask[0]=11111111011111110111111111111111, sa_flags=SA_RESTART|SA_SIGINFO
SIGFPE: [libjvm.dylib+0x48c6ec], sa_mask[0]=11111111011111110111111111111111, sa_flags=SA_RESTART|SA_SIGINFO
SIGPIPE: [libjvm.dylib+0x48c6ec], sa_mask[0]=11111111011111110111111111111111, sa_flags=SA_RESTART|SA_SIGINFO
SIGXFSZ: [libjvm.dylib+0x48c6ec], sa_mask[0]=11111111011111110111111111111111, sa_flags=SA_RESTART|SA_SIGINFO
SIGILL: [libjvm.dylib+0x48c6ec], sa_mask[0]=11111111011111110111111111111111, sa_flags=SA_RESTART|SA_SIGINFO
SIGUSR1: SIG_DFL, sa_mask[0]=00000000000000000000000000000000, sa_flags=none
SIGUSR2: [libjvm.dylib+0x48c20a], sa_mask[0]=00100000000000000000000000000000, sa_flags=SA_RESTART|SA_SIGINFO
SIGHUP: [libjvm.dylib+0x48a795], sa_mask[0]=11111111011111110111111111111111, sa_flags=SA_RESTART|SA_SIGINFO
SIGINT: [libjvm.dylib+0x48a795], sa_mask[0]=11111111011111110111111111111111, sa_flags=SA_RESTART|SA_SIGINFO
SIGTERM: [libjvm.dylib+0x48a795], sa_mask[0]=11111111011111110111111111111111, sa_flags=SA_RESTART|SA_SIGINFO
SIGQUIT: [libjvm.dylib+0x48a795], sa_mask[0]=11111111011111110111111111111111, sa_flags=SA_RESTART|SA_SIGINFO


---------------  S Y S T E M  ---------------

OS:Bsduname:Darwin 23.5.0 Darwin Kernel Version 23.5.0: Wed May  1 20:09:52 PDT 2024; root:xnu-10063.121.3~5/RELEASE_X86_64 x86_64
rlimit: STACK 8192k, CORE 0k, NPROC 2784, NOFILE 12544, AS infinity
load average:2.68 2.18 2.13

CPU:total 12 (initial active 12) (6 cores per cpu, 2 threads per core) family 6 model 158 stepping 10, cmov, cx8, fxsr, mmx, sse, sse2, sse3, ssse3, sse4.1, sse4.2, popcnt, avx, avx2, aes, clmul, erms, 3dnowpref, lzcnt, ht, tsc, tscinvbit, bmi1, bmi2, adx

Memory: 4k page, physical 16777216k(1204228k free)

/proc/meminfo:


vm_info: Java HotSpot(TM) 64-Bit Server VM (25.231-b11) for bsd-amd64 JRE (1.8.0_231-b11), built on Oct  5 2019 03:15:25 by "java_re" with gcc 4.2.1 (Based on Apple Inc. build 5658) (LLVM build 2336.11.00)

time: Tue Jul 30 18:00:03 2024
timezone: EDT
elapsed time: 0 seconds (0d 0h 0m 0s)

